#
# There is insufficient memory for the Java Runtime Environment to continue.
# Native memory allocation (malloc) failed to allocate 104720 bytes for Chunk::new
# Possible reasons:
#   The system is out of physical RAM or swap space
#   In 32 bit mode, the process size limit was hit
# Possible solutions:
#   Reduce memory load on the system
#   Increase physical memory or swap space
#   Check if swap backing store is full
#   Use 64 bit Java on a 64 bit OS
#   Decrease Java heap size (-Xmx/-Xms)
#   Decrease number of Java threads
#   Decrease Java thread stack sizes (-Xss)
#   Set larger code cache with -XX:ReservedCodeCacheSize=
# This output file may be truncated or incomplete.
#
#  Out of Memory Error (allocation.cpp:390), pid=10196, tid=1668
#
# JRE version: Java(TM) SE Runtime Environment (8.0_91-b15) (build 1.8.0_91-b15)
# Java VM: Java HotSpot(TM) 64-Bit Server VM (25.91-b15 mixed mode windows-amd64 compressed oops)
# Failed to write core dump. Minidumps are not enabled by default on client versions of Windows
#

---------------  T H R E A D  ---------------

Current thread (0x0000000014d47000):  JavaThread "C2 CompilerThread1" daemon [_thread_in_native, id=1668, stack(0x0000000016490000,0x0000000016590000)]

Stack: [0x0000000016490000,0x0000000016590000]
[error occurred during error reporting (printing stack bounds), id 0xc0000005]

Native frames: (J=compiled Java code, j=interpreted, Vv=VM code, C=native code)


Current CompileTask:
C2:   6293 1402   !   4       com.android.dx.cf.cst.ConstantPoolParser::parse0 (731 bytes)


---------------  P R O C E S S  ---------------

Java Threads: ( => current thread )
  0x00000000169ec000 JavaThread "pool-1-thread-4" [_thread_blocked, id=8664, stack(0x0000000017090000,0x0000000017190000)]
  0x00000000169ea800 JavaThread "pool-1-thread-3" [_thread_blocked, id=5976, stack(0x0000000016f90000,0x0000000017090000)]
  0x0000000016970800 JavaThread "pool-1-thread-2" [_thread_blocked, id=9896, stack(0x0000000016e90000,0x0000000016f90000)]
  0x0000000016902800 JavaThread "pool-2-thread-1" [_thread_blocked, id=6488, stack(0x0000000016d90000,0x0000000016e90000)]
  0x0000000016900000 JavaThread "pool-1-thread-1" [_thread_blocked, id=4456, stack(0x0000000016c90000,0x0000000016d90000)]
  0x0000000014d9c000 JavaThread "Service Thread" daemon [_thread_blocked, id=2084, stack(0x0000000016a90000,0x0000000016b90000)]
  0x0000000014d95800 JavaThread "C1 CompilerThread2" daemon [_thread_blocked, id=7500, stack(0x0000000016590000,0x0000000016690000)]
=>0x0000000014d47000 JavaThread "C2 CompilerThread1" daemon [_thread_in_native, id=1668, stack(0x0000000016490000,0x0000000016590000)]
  0x0000000014d45000 JavaThread "C2 CompilerThread0" daemon [_thread_in_native, id=3124, stack(0x0000000016390000,0x0000000016490000)]
  0x0000000014d42000 JavaThread "Attach Listener" daemon [_thread_blocked, id=6032, stack(0x0000000016290000,0x0000000016390000)]
  0x0000000014d41000 JavaThread "Signal Dispatcher" daemon [_thread_blocked, id=8032, stack(0x0000000016190000,0x0000000016290000)]
  0x0000000014d2a000 JavaThread "Finalizer" daemon [_thread_blocked, id=3292, stack(0x0000000015fa0000,0x00000000160a0000)]
  0x0000000014d09000 JavaThread "Reference Handler" daemon [_thread_blocked, id=5384, stack(0x0000000015ea0000,0x0000000015fa0000)]
  0x0000000002572800 JavaThread "main" [_thread_in_vm, id=9292, stack(0x0000000002380000,0x0000000002480000)]

Other Threads:
  0x0000000014d07800 VMThread [stack: 0x0000000015da0000,0x0000000015ea0000] [id=3432]
  0x00000000166b3000 WatcherThread [stack: 0x0000000016b90000,0x0000000016c90000] [id=476]

VM state:not at safepoint (normal execution)

VM Mutex/Monitor currently owned by a thread:  ([mutex/lock_event])
[0x000000000256c400] Heap_lock - owner thread: 0x0000000016900000

Heap:
 PSYoungGen      total 18944K, used 2802K [0x00000000eab00000, 0x00000000ed000000, 0x0000000100000000)
  eden space 16384K, 1% used [0x00000000eab00000,0x00000000eab3fc00,0x00000000ebb00000)
  from space 2560K, 99% used [0x00000000ebb00000,0x00000000ebd7ce08,0x00000000ebd80000)
  to   space 2560K, 0% used [0x00000000ecd80000,0x00000000ecd80000,0x00000000ed000000)
 ParOldGen       total 44032K, used 4229K [0x00000000c0000000, 0x00000000c2b00000, 0x00000000eab00000)
  object space 44032K, 9% used [0x00000000c0000000,0x00000000c0421700,0x00000000c2b00000)
 Metaspace       used 6099K, capacity 6960K, committed 7040K, reserved 1056768K
  class space    used 602K, capacity 616K, committed 640K, reserved 1048576K

Card table byte_map: [0x0000000011a30000,0x0000000011c40000] byte_map_base: 0x0000000011430000

Marking Bits: (ParMarkBitMap*) 0x0000000071942f70
 Begin Bits: [0x00000000121a0000, 0x00000000131a0000)
 End Bits:   [0x00000000131a0000, 0x00000000141a0000)

Polling page: 0x00000000003f0000

CodeCache: size=245760Kb used=5716Kb max_used=5716Kb free=240043Kb
 bounds [0x0000000002670000, 0x0000000002c10000, 0x0000000011670000]
 total_blobs=1669 nmethods=1400 adapters=182
 compilation: enabled

Compilation events (10 events):
Event: 5.662 Thread 0x0000000014d95800 1397       3       com.android.dx.cf.direct.StdAttributeFactory::lineNumberTable (204 bytes)
Event: 5.666 Thread 0x0000000014d95800 nmethod 1397 0x0000000002bfa910 code [0x0000000002bfadc0, 0x0000000002bfdab8]
Event: 5.666 Thread 0x0000000014d95800 1399   !   3       com.android.dx.cf.direct.StdAttributeFactory::parseLocalVariables (274 bytes)
Event: 5.671 Thread 0x0000000014d45000 1401       4       com.android.dx.ssa.Dominators::compress (229 bytes)
Event: 5.676 Thread 0x0000000014d95800 nmethod 1399 0x0000000002c00010 code [0x0000000002c00780, 0x0000000002c05848]
Event: 5.676 Thread 0x0000000014d95800 1400       3       com.android.dx.util.LabeledList::set (45 bytes)
Event: 5.677 Thread 0x0000000014d95800 nmethod 1400 0x0000000002bf9190 code [0x0000000002bf93c0, 0x0000000002bfa128]
Event: 5.677 Thread 0x0000000014d95800 1398       3       com.android.dx.rop.cst.CstType::<init> (46 bytes)
Event: 5.677 Thread 0x0000000014d95800 nmethod 1398 0x0000000002bf8950 code [0x0000000002bf8b00, 0x0000000002bf8f98]
Event: 6.263 Thread 0x0000000014d47000 1402   !   4       com.android.dx.cf.cst.ConstantPoolParser::parse0 (731 bytes)

GC Heap History (6 events):
Event: 0.496 GC heap before
{Heap before GC invocations=1 (full 0):
 PSYoungGen      total 18944K, used 16384K [0x00000000eab00000, 0x00000000ec000000, 0x0000000100000000)
  eden space 16384K, 100% used [0x00000000eab00000,0x00000000ebb00000,0x00000000ebb00000)
  from space 2560K, 0% used [0x00000000ebd80000,0x00000000ebd80000,0x00000000ec000000)
  to   space 2560K, 0% used [0x00000000ebb00000,0x00000000ebb00000,0x00000000ebd80000)
 ParOldGen       total 44032K, used 0K [0x00000000c0000000, 0x00000000c2b00000, 0x00000000eab00000)
  object space 44032K, 0% used [0x00000000c0000000,0x00000000c0000000,0x00000000c2b00000)
 Metaspace       used 3633K, capacity 4784K, committed 5120K, reserved 1056768K
  class space    used 397K, capacity 424K, committed 512K, reserved 1048576K
Event: 0.498 GC heap after
Heap after GC invocations=1 (full 0):
 PSYoungGen      total 18944K, used 1156K [0x00000000eab00000, 0x00000000ec000000, 0x0000000100000000)
  eden space 16384K, 0% used [0x00000000eab00000,0x00000000eab00000,0x00000000ebb00000)
  from space 2560K, 45% used [0x00000000ebb00000,0x00000000ebc21240,0x00000000ebd80000)
  to   space 2560K, 0% used [0x00000000ebd80000,0x00000000ebd80000,0x00000000ec000000)
 ParOldGen       total 44032K, used 8K [0x00000000c0000000, 0x00000000c2b00000, 0x00000000eab00000)
  object space 44032K, 0% used [0x00000000c0000000,0x00000000c0002000,0x00000000c2b00000)
 Metaspace       used 3633K, capacity 4784K, committed 5120K, reserved 1056768K
  class space    used 397K, capacity 424K, committed 512K, reserved 1048576K
}
Event: 1.822 GC heap before
{Heap before GC invocations=2 (full 0):
 PSYoungGen      total 18944K, used 17540K [0x00000000eab00000, 0x00000000ec000000, 0x0000000100000000)
  eden space 16384K, 100% used [0x00000000eab00000,0x00000000ebb00000,0x00000000ebb00000)
  from space 2560K, 45% used [0x00000000ebb00000,0x00000000ebc21240,0x00000000ebd80000)
  to   space 2560K, 0% used [0x00000000ebd80000,0x00000000ebd80000,0x00000000ec000000)
 ParOldGen       total 44032K, used 8K [0x00000000c0000000, 0x00000000c2b00000, 0x00000000eab00000)
  object space 44032K, 0% used [0x00000000c0000000,0x00000000c0002000,0x00000000c2b00000)
 Metaspace       used 5909K, capacity 6832K, committed 7040K, reserved 1056768K
  class space    used 602K, capacity 616K, committed 640K, reserved 1048576K
Event: 1.836 GC heap after
Heap after GC invocations=2 (full 0):
 PSYoungGen      total 18944K, used 2538K [0x00000000eab00000, 0x00000000ec000000, 0x0000000100000000)
  eden space 16384K, 0% used [0x00000000eab00000,0x00000000eab00000,0x00000000ebb00000)
  from space 2560K, 99% used [0x00000000ebd80000,0x00000000ebffaa58,0x00000000ec000000)
  to   space 2560K, 0% used [0x00000000ebb00000,0x00000000ebb00000,0x00000000ebd80000)
 ParOldGen       total 44032K, used 2171K [0x00000000c0000000, 0x00000000c2b00000, 0x00000000eab00000)
  object space 44032K, 4% used [0x00000000c0000000,0x00000000c021ef48,0x00000000c2b00000)
 Metaspace       used 5909K, capacity 6832K, committed 7040K, reserved 1056768K
  class space    used 602K, capacity 616K, committed 640K, reserved 1048576K
}
Event: 5.680 GC heap before
{Heap before GC invocations=3 (full 0):
 PSYoungGen      total 18944K, used 18922K [0x00000000eab00000, 0x00000000ec000000, 0x0000000100000000)
  eden space 16384K, 100% used [0x00000000eab00000,0x00000000ebb00000,0x00000000ebb00000)
  from space 2560K, 99% used [0x00000000ebd80000,0x00000000ebffaa58,0x00000000ec000000)
  to   space 2560K, 0% used [0x00000000ebb00000,0x00000000ebb00000,0x00000000ebd80000)
 ParOldGen       total 44032K, used 2171K [0x00000000c0000000, 0x00000000c2b00000, 0x00000000eab00000)
  object space 44032K, 4% used [0x00000000c0000000,0x00000000c021ef48,0x00000000c2b00000)
 Metaspace       used 6099K, capacity 6960K, committed 7040K, reserved 1056768K
  class space    used 602K, capacity 616K, committed 640K, reserved 1048576K
Event: 6.259 GC heap after
Heap after GC invocations=3 (full 0):
 PSYoungGen      total 18944K, used 2547K [0x00000000eab00000, 0x00000000ed000000, 0x0000000100000000)
  eden space 16384K, 0% used [0x00000000eab00000,0x00000000eab00000,0x00000000ebb00000)
  from space 2560K, 99% used [0x00000000ebb00000,0x00000000ebd7ce08,0x00000000ebd80000)
  to   space 2560K, 0% used [0x00000000ecd80000,0x00000000ecd80000,0x00000000ed000000)
 ParOldGen       total 44032K, used 4229K [0x00000000c0000000, 0x00000000c2b00000, 0x00000000eab00000)
  object space 44032K, 9% used [0x00000000c0000000,0x00000000c0421700,0x00000000c2b00000)
 Metaspace       used 6099K, capacity 6960K, committed 7040K, reserved 1056768K
  class space    used 602K, capacity 616K, committed 640K, reserved 1048576K
}

Deoptimization events (10 events):
Event: 0.476 Thread 0x0000000002572800 Uncommon trap: reason=unstable_if action=reinterpret pc=0x00000000027c9c94 method=java.lang.String.compareTo(Ljava/lang/String;)I @ 38
Event: 1.153 Thread 0x0000000016900000 Uncommon trap: reason=unstable_if action=reinterpret pc=0x00000000028ad9bc method=java.util.HashMap.getNode(ILjava/lang/Object;)Ljava/util/HashMap$Node; @ 62
Event: 1.616 Thread 0x0000000002572800 Uncommon trap: reason=unstable_if action=reinterpret pc=0x00000000028b5a30 method=java.util.BitSet.nextSetBit(I)I @ 87
Event: 4.263 Thread 0x0000000002572800 Uncommon trap: reason=unstable_if action=reinterpret pc=0x000000000298fd1c method=com.android.dx.rop.cst.Constant.compareTo(Lcom/android/dx/rop/cst/Constant;)I @ 12
Event: 4.715 Thread 0x0000000002572800 Uncommon trap: reason=class_check action=maybe_recompile pc=0x00000000029f22a0 method=com.android.dx.rop.type.Type.equals(Ljava/lang/Object;)Z @ 8
Event: 5.633 Thread 0x00000000169ec000 Uncommon trap: reason=bimorphic action=maybe_recompile pc=0x0000000002b71450 method=com.android.dx.cf.code.BytecodeArray.parseInstruction(ILcom/android/dx/cf/code/BytecodeArray$Visitor;)I @ 2135
Event: 5.634 Thread 0x00000000169ec000 Uncommon trap: reason=bimorphic action=maybe_recompile pc=0x0000000002b71450 method=com.android.dx.cf.code.BytecodeArray.parseInstruction(ILcom/android/dx/cf/code/BytecodeArray$Visitor;)I @ 2135
Event: 5.635 Thread 0x00000000169ec000 Uncommon trap: reason=class_check action=maybe_recompile pc=0x00000000029f22a0 method=com.android.dx.rop.type.Type.equals(Ljava/lang/Object;)Z @ 8
Event: 5.637 Thread 0x00000000169ec000 Uncommon trap: reason=null_check action=make_not_entrant pc=0x00000000029f22b0 method=com.android.dx.rop.type.Type.equals(Ljava/lang/Object;)Z @ 8
Event: 5.658 Thread 0x00000000169ec000 Uncommon trap: reason=unstable_if action=reinterpret pc=0x0000000002b27094 method=com.android.dx.util.LabeledList.set(ILcom/android/dx/util/LabeledItem;)V @ 16

Internal exceptions (3 events):
Event: 0.053 Thread 0x0000000002572800 Exception <a 'java/lang/NoSuchMethodError': Method sun.misc.Unsafe.defineClass(Ljava/lang/String;[BII)Ljava/lang/Class; name or signature does not match> (0x00000000eab07cc0) thrown at [C:\re\workspace\8-2-build-windows-amd64-cygwin\jdk8u91\7017\hotspot\srÛn6d«?
Event: 0.053 Thread 0x0000000002572800 Exception <a 'java/lang/NoSuchMethodError': Method sun.misc.Unsafe.prefetchRead(Ljava/lang/Object;J)V name or signature does not match> (0x00000000eab07fa8) thrown at [C:\re\workspace\8-2-build-windows-amd64-cygwin\jdk8u91\7017\hotspot\src\share\vm\prims\j¢üÒuŒ@
Event: 5.637 Thread 0x00000000169ec000 Implicit null exception at 0x00000000029f21a2 to 0x00000000029f22a1

Events (10 events):
Event: 5.635 Thread 0x00000000169ec000 DEOPT PACKING pc=0x00000000029f22a0 sp=0x000000001718e290
Event: 5.635 Thread 0x00000000169ec000 DEOPT UNPACKING pc=0x00000000026b582a sp=0x000000001718e228 mode 2
Event: 5.637 Thread 0x00000000169ec000 Uncommon trap: trap_request=0xfffffff4 fr.pc=0x00000000029f22b0
Event: 5.637 Thread 0x00000000169ec000 DEOPT PACKING pc=0x00000000029f22b0 sp=0x000000001718e280
Event: 5.637 Thread 0x00000000169ec000 DEOPT UNPACKING pc=0x00000000026b582a sp=0x000000001718e218 mode 2
Event: 5.658 Thread 0x00000000169ec000 Uncommon trap: trap_request=0xffffff65 fr.pc=0x0000000002b27094
Event: 5.658 Thread 0x00000000169ec000 DEOPT PACKING pc=0x0000000002b27094 sp=0x000000001718e510
Event: 5.658 Thread 0x00000000169ec000 DEOPT UNPACKING pc=0x00000000026b582a sp=0x000000001718e4f8 mode 2
Event: 5.680 Executing VM operation: ParallelGCFailedAllocation
Event: 6.259 Executing VM operation: ParallelGCFailedAllocation done


Dynamic libraries:
0x00007ff611590000 - 0x00007ff6115c7000 	C:\Program Files\Java\jdk1.8.0_91\bin\java.exe
0x00007ff957f20000 - 0x00007ff9580f1000 	C:\WINDOWS\SYSTEM32\ntdll.dll
0x00007ff9579e0000 - 0x00007ff957a8c000 	C:\WINDOWS\System32\KERNEL32.DLL
0x00007ff954420000 - 0x00007ff95463d000 	C:\WINDOWS\System32\KERNELBASE.dll
0x00007ff955c10000 - 0x00007ff955cb2000 	C:\WINDOWS\System32\ADVAPI32.dll
0x00007ff955610000 - 0x00007ff9556ae000 	C:\WINDOWS\System32\msvcrt.dll
0x00007ff957c60000 - 0x00007ff957cb9000 	C:\WINDOWS\System32\sechost.dll
0x00007ff9554b0000 - 0x00007ff9555d1000 	C:\WINDOWS\System32\RPCRT4.dll
0x00007ff957db0000 - 0x00007ff957f15000 	C:\WINDOWS\System32\USER32.dll
0x00007ff9549c0000 - 0x00007ff9549de000 	C:\WINDOWS\System32\win32u.dll
0x00007ff957cc0000 - 0x00007ff957cf4000 	C:\WINDOWS\System32\GDI32.dll
0x00007ff954640000 - 0x00007ff9547c0000 	C:\WINDOWS\System32\gdi32full.dll
0x00007ff946f10000 - 0x00007ff94718a000 	C:\WINDOWS\WinSxS\amd64_microsoft.windows.common-controls_6595b64144ccf1df_6.0.14393.953_none_42151e83c686086b\COMCTL32.dll
0x00007ff955fe0000 - 0x00007ff9562a8000 	C:\WINDOWS\System32\combase.dll
0x00007ff954860000 - 0x00007ff954955000 	C:\WINDOWS\System32\ucrtbase.dll
0x00007ff955170000 - 0x00007ff9551da000 	C:\WINDOWS\System32\bcryptPrimitives.dll
0x00007ff957c30000 - 0x00007ff957c5e000 	C:\WINDOWS\System32\IMM32.DLL
0x0000000070cb0000 - 0x0000000070d82000 	C:\Program Files\Java\jdk1.8.0_91\jre\bin\msvcr100.dll
0x0000000071130000 - 0x00000000719c3000 	C:\Program Files\Java\jdk1.8.0_91\jre\bin\server\jvm.dll
0x00007ff9555e0000 - 0x00007ff9555e8000 	C:\WINDOWS\System32\PSAPI.DLL
0x00007ff942690000 - 0x00007ff942699000 	C:\WINDOWS\SYSTEM32\WSOCK32.dll
0x00007ff955ba0000 - 0x00007ff955c0a000 	C:\WINDOWS\System32\WS2_32.dll
0x00007ff952810000 - 0x00007ff952833000 	C:\WINDOWS\SYSTEM32\WINMM.dll
0x00007ff94d0f0000 - 0x00007ff94d0fa000 	C:\WINDOWS\SYSTEM32\VERSION.dll
0x00007ff9527e0000 - 0x00007ff95280b000 	C:\WINDOWS\SYSTEM32\winmmbase.dll
0x00007ff955460000 - 0x00007ff9554a2000 	C:\WINDOWS\System32\cfgmgr32.dll
0x0000000071120000 - 0x000000007112f000 	C:\Program Files\Java\jdk1.8.0_91\jre\bin\verify.dll
0x00000000710f0000 - 0x0000000071119000 	C:\Program Files\Java\jdk1.8.0_91\jre\bin\java.dll
0x00000000710d0000 - 0x00000000710e6000 	C:\Program Files\Java\jdk1.8.0_91\jre\bin\zip.dll
0x00007ff956470000 - 0x00007ff957978000 	C:\WINDOWS\System32\SHELL32.dll
0x00007ff9549e0000 - 0x00007ff9550ba000 	C:\WINDOWS\System32\windows.storage.dll
0x00007ff954390000 - 0x00007ff9543dc000 	C:\WINDOWS\System32\powrprof.dll
0x00007ff957a90000 - 0x00007ff957ae2000 	C:\WINDOWS\System32\shlwapi.dll
0x00007ff954410000 - 0x00007ff95441f000 	C:\WINDOWS\System32\kernel.appcore.dll
0x00007ff9553b0000 - 0x00007ff955459000 	C:\WINDOWS\System32\shcore.dll
0x00007ff9543f0000 - 0x00007ff954404000 	C:\WINDOWS\System32\profapi.dll

VM Arguments:
jvm_args: -Djava.awt.headless=true -Xmx1024M -Dfile.encoding=windows-1257 -Duser.country=US -Duser.language=en -Duser.variant 
java_command: com.android.dx.command.Main --dex --num-threads=4 --output C:\Users\armin\AndroidStudioProjects\android-maps-utils-master\demo\build\intermediates\pre-dexed\debug\classes_1b2f59be9ea6b057ab49c1e2802f71c2b8f07818.jar C:\Users\armin\.android\build-cache\c99295835fe0dabf330f403e5276fdf193204018\output\jars\classes.jar
java_class_path (initial): C:\Users\armin\AppData\Local\Android\sdk\build-tools\25.0.1\lib\dx.jar
Launcher Type: SUN_STANDARD

Environment Variables:
PATH=C:\ProgramData\Oracle\Java\javapath;C:\WINDOWS\system32;C:\WINDOWS;C:\WINDOWS\System32\Wbem;C:\WINDOWS\System32\WindowsPowerShell\v1.0\;C:\Program Files (x86)\GtkSharp\2.12\bin;C:\Users\armin\.dnx\bin;C:\Program Files\Microsoft DNX\Dnvm\;C:\Program Files\Microsoft SQL Server\130\Tools\Binn\;C:\Program Files\Git\cmd;C:\Program Files (x86)\NVIDIA Corporation\PhysX\Common;C:\Program Files\dotnet\;C:\Program Files\MySQL\MySQL Utilities 1.6\;C:\Program Files (x86)\QuickTime\QTSystem\;C:\Program Files\Common Files\Autodesk Shared\;C:\Program Files (x86)\Autodesk\Backburner\;C:\Program Files (x86)\Skype\Phone\;C:\Program Files (x86)\Git\cmd;C:\Users\armin\AppData\Local\Programs\Python\Python35\Scripts\;C:\Users\armin\AppData\Local\Programs\Python\Python35\;C:\Program Files (x86)\Microsoft VS Code\bin;C:\Users\armin\AppData\Local\Microsoft\WindowsApps;C:\Program Files (x86)\Heroku\bin
USERNAME=armin
OS=Windows_NT
PROCESSOR_IDENTIFIER=Intel64 Family 6 Model 58 Stepping 9, GenuineIntel



---------------  S Y S T E M  ---------------

OS: Windows 10.0 , 64 bit Build 14393 (10.0.14393.1198)

CPU:total 4 (2 cores per cpu, 2 threads per core) family 6 model 58 stepping 9, cmov, cx8, fxsr, mmx, sse, sse2, sse3, ssse3, sse4.1, sse4.2, popcnt, avx, clmul, erms, ht, tsc, tscinvbit, tscinv

Memory: 4k page, physical 4094312k(611936k free), swap 7166312k(5128k free)

vm_info: Java HotSpot(TM) 64-Bit Server VM (25.91-b15) for windows-amd64 JRE (1.8.0_91-b15), built on May 20 2016 17:43:15 by "java_re" with MS VC++ 10.0 (VS2010)

time: Sat Jun 24 15:11:45 2017
elapsed time: 6 seconds (0d 0h 0m 6s)

