#
# There is insufficient memory for the Java Runtime Environment to continue.
# Native memory allocation (malloc) failed to allocate 1367376 bytes for Chunk::new
# Possible reasons:
#   The system is out of physical RAM or swap space
#   In 32 bit mode, the process size limit was hit
# Possible solutions:
#   Reduce memory load on the system
#   Increase physical memory or swap space
#   Check if swap backing store is full
#   Use 64 bit Java on a 64 bit OS
#   Decrease Java heap size (-Xmx/-Xms)
#   Decrease number of Java threads
#   Decrease Java thread stack sizes (-Xss)
#   Set larger code cache with -XX:ReservedCodeCacheSize=
# This output file may be truncated or incomplete.
#
#  Out of Memory Error (allocation.cpp:390), pid=8676, tid=8844
#
# JRE version: Java(TM) SE Runtime Environment (8.0_91-b15) (build 1.8.0_91-b15)
# Java VM: Java HotSpot(TM) 64-Bit Server VM (25.91-b15 mixed mode windows-amd64 compressed oops)
# Failed to write core dump. Minidumps are not enabled by default on client versions of Windows
#

---------------  T H R E A D  ---------------

Current thread (0x00000000154c0000):  JavaThread "C2 CompilerThread0" daemon [_thread_in_native, id=8844, stack(0x0000000016b10000,0x0000000016c10000)]

Stack: [0x0000000016b10000,0x0000000016c10000]
[error occurred during error reporting (printing stack bounds), id 0xc0000005]

Native frames: (J=compiled Java code, j=interpreted, Vv=VM code, C=native code)


Current CompileTask:
C2:   7185 1792   !   4       com.android.dx.cf.code.BytecodeArray::parseInstruction (2764 bytes)


---------------  P R O C E S S  ---------------

Java Threads: ( => current thread )
  0x0000000017099000 JavaThread "pool-2-thread-4" [_thread_in_Java, id=10052, stack(0x0000000017810000,0x0000000017910000)]
  0x0000000017097800 JavaThread "pool-2-thread-3" [_thread_in_Java, id=8148, stack(0x0000000017710000,0x0000000017810000)]
  0x0000000017097000 JavaThread "pool-2-thread-2" [_thread_in_Java, id=8396, stack(0x0000000017610000,0x0000000017710000)]
  0x0000000017092000 JavaThread "pool-3-thread-1" [_thread_blocked, id=1636, stack(0x0000000017510000,0x0000000017610000)]
  0x0000000017085800 JavaThread "pool-2-thread-1" [_thread_in_vm, id=3268, stack(0x0000000017410000,0x0000000017510000)]
  0x0000000016e15800 JavaThread "Service Thread" daemon [_thread_blocked, id=7160, stack(0x0000000017210000,0x0000000017310000)]
  0x000000001551e000 JavaThread "C1 CompilerThread2" daemon [_thread_blocked, id=9724, stack(0x0000000016d10000,0x0000000016e10000)]
  0x00000000154c2800 JavaThread "C2 CompilerThread1" daemon [_thread_in_native, id=1244, stack(0x0000000016c10000,0x0000000016d10000)]
=>0x00000000154c0000 JavaThread "C2 CompilerThread0" daemon [_thread_in_native, id=8844, stack(0x0000000016b10000,0x0000000016c10000)]
  0x00000000154bd000 JavaThread "Attach Listener" daemon [_thread_blocked, id=2988, stack(0x0000000016a10000,0x0000000016b10000)]
  0x00000000154bc000 JavaThread "Signal Dispatcher" daemon [_thread_blocked, id=9492, stack(0x0000000016910000,0x0000000016a10000)]
  0x0000000002dea000 JavaThread "Finalizer" daemon [_thread_blocked, id=3832, stack(0x0000000016720000,0x0000000016820000)]
  0x0000000002ddf800 JavaThread "Reference Handler" daemon [_thread_blocked, id=9608, stack(0x0000000016620000,0x0000000016720000)]
  0x0000000002a1d800 JavaThread "main" [_thread_in_Java, id=6900, stack(0x0000000002bf0000,0x0000000002cf0000)]

Other Threads:
  0x0000000015488800 VMThread [stack: 0x0000000016520000,0x0000000016620000] [id=10000]
  0x0000000016e22800 WatcherThread [stack: 0x0000000017310000,0x0000000017410000] [id=1936]

VM state:not at safepoint (normal execution)

VM Mutex/Monitor currently owned by a thread: None

Heap:
 PSYoungGen      total 74240K, used 26558K [0x00000000eab00000, 0x00000000f0000000, 0x0000000100000000)
  eden space 64512K, 28% used [0x00000000eab00000,0x00000000ebd09480,0x00000000eea00000)
  from space 9728K, 83% used [0x00000000ef480000,0x00000000efc66448,0x00000000efe00000)
  to   space 10752K, 0% used [0x00000000eea00000,0x00000000eea00000,0x00000000ef480000)
 ParOldGen       total 44032K, used 13654K [0x00000000c0000000, 0x00000000c2b00000, 0x00000000eab00000)
  object space 44032K, 31% used [0x00000000c0000000,0x00000000c0d558c0,0x00000000c2b00000)
 Metaspace       used 6306K, capacity 7154K, committed 7296K, reserved 1056768K
  class space    used 604K, capacity 618K, committed 640K, reserved 1048576K

Card table byte_map: [0x00000000121b0000,0x00000000123c0000] byte_map_base: 0x0000000011bb0000

Marking Bits: (ParMarkBitMap*) 0x0000000071942f70
 Begin Bits: [0x0000000012920000, 0x0000000013920000)
 End Bits:   [0x0000000013920000, 0x0000000014920000)

Polling page: 0x0000000000df0000

CodeCache: size=245760Kb used=7371Kb max_used=7371Kb free=238388Kb
 bounds [0x0000000002df0000, 0x0000000003530000, 0x0000000011df0000]
 total_blobs=2029 nmethods=1760 adapters=182
 compilation: enabled

Compilation events (10 events):
Event: 6.985 Thread 0x00000000154c0000 nmethod 1708 0x0000000003520290 code [0x0000000003520400, 0x00000000035208f8]
Event: 7.112 Thread 0x00000000154c0000 1790       4       com.android.dx.util.ByteArray::<init> (81 bytes)
Event: 7.113 Thread 0x00000000154c0000 nmethod 1790 0x00000000035166d0 code [0x0000000003516820, 0x0000000003516918]
Event: 7.115 Thread 0x000000001551e000 1791       1       com.android.dx.cf.code.ByteOps::opInfo (6 bytes)
Event: 7.115 Thread 0x00000000154c0000 1792   !   4       com.android.dx.cf.code.BytecodeArray::parseInstruction (2764 bytes)
Event: 7.116 Thread 0x000000001551e000 nmethod 1791 0x000000000351ff50 code [0x00000000035200a0, 0x00000000035201b0]
Event: 7.121 Thread 0x000000001551e000 1798       1       java.util.ArrayList::elementData (7 bytes)
Event: 7.121 Thread 0x000000001551e000 nmethod 1798 0x000000000351fc10 code [0x000000000351fd60, 0x000000000351fe90]
Event: 7.148 Thread 0x000000001551e000 1813       3       com.android.dx.ssa.back.FirstFitLocalCombiningAllocator::handleCheckCastResults (413 bytes)
Event: 7.155 Thread 0x000000001551e000 nmethod 1813 0x0000000003523e50 code [0x00000000035243e0, 0x0000000003528078]

GC Heap History (10 events):
Event: 3.779 GC heap before
{Heap before GC invocations=2 (full 0):
 PSYoungGen      total 18944K, used 17540K [0x00000000eab00000, 0x00000000ec000000, 0x0000000100000000)
  eden space 16384K, 100% used [0x00000000eab00000,0x00000000ebb00000,0x00000000ebb00000)
  from space 2560K, 45% used [0x00000000ebb00000,0x00000000ebc21240,0x00000000ebd80000)
  to   space 2560K, 0% used [0x00000000ebd80000,0x00000000ebd80000,0x00000000ec000000)
 ParOldGen       total 44032K, used 8K [0x00000000c0000000, 0x00000000c2b00000, 0x00000000eab00000)
  object space 44032K, 0% used [0x00000000c0000000,0x00000000c0002000,0x00000000c2b00000)
 Metaspace       used 5976K, capacity 6896K, committed 7040K, reserved 1056768K
  class space    used 601K, capacity 616K, committed 640K, reserved 1048576K
Event: 3.787 GC heap after
Heap after GC invocations=2 (full 0):
 PSYoungGen      total 18944K, used 2554K [0x00000000eab00000, 0x00000000ec000000, 0x0000000100000000)
  eden space 16384K, 0% used [0x00000000eab00000,0x00000000eab00000,0x00000000ebb00000)
  from space 2560K, 99% used [0x00000000ebd80000,0x00000000ebffea68,0x00000000ec000000)
  to   space 2560K, 0% used [0x00000000ebb00000,0x00000000ebb00000,0x00000000ebd80000)
 ParOldGen       total 44032K, used 2230K [0x00000000c0000000, 0x00000000c2b00000, 0x00000000eab00000)
  object space 44032K, 5% used [0x00000000c0000000,0x00000000c022d9e0,0x00000000c2b00000)
 Metaspace       used 5976K, capacity 6896K, committed 7040K, reserved 1056768K
  class space    used 601K, capacity 616K, committed 640K, reserved 1048576K
}
Event: 4.399 GC heap before
{Heap before GC invocations=3 (full 0):
 PSYoungGen      total 18944K, used 18938K [0x00000000eab00000, 0x00000000ec000000, 0x0000000100000000)
  eden space 16384K, 100% used [0x00000000eab00000,0x00000000ebb00000,0x00000000ebb00000)
  from space 2560K, 99% used [0x00000000ebd80000,0x00000000ebffea68,0x00000000ec000000)
  to   space 2560K, 0% used [0x00000000ebb00000,0x00000000ebb00000,0x00000000ebd80000)
 ParOldGen       total 44032K, used 2230K [0x00000000c0000000, 0x00000000c2b00000, 0x00000000eab00000)
  object space 44032K, 5% used [0x00000000c0000000,0x00000000c022d9e0,0x00000000c2b00000)
 Metaspace       used 6139K, capacity 7026K, committed 7296K, reserved 1056768K
  class space    used 603K, capacity 618K, committed 640K, reserved 1048576K
Event: 4.418 GC heap after
Heap after GC invocations=3 (full 0):
 PSYoungGen      total 18944K, used 2543K [0x00000000eab00000, 0x00000000ed000000, 0x0000000100000000)
  eden space 16384K, 0% used [0x00000000eab00000,0x00000000eab00000,0x00000000ebb00000)
  from space 2560K, 99% used [0x00000000ebb00000,0x00000000ebd7bca8,0x00000000ebd80000)
  to   space 2560K, 0% used [0x00000000ecd80000,0x00000000ecd80000,0x00000000ed000000)
 ParOldGen       total 44032K, used 5228K [0x00000000c0000000, 0x00000000c2b00000, 0x00000000eab00000)
  object space 44032K, 11% used [0x00000000c0000000,0x00000000c051b3c0,0x00000000c2b00000)
 Metaspace       used 6139K, capacity 7026K, committed 7296K, reserved 1056768K
  class space    used 603K, capacity 618K, committed 640K, reserved 1048576K
}
Event: 4.839 GC heap before
{Heap before GC invocations=4 (full 0):
 PSYoungGen      total 18944K, used 18927K [0x00000000eab00000, 0x00000000ed000000, 0x0000000100000000)
  eden space 16384K, 100% used [0x00000000eab00000,0x00000000ebb00000,0x00000000ebb00000)
  from space 2560K, 99% used [0x00000000ebb00000,0x00000000ebd7bca8,0x00000000ebd80000)
  to   space 2560K, 0% used [0x00000000ecd80000,0x00000000ecd80000,0x00000000ed000000)
 ParOldGen       total 44032K, used 5228K [0x00000000c0000000, 0x00000000c2b00000, 0x00000000eab00000)
  object space 44032K, 11% used [0x00000000c0000000,0x00000000c051b3c0,0x00000000c2b00000)
 Metaspace       used 6187K, capacity 7090K, committed 7296K, reserved 1056768K
  class space    used 603K, capacity 618K, committed 640K, reserved 1048576K
Event: 4.868 GC heap after
Heap after GC invocations=4 (full 0):
 PSYoungGen      total 35328K, used 2559K [0x00000000eab00000, 0x00000000ed000000, 0x0000000100000000)
  eden space 32768K, 0% used [0x00000000eab00000,0x00000000eab00000,0x00000000ecb00000)
  from space 2560K, 99% used [0x00000000ecd80000,0x00000000ecfffe60,0x00000000ed000000)
  to   space 2560K, 0% used [0x00000000ecb00000,0x00000000ecb00000,0x00000000ecd80000)
 ParOldGen       total 44032K, used 7930K [0x00000000c0000000, 0x00000000c2b00000, 0x00000000eab00000)
  object space 44032K, 18% used [0x00000000c0000000,0x00000000c07bea00,0x00000000c2b00000)
 Metaspace       used 6187K, capacity 7090K, committed 7296K, reserved 1056768K
  class space    used 603K, capacity 618K, committed 640K, reserved 1048576K
}
Event: 5.405 GC heap before
{Heap before GC invocations=5 (full 0):
 PSYoungGen      total 35328K, used 35327K [0x00000000eab00000, 0x00000000ed000000, 0x0000000100000000)
  eden space 32768K, 100% used [0x00000000eab00000,0x00000000ecb00000,0x00000000ecb00000)
  from space 2560K, 99% used [0x00000000ecd80000,0x00000000ecfffe60,0x00000000ed000000)
  to   space 2560K, 0% used [0x00000000ecb00000,0x00000000ecb00000,0x00000000ecd80000)
 ParOldGen       total 44032K, used 7930K [0x00000000c0000000, 0x00000000c2b00000, 0x00000000eab00000)
  object space 44032K, 18% used [0x00000000c0000000,0x00000000c07bea00,0x00000000c2b00000)
 Metaspace       used 6254K, capacity 7090K, committed 7296K, reserved 1056768K
  class space    used 603K, capacity 618K, committed 640K, reserved 1048576K
Event: 5.514 GC heap after
Heap after GC invocations=5 (full 0):
 PSYoungGen      total 35328K, used 2553K [0x00000000eab00000, 0x00000000efe00000, 0x0000000100000000)
  eden space 32768K, 0% used [0x00000000eab00000,0x00000000eab00000,0x00000000ecb00000)
  from space 2560K, 99% used [0x00000000ecb00000,0x00000000ecd7e438,0x00000000ecd80000)
  to   space 9728K, 0% used [0x00000000ef480000,0x00000000ef480000,0x00000000efe00000)
 ParOldGen       total 44032K, used 13646K [0x00000000c0000000, 0x00000000c2b00000, 0x00000000eab00000)
  object space 44032K, 30% used [0x00000000c0000000,0x00000000c0d538c0,0x00000000c2b00000)
 Metaspace       used 6254K, capacity 7090K, committed 7296K, reserved 1056768K
  class space    used 603K, capacity 618K, committed 640K, reserved 1048576K
}
Event: 6.562 GC heap before
{Heap before GC invocations=6 (full 0):
 PSYoungGen      total 35328K, used 35321K [0x00000000eab00000, 0x00000000efe00000, 0x0000000100000000)
  eden space 32768K, 100% used [0x00000000eab00000,0x00000000ecb00000,0x00000000ecb00000)
  from space 2560K, 99% used [0x00000000ecb00000,0x00000000ecd7e438,0x00000000ecd80000)
  to   space 9728K, 0% used [0x00000000ef480000,0x00000000ef480000,0x00000000efe00000)
 ParOldGen       total 44032K, used 13646K [0x00000000c0000000, 0x00000000c2b00000, 0x00000000eab00000)
  object space 44032K, 30% used [0x00000000c0000000,0x00000000c0d538c0,0x00000000c2b00000)
 Metaspace       used 6294K, capacity 7154K, committed 7296K, reserved 1056768K
  class space    used 603K, capacity 618K, committed 640K, reserved 1048576K
Event: 6.764 GC heap after
Heap after GC invocations=6 (full 0):
 PSYoungGen      total 74240K, used 8089K [0x00000000eab00000, 0x00000000f0000000, 0x0000000100000000)
  eden space 64512K, 0% used [0x00000000eab00000,0x00000000eab00000,0x00000000eea00000)
  from space 9728K, 83% used [0x00000000ef480000,0x00000000efc66448,0x00000000efe00000)
  to   space 10752K, 0% used [0x00000000eea00000,0x00000000eea00000,0x00000000ef480000)
 ParOldGen       total 44032K, used 13654K [0x00000000c0000000, 0x00000000c2b00000, 0x00000000eab00000)
  object space 44032K, 31% used [0x00000000c0000000,0x00000000c0d558c0,0x00000000c2b00000)
 Metaspace       used 6294K, capacity 7154K, committed 7296K, reserved 1056768K
  class space    used 603K, capacity 618K, committed 640K, reserved 1048576K
}

Deoptimization events (10 events):
Event: 4.915 Thread 0x0000000002a1d800 Uncommon trap: reason=bimorphic action=maybe_recompile pc=0x00000000032d5720 method=java.util.HashMap.getNode(ILjava/lang/Object;)Ljava/util/HashMap$Node; @ 126
Event: 4.915 Thread 0x0000000002a1d800 Uncommon trap: reason=bimorphic action=maybe_recompile pc=0x00000000032d5720 method=java.util.HashMap.getNode(ILjava/lang/Object;)Ljava/util/HashMap$Node; @ 126
Event: 4.915 Thread 0x0000000002a1d800 Uncommon trap: reason=class_check action=maybe_recompile pc=0x00000000032c14c4 method=java.util.HashMap.putVal(ILjava/lang/Object;Ljava/lang/Object;ZZ)Ljava/lang/Object; @ 203
Event: 5.117 Thread 0x0000000002a1d800 Uncommon trap: reason=unstable_if action=reinterpret pc=0x00000000033fc294 method=com.android.dx.ssa.SCCP.simulateBranch(Lcom/android/dx/ssa/SsaInsn;)V @ 64
Event: 5.120 Thread 0x0000000002a1d800 Uncommon trap: reason=unstable_if action=reinterpret pc=0x000000000325e95c method=com.android.dx.ssa.SsaMethod.updateOneDefinition(Lcom/android/dx/ssa/SsaInsn;Lcom/android/dx/rop/code/RegisterSpec;)V @ 4
Event: 5.126 Thread 0x0000000017097800 Uncommon trap: reason=unstable_if action=reinterpret pc=0x00000000031c3fac method=com.android.dx.rop.code.RegisterSpecSet.put(Lcom/android/dx/rop/code/RegisterSpec;)V @ 77
Event: 5.127 Thread 0x0000000017097800 Uncommon trap: reason=unstable_if action=reinterpret pc=0x0000000003251c2c method=com.android.dx.rop.code.RegisterSpecSet.put(Lcom/android/dx/rop/code/RegisterSpec;)V @ 77
Event: 6.828 Thread 0x0000000017085800 Uncommon trap: reason=unstable_if action=reinterpret pc=0x00000000032ac0bc method=com.android.dx.util.IntList.binarysearch(I)I @ 105
Event: 7.114 Thread 0x0000000002a1d800 Uncommon trap: reason=bimorphic action=maybe_recompile pc=0x0000000003471184 method=com.android.dx.cf.code.BytecodeArray.parseInstruction(ILcom/android/dx/cf/code/BytecodeArray$Visitor;)I @ 1130
Event: 7.115 Thread 0x0000000002a1d800 Uncommon trap: reason=bimorphic action=maybe_recompile pc=0x0000000003471184 method=com.android.dx.cf.code.BytecodeArray.parseInstruction(ILcom/android/dx/cf/code/BytecodeArray$Visitor;)I @ 1130

Internal exceptions (2 events):
Event: 0.080 Thread 0x0000000002a1d800 Exception <a 'java/lang/NoSuchMethodError': Method sun.misc.Unsafe.defineClass(Ljava/lang/String;[BII)Ljava/lang/Class; name or signature does not match> (0x00000000eab07cc0) thrown at [C:\re\workspace\8-2-build-windows-amd64-cygwin\jdk8u91\7017\hotspot\srevoU\i´?
Event: 0.080 Thread 0x0000000002a1d800 Exception <a 'java/lang/NoSuchMethodError': Method sun.misc.Unsafe.prefetchRead(Ljava/lang/Object;J)V name or signature does not match> (0x00000000eab07fa8) thrown at [C:\re\workspace\8-2-build-windows-amd64-cygwin\jdk8u91\7017\hotspot\src\share\vm\prims\j

Events (10 events):
Event: 7.114 Thread 0x0000000002a1d800 Uncommon trap: trap_request=0xffffffc6 fr.pc=0x0000000003471184
Event: 7.115 Thread 0x0000000002a1d800 DEOPT PACKING pc=0x0000000003471184 sp=0x0000000002cee120
Event: 7.115 Thread 0x0000000002a1d800 DEOPT UNPACKING pc=0x0000000002e3582a sp=0x0000000002cee0a8 mode 2
Event: 7.115 Thread 0x0000000002a1d800 Uncommon trap: trap_request=0xffffffc6 fr.pc=0x0000000003471184
Event: 7.115 Thread 0x0000000002a1d800 DEOPT PACKING pc=0x0000000003471184 sp=0x0000000002cedf70
Event: 7.115 Thread 0x0000000002a1d800 DEOPT UNPACKING pc=0x0000000002e3582a sp=0x0000000002cedef8 mode 2
Event: 7.120 loading class com/android/dx/rop/code/RegisterSpec$1
Event: 7.120 loading class com/android/dx/rop/code/RegisterSpec$1 done
Event: 7.149 Thread 0x0000000017097000 DEOPT PACKING pc=0x00000000033962e3 sp=0x000000001770e950
Event: 7.149 Thread 0x0000000017097000 DEOPT UNPACKING pc=0x0000000002e3787f sp=0x000000001770e6a0 mode 0


Dynamic libraries:
0x00007ff611590000 - 0x00007ff6115c7000 	C:\Program Files\Java\jdk1.8.0_91\bin\java.exe
0x00007ff957f20000 - 0x00007ff9580f1000 	C:\WINDOWS\SYSTEM32\ntdll.dll
0x00007ff9579e0000 - 0x00007ff957a8c000 	C:\WINDOWS\System32\KERNEL32.DLL
0x00007ff954420000 - 0x00007ff95463d000 	C:\WINDOWS\System32\KERNELBASE.dll
0x00007ff955c10000 - 0x00007ff955cb2000 	C:\WINDOWS\System32\ADVAPI32.dll
0x00007ff955610000 - 0x00007ff9556ae000 	C:\WINDOWS\System32\msvcrt.dll
0x00007ff957c60000 - 0x00007ff957cb9000 	C:\WINDOWS\System32\sechost.dll
0x00007ff9554b0000 - 0x00007ff9555d1000 	C:\WINDOWS\System32\RPCRT4.dll
0x00007ff957db0000 - 0x00007ff957f15000 	C:\WINDOWS\System32\USER32.dll
0x00007ff9549c0000 - 0x00007ff9549de000 	C:\WINDOWS\System32\win32u.dll
0x00007ff957cc0000 - 0x00007ff957cf4000 	C:\WINDOWS\System32\GDI32.dll
0x00007ff954640000 - 0x00007ff9547c0000 	C:\WINDOWS\System32\gdi32full.dll
0x00007ff946f10000 - 0x00007ff94718a000 	C:\WINDOWS\WinSxS\amd64_microsoft.windows.common-controls_6595b64144ccf1df_6.0.14393.953_none_42151e83c686086b\COMCTL32.dll
0x00007ff955fe0000 - 0x00007ff9562a8000 	C:\WINDOWS\System32\combase.dll
0x00007ff954860000 - 0x00007ff954955000 	C:\WINDOWS\System32\ucrtbase.dll
0x00007ff955170000 - 0x00007ff9551da000 	C:\WINDOWS\System32\bcryptPrimitives.dll
0x00007ff957c30000 - 0x00007ff957c5e000 	C:\WINDOWS\System32\IMM32.DLL
0x0000000070cb0000 - 0x0000000070d82000 	C:\Program Files\Java\jdk1.8.0_91\jre\bin\msvcr100.dll
0x0000000071130000 - 0x00000000719c3000 	C:\Program Files\Java\jdk1.8.0_91\jre\bin\server\jvm.dll
0x00007ff9555e0000 - 0x00007ff9555e8000 	C:\WINDOWS\System32\PSAPI.DLL
0x00007ff942690000 - 0x00007ff942699000 	C:\WINDOWS\SYSTEM32\WSOCK32.dll
0x00007ff952810000 - 0x00007ff952833000 	C:\WINDOWS\SYSTEM32\WINMM.dll
0x00007ff955ba0000 - 0x00007ff955c0a000 	C:\WINDOWS\System32\WS2_32.dll
0x00007ff94d0f0000 - 0x00007ff94d0fa000 	C:\WINDOWS\SYSTEM32\VERSION.dll
0x00007ff9527e0000 - 0x00007ff95280b000 	C:\WINDOWS\SYSTEM32\WINMMBASE.dll
0x00007ff955460000 - 0x00007ff9554a2000 	C:\WINDOWS\System32\cfgmgr32.dll
0x0000000071120000 - 0x000000007112f000 	C:\Program Files\Java\jdk1.8.0_91\jre\bin\verify.dll
0x00000000710f0000 - 0x0000000071119000 	C:\Program Files\Java\jdk1.8.0_91\jre\bin\java.dll
0x00000000710d0000 - 0x00000000710e6000 	C:\Program Files\Java\jdk1.8.0_91\jre\bin\zip.dll
0x00007ff956470000 - 0x00007ff957978000 	C:\WINDOWS\System32\SHELL32.dll
0x00007ff9549e0000 - 0x00007ff9550ba000 	C:\WINDOWS\System32\windows.storage.dll
0x00007ff954390000 - 0x00007ff9543dc000 	C:\WINDOWS\System32\powrprof.dll
0x00007ff957a90000 - 0x00007ff957ae2000 	C:\WINDOWS\System32\shlwapi.dll
0x00007ff954410000 - 0x00007ff95441f000 	C:\WINDOWS\System32\kernel.appcore.dll
0x00007ff9553b0000 - 0x00007ff955459000 	C:\WINDOWS\System32\shcore.dll
0x00007ff9543f0000 - 0x00007ff954404000 	C:\WINDOWS\System32\profapi.dll

VM Arguments:
jvm_args: -Djava.awt.headless=true -Xmx1024M -Dfile.encoding=windows-1257 -Duser.country=US -Duser.language=en -Duser.variant 
java_command: com.android.dx.command.Main --dex --force-jumbo --num-threads=4 --multi-dex --output C:\Users\armin\AndroidStudioProjects\android-maps-utils-master\demo\build\intermediates\transforms\dex\debug\folders\1000\10\classes_1b2f59be9ea6b057ab49c1e2802f71c2b8f07818 C:\Users\armin\.android\build-cache\c99295835fe0dabf330f403e5276fdf193204018\output\jars\classes.jar
java_class_path (initial): C:\Users\armin\AppData\Local\Android\sdk\build-tools\25.0.1\lib\dx.jar
Launcher Type: SUN_STANDARD

Environment Variables:
PATH=C:\ProgramData\Oracle\Java\javapath;C:\WINDOWS\system32;C:\WINDOWS;C:\WINDOWS\System32\Wbem;C:\WINDOWS\System32\WindowsPowerShell\v1.0\;C:\Program Files (x86)\GtkSharp\2.12\bin;C:\Users\armin\.dnx\bin;C:\Program Files\Microsoft DNX\Dnvm\;C:\Program Files\Microsoft SQL Server\130\Tools\Binn\;C:\Program Files\Git\cmd;C:\Program Files (x86)\NVIDIA Corporation\PhysX\Common;C:\Program Files\dotnet\;C:\Program Files\MySQL\MySQL Utilities 1.6\;C:\Program Files (x86)\QuickTime\QTSystem\;C:\Program Files\Common Files\Autodesk Shared\;C:\Program Files (x86)\Autodesk\Backburner\;C:\Program Files (x86)\Skype\Phone\;C:\Program Files (x86)\Git\cmd;C:\Users\armin\AppData\Local\Programs\Python\Python35\Scripts\;C:\Users\armin\AppData\Local\Programs\Python\Python35\;C:\Program Files (x86)\Microsoft VS Code\bin;C:\Users\armin\AppData\Local\Microsoft\WindowsApps;C:\Program Files (x86)\Heroku\bin
USERNAME=armin
OS=Windows_NT
PROCESSOR_IDENTIFIER=Intel64 Family 6 Model 58 Stepping 9, GenuineIntel



---------------  S Y S T E M  ---------------

OS: Windows 10.0 , 64 bit Build 14393 (10.0.14393.1198)

CPU:total 4 (2 cores per cpu, 2 threads per core) family 6 model 58 stepping 9, cmov, cx8, fxsr, mmx, sse, sse2, sse3, ssse3, sse4.1, sse4.2, popcnt, avx, clmul, erms, ht, tsc, tscinvbit, tscinv

Memory: 4k page, physical 4094312k(468540k free), swap 7166312k(5820k free)

vm_info: Java HotSpot(TM) 64-Bit Server VM (25.91-b15) for windows-amd64 JRE (1.8.0_91-b15), built on May 20 2016 17:43:15 by "java_re" with MS VC++ 10.0 (VS2010)

time: Sat Jun 24 15:13:02 2017
elapsed time: 7 seconds (0d 0h 0m 7s)

