#
# There is insufficient memory for the Java Runtime Environment to continue.
# Native memory allocation (malloc) failed to allocate 83344 bytes for Chunk::new
# Possible reasons:
#   The system is out of physical RAM or swap space
#   In 32 bit mode, the process size limit was hit
# Possible solutions:
#   Reduce memory load on the system
#   Increase physical memory or swap space
#   Check if swap backing store is full
#   Use 64 bit Java on a 64 bit OS
#   Decrease Java heap size (-Xmx/-Xms)
#   Decrease number of Java threads
#   Decrease Java thread stack sizes (-Xss)
#   Set larger code cache with -XX:ReservedCodeCacheSize=
# This output file may be truncated or incomplete.
#
#  Out of Memory Error (allocation.cpp:390), pid=5852, tid=7732
#
# JRE version: Java(TM) SE Runtime Environment (8.0_91-b15) (build 1.8.0_91-b15)
# Java VM: Java HotSpot(TM) 64-Bit Server VM (25.91-b15 mixed mode windows-amd64 compressed oops)
# Failed to write core dump. Minidumps are not enabled by default on client versions of Windows
#

---------------  T H R E A D  ---------------

Current thread (0x0000000015735000):  JavaThread "C2 CompilerThread0" daemon [_thread_in_native, id=7732, stack(0x0000000016d70000,0x0000000016e70000)]

Stack: [0x0000000016d70000,0x0000000016e70000]
[error occurred during error reporting (printing stack bounds), id 0xc0000005]

Native frames: (J=compiled Java code, j=interpreted, Vv=VM code, C=native code)


Current CompileTask:
C2:   7013  928       4       com.android.dx.ssa.SsaMethod::deleteInsns (239 bytes)


---------------  P R O C E S S  ---------------

Java Threads: ( => current thread )
  0x000000001732b000 JavaThread "pool-2-thread-4" [_thread_blocked, id=8280, stack(0x0000000017a70000,0x0000000017b70000)]
  0x00000000172c8800 JavaThread "pool-2-thread-3" [_thread_in_Java, id=4116, stack(0x0000000017970000,0x0000000017a70000)]
  0x00000000172c7800 JavaThread "pool-2-thread-2" [_thread_blocked, id=1128, stack(0x0000000017870000,0x0000000017970000)]
  0x00000000172c5800 JavaThread "pool-3-thread-1" [_thread_blocked, id=9460, stack(0x0000000017770000,0x0000000017870000)]
  0x00000000172c2800 JavaThread "pool-2-thread-1" [_thread_in_Java, id=2500, stack(0x0000000017670000,0x0000000017770000)]
  0x0000000017074000 JavaThread "Service Thread" daemon [_thread_blocked, id=3492, stack(0x0000000017470000,0x0000000017570000)]
  0x000000001578d000 JavaThread "C1 CompilerThread2" daemon [_thread_in_native, id=6268, stack(0x0000000016f70000,0x0000000017070000)]
  0x0000000015737800 JavaThread "C2 CompilerThread1" daemon [_thread_in_native, id=6232, stack(0x0000000016e70000,0x0000000016f70000)]
=>0x0000000015735000 JavaThread "C2 CompilerThread0" daemon [_thread_in_native, id=7732, stack(0x0000000016d70000,0x0000000016e70000)]
  0x0000000015732000 JavaThread "Attach Listener" daemon [_thread_blocked, id=1300, stack(0x0000000016c70000,0x0000000016d70000)]
  0x0000000015730800 JavaThread "Signal Dispatcher" daemon [_thread_blocked, id=8000, stack(0x0000000016b70000,0x0000000016c70000)]
  0x000000001571a800 JavaThread "Finalizer" daemon [_thread_blocked, id=1364, stack(0x0000000016980000,0x0000000016a80000)]
  0x000000000304f000 JavaThread "Reference Handler" daemon [_thread_blocked, id=9484, stack(0x0000000016880000,0x0000000016980000)]
  0x0000000002f5d800 JavaThread "main" [_thread_blocked, id=10072, stack(0x0000000002e10000,0x0000000002f10000)]

Other Threads:
  0x00000000156f8000 VMThread [stack: 0x0000000016780000,0x0000000016880000] [id=6396]
  0x000000001707b000 WatcherThread [stack: 0x0000000017570000,0x0000000017670000] [id=7644]

VM state:not at safepoint (normal execution)

VM Mutex/Monitor currently owned by a thread: None

Heap:
 PSYoungGen      total 18944K, used 9055K [0x00000000eab00000, 0x00000000ec000000, 0x0000000100000000)
  eden space 16384K, 39% used [0x00000000eab00000,0x00000000eb15ad48,0x00000000ebb00000)
  from space 2560K, 99% used [0x00000000ebb00000,0x00000000ebd7d248,0x00000000ebd80000)
  to   space 2560K, 0% used [0x00000000ebd80000,0x00000000ebd80000,0x00000000ec000000)
 ParOldGen       total 44032K, used 741K [0x00000000c0000000, 0x00000000c2b00000, 0x00000000eab00000)
  object space 44032K, 1% used [0x00000000c0000000,0x00000000c00b9700,0x00000000c2b00000)
 Metaspace       used 5813K, capacity 6768K, committed 7040K, reserved 1058816K
  class space    used 599K, capacity 616K, committed 640K, reserved 1048576K

Card table byte_map: [0x0000000012420000,0x0000000012630000] byte_map_base: 0x0000000011e20000

Marking Bits: (ParMarkBitMap*) 0x0000000071942f70
 Begin Bits: [0x0000000012b90000, 0x0000000013b90000)
 End Bits:   [0x0000000013b90000, 0x0000000014b90000)

Polling page: 0x0000000002db0000

CodeCache: size=245760Kb used=3625Kb max_used=3625Kb free=242134Kb
 bounds [0x0000000003060000, 0x00000000033f0000, 0x0000000012060000]
 total_blobs=1208 nmethods=939 adapters=182
 compilation: enabled

Compilation events (10 events):
Event: 7.000 Thread 0x000000001578d000 nmethod 914 0x00000000033df750 code [0x00000000033dfa60, 0x00000000033e1298]
Event: 7.000 Thread 0x000000001578d000  885       3       com.android.dx.rop.type.Prototype::withFirstParameter (68 bytes)
Event: 7.000 Thread 0x0000000015737800  936       4       java.util.BitSet::clear (70 bytes)
Event: 7.003 Thread 0x000000001578d000 nmethod 885 0x00000000033e1d90 code [0x00000000033e1fc0, 0x00000000033e2bd8]
Event: 7.003 Thread 0x000000001578d000  941       3       com.android.dx.cf.direct.AttributeListParser::parseIfNecessary (12 bytes)
Event: 7.003 Thread 0x0000000015737800 nmethod 936 0x00000000033e5e10 code [0x00000000033e5f60, 0x00000000033e6078]
Event: 7.003 Thread 0x000000001578d000 nmethod 941 0x00000000033e5a50 code [0x00000000033e5bc0, 0x00000000033e5d88]
Event: 7.003 Thread 0x000000001578d000  937       3       com.android.dx.ssa.SsaRenamer$BlockRenamer::visitMoveInsn (271 bytes)
Event: 7.008 Thread 0x000000001578d000 nmethod 937 0x00000000033e6190 code [0x00000000033e6620, 0x00000000033e9748]
Event: 7.008 Thread 0x000000001578d000  944       3       com.android.dx.ssa.PhiInsn::getSources (95 bytes)

GC Heap History (2 events):
Event: 6.372 GC heap before
{Heap before GC invocations=1 (full 0):
 PSYoungGen      total 18944K, used 16384K [0x00000000eab00000, 0x00000000ec000000, 0x0000000100000000)
  eden space 16384K, 100% used [0x00000000eab00000,0x00000000ebb00000,0x00000000ebb00000)
  from space 2560K, 0% used [0x00000000ebd80000,0x00000000ebd80000,0x00000000ec000000)
  to   space 2560K, 0% used [0x00000000ebb00000,0x00000000ebb00000,0x00000000ebd80000)
 ParOldGen       total 44032K, used 0K [0x00000000c0000000, 0x00000000c2b00000, 0x00000000eab00000)
  object space 44032K, 0% used [0x00000000c0000000,0x00000000c0000000,0x00000000c2b00000)
 Metaspace       used 5450K, capacity 6448K, committed 6528K, reserved 1056768K
  class space    used 591K, capacity 616K, committed 640K, reserved 1048576K
Event: 6.500 GC heap after
Heap after GC invocations=1 (full 0):
 PSYoungGen      total 18944K, used 2548K [0x00000000eab00000, 0x00000000ec000000, 0x0000000100000000)
  eden space 16384K, 0% used [0x00000000eab00000,0x00000000eab00000,0x00000000ebb00000)
  from space 2560K, 99% used [0x00000000ebb00000,0x00000000ebd7d248,0x00000000ebd80000)
  to   space 2560K, 0% used [0x00000000ebd80000,0x00000000ebd80000,0x00000000ec000000)
 ParOldGen       total 44032K, used 741K [0x00000000c0000000, 0x00000000c2b00000, 0x00000000eab00000)
  object space 44032K, 1% used [0x00000000c0000000,0x00000000c00b9700,0x00000000c2b00000)
 Metaspace       used 5450K, capacity 6448K, committed 6528K, reserved 1056768K
  class space    used 591K, capacity 616K, committed 640K, reserved 1048576K
}

Deoptimization events (3 events):
Event: 3.981 Thread 0x0000000002f5d800 Uncommon trap: reason=unstable_if action=reinterpret pc=0x00000000031b6054 method=java.lang.String.compareTo(Ljava/lang/String;)I @ 38
Event: 6.516 Thread 0x0000000002f5d800 Uncommon trap: reason=unstable_if action=reinterpret pc=0x0000000003286230 method=java.util.BitSet.nextSetBit(I)I @ 87
Event: 6.522 Thread 0x0000000002f5d800 Uncommon trap: reason=unstable_if action=reinterpret pc=0x000000000327755c method=java.util.HashMap.getNode(ILjava/lang/Object;)Ljava/util/HashMap$Node; @ 129

Internal exceptions (2 events):
Event: 1.092 Thread 0x0000000002f5d800 Exception <a 'java/lang/NoSuchMethodError': Method sun.misc.Unsafe.defineClass(Ljava/lang/String;[BII)Ljava/lang/Class; name or signature does not match> (0x00000000eab07cc0) thrown at [C:\re\workspace\8-2-build-windows-amd64-cygwin\jdk8u91\7017\hotspot\sr30W[yñ?
Event: 1.092 Thread 0x0000000002f5d800 Exception <a 'java/lang/NoSuchMethodError': Method sun.misc.Unsafe.prefetchRead(Ljava/lang/Object;J)V name or signature does not match> (0x00000000eab07fa8) thrown at [C:\re\workspace\8-2-build-windows-amd64-cygwin\jdk8u91\7017\hotspot\src\share\vm\prims\j

Events (10 events):
Event: 6.987 loading class com/android/dx/cf/attrib/BaseParameterAnnotations
Event: 6.987 loading class com/android/dx/cf/attrib/BaseParameterAnnotations done
Event: 6.994 loading class com/android/dx/dex/file/ParameterAnnotationStruct
Event: 6.994 loading class com/android/dx/dex/file/ParameterAnnotationStruct done
Event: 6.996 loading class com/android/dx/dex/file/UniformListItem
Event: 6.996 loading class com/android/dx/dex/file/UniformListItem done
Event: 6.997 loading class com/android/dx/dex/file/AnnotationSetRefItem
Event: 6.997 loading class com/android/dx/dex/file/AnnotationSetRefItem done
Event: 7.000 Executing VM operation: CollectForMetadataAllocation
Event: 7.000 Executing VM operation: CollectForMetadataAllocation done


Dynamic libraries:
0x00007ff611590000 - 0x00007ff6115c7000 	C:\Program Files\Java\jdk1.8.0_91\bin\java.exe
0x00007ff957f20000 - 0x00007ff9580f1000 	C:\WINDOWS\SYSTEM32\ntdll.dll
0x00007ff9579e0000 - 0x00007ff957a8c000 	C:\WINDOWS\System32\KERNEL32.DLL
0x00007ff954420000 - 0x00007ff95463d000 	C:\WINDOWS\System32\KERNELBASE.dll
0x00007ff955c10000 - 0x00007ff955cb2000 	C:\WINDOWS\System32\ADVAPI32.dll
0x00007ff955610000 - 0x00007ff9556ae000 	C:\WINDOWS\System32\msvcrt.dll
0x00007ff957c60000 - 0x00007ff957cb9000 	C:\WINDOWS\System32\sechost.dll
0x00007ff9554b0000 - 0x00007ff9555d1000 	C:\WINDOWS\System32\RPCRT4.dll
0x00007ff957db0000 - 0x00007ff957f15000 	C:\WINDOWS\System32\USER32.dll
0x00007ff9549c0000 - 0x00007ff9549de000 	C:\WINDOWS\System32\win32u.dll
0x00007ff957cc0000 - 0x00007ff957cf4000 	C:\WINDOWS\System32\GDI32.dll
0x00007ff954640000 - 0x00007ff9547c0000 	C:\WINDOWS\System32\gdi32full.dll
0x00007ff946f10000 - 0x00007ff94718a000 	C:\WINDOWS\WinSxS\amd64_microsoft.windows.common-controls_6595b64144ccf1df_6.0.14393.953_none_42151e83c686086b\COMCTL32.dll
0x00007ff955fe0000 - 0x00007ff9562a8000 	C:\WINDOWS\System32\combase.dll
0x00007ff954860000 - 0x00007ff954955000 	C:\WINDOWS\System32\ucrtbase.dll
0x00007ff955170000 - 0x00007ff9551da000 	C:\WINDOWS\System32\bcryptPrimitives.dll
0x00007ff957c30000 - 0x00007ff957c5e000 	C:\WINDOWS\System32\IMM32.DLL
0x0000000070cb0000 - 0x0000000070d82000 	C:\Program Files\Java\jdk1.8.0_91\jre\bin\msvcr100.dll
0x0000000071130000 - 0x00000000719c3000 	C:\Program Files\Java\jdk1.8.0_91\jre\bin\server\jvm.dll
0x00007ff9555e0000 - 0x00007ff9555e8000 	C:\WINDOWS\System32\PSAPI.DLL
0x00007ff942690000 - 0x00007ff942699000 	C:\WINDOWS\SYSTEM32\WSOCK32.dll
0x00007ff955ba0000 - 0x00007ff955c0a000 	C:\WINDOWS\System32\WS2_32.dll
0x00007ff952810000 - 0x00007ff952833000 	C:\WINDOWS\SYSTEM32\WINMM.dll
0x00007ff94d0f0000 - 0x00007ff94d0fa000 	C:\WINDOWS\SYSTEM32\VERSION.dll
0x00007ff9527e0000 - 0x00007ff95280b000 	C:\WINDOWS\SYSTEM32\WINMMBASE.dll
0x00007ff955460000 - 0x00007ff9554a2000 	C:\WINDOWS\System32\cfgmgr32.dll
0x0000000071120000 - 0x000000007112f000 	C:\Program Files\Java\jdk1.8.0_91\jre\bin\verify.dll
0x00000000710f0000 - 0x0000000071119000 	C:\Program Files\Java\jdk1.8.0_91\jre\bin\java.dll
0x00000000710d0000 - 0x00000000710e6000 	C:\Program Files\Java\jdk1.8.0_91\jre\bin\zip.dll
0x00007ff956470000 - 0x00007ff957978000 	C:\WINDOWS\System32\SHELL32.dll
0x00007ff9549e0000 - 0x00007ff9550ba000 	C:\WINDOWS\System32\windows.storage.dll
0x00007ff954390000 - 0x00007ff9543dc000 	C:\WINDOWS\System32\powrprof.dll
0x00007ff957a90000 - 0x00007ff957ae2000 	C:\WINDOWS\System32\shlwapi.dll
0x00007ff954410000 - 0x00007ff95441f000 	C:\WINDOWS\System32\kernel.appcore.dll
0x00007ff9553b0000 - 0x00007ff955459000 	C:\WINDOWS\System32\shcore.dll
0x00007ff9543f0000 - 0x00007ff954404000 	C:\WINDOWS\System32\profapi.dll

VM Arguments:
jvm_args: -Djava.awt.headless=true -Xmx1024M -Dfile.encoding=windows-1257 -Duser.country=US -Duser.language=en -Duser.variant 
java_command: com.android.dx.command.Main --dex --force-jumbo --num-threads=4 --multi-dex --output C:\Users\armin\AndroidStudioProjects\android-maps-utils-master\demo\build\intermediates\transforms\dex\debug\folders\1000\10\internal_impl-24.0.0_d8c1482d43b424854ae6a607c2023a2eecc41333 C:\Users\armin\.android\build-cache\c99295835fe0dabf330f403e5276fdf193204018\output\jars\libs\internal_impl-24.0.0.jar
java_class_path (initial): C:\Users\armin\AppData\Local\Android\sdk\build-tools\25.0.1\lib\dx.jar
Launcher Type: SUN_STANDARD

Environment Variables:
PATH=C:\ProgramData\Oracle\Java\javapath;C:\WINDOWS\system32;C:\WINDOWS;C:\WINDOWS\System32\Wbem;C:\WINDOWS\System32\WindowsPowerShell\v1.0\;C:\Program Files (x86)\GtkSharp\2.12\bin;C:\Users\armin\.dnx\bin;C:\Program Files\Microsoft DNX\Dnvm\;C:\Program Files\Microsoft SQL Server\130\Tools\Binn\;C:\Program Files\Git\cmd;C:\Program Files (x86)\NVIDIA Corporation\PhysX\Common;C:\Program Files\dotnet\;C:\Program Files\MySQL\MySQL Utilities 1.6\;C:\Program Files (x86)\QuickTime\QTSystem\;C:\Program Files\Common Files\Autodesk Shared\;C:\Program Files (x86)\Autodesk\Backburner\;C:\Program Files (x86)\Skype\Phone\;C:\Program Files (x86)\Git\cmd;C:\Users\armin\AppData\Local\Programs\Python\Python35\Scripts\;C:\Users\armin\AppData\Local\Programs\Python\Python35\;C:\Program Files (x86)\Microsoft VS Code\bin;C:\Users\armin\AppData\Local\Microsoft\WindowsApps;C:\Program Files (x86)\Heroku\bin
USERNAME=armin
OS=Windows_NT
PROCESSOR_IDENTIFIER=Intel64 Family 6 Model 58 Stepping 9, GenuineIntel



---------------  S Y S T E M  ---------------

OS: Windows 10.0 , 64 bit Build 14393 (10.0.14393.1198)

CPU:total 4 (2 cores per cpu, 2 threads per core) family 6 model 58 stepping 9, cmov, cx8, fxsr, mmx, sse, sse2, sse3, ssse3, sse4.1, sse4.2, popcnt, avx, clmul, erms, ht, tsc, tscinvbit, tscinv

Memory: 4k page, physical 4094312k(448636k free), swap 7166312k(2392k free)

vm_info: Java HotSpot(TM) 64-Bit Server VM (25.91-b15) for windows-amd64 JRE (1.8.0_91-b15), built on May 20 2016 17:43:15 by "java_re" with MS VC++ 10.0 (VS2010)

time: Sat Jun 24 15:13:02 2017
elapsed time: 7 seconds (0d 0h 0m 7s)

