#
# There is insufficient memory for the Java Runtime Environment to continue.
# Native memory allocation (malloc) failed to allocate 954416 bytes for Chunk::new
# Possible reasons:
#   The system is out of physical RAM or swap space
#   In 32 bit mode, the process size limit was hit
# Possible solutions:
#   Reduce memory load on the system
#   Increase physical memory or swap space
#   Check if swap backing store is full
#   Use 64 bit Java on a 64 bit OS
#   Decrease Java heap size (-Xmx/-Xms)
#   Decrease number of Java threads
#   Decrease Java thread stack sizes (-Xss)
#   Set larger code cache with -XX:ReservedCodeCacheSize=
# This output file may be truncated or incomplete.
#
#  Out of Memory Error (allocation.cpp:390), pid=1532, tid=5964
#
# JRE version: Java(TM) SE Runtime Environment (8.0_91-b15) (build 1.8.0_91-b15)
# Java VM: Java HotSpot(TM) 64-Bit Server VM (25.91-b15 mixed mode windows-amd64 compressed oops)
# Failed to write core dump. Minidumps are not enabled by default on client versions of Windows
#

---------------  T H R E A D  ---------------

Current thread (0x0000000015347800):  JavaThread "C2 CompilerThread1" daemon [_thread_in_native, id=5964, stack(0x0000000016a80000,0x0000000016b80000)]

Stack: [0x0000000016a80000,0x0000000016b80000]
[error occurred during error reporting (printing stack bounds), id 0xc0000005]

Native frames: (J=compiled Java code, j=interpreted, Vv=VM code, C=native code)


Current CompileTask:
C2:   9225 1515       4       com.android.dx.rop.code.Rops::ropFor (771 bytes)


---------------  P R O C E S S  ---------------

Java Threads: ( => current thread )
  0x0000000016f26000 JavaThread "pool-2-thread-4" [_thread_in_Java, id=476, stack(0x0000000017680000,0x0000000017780000)]
  0x0000000016f24800 JavaThread "pool-2-thread-3" [_thread_in_Java, id=7468, stack(0x0000000017580000,0x0000000017680000)]
  0x0000000016dc0000 JavaThread "pool-2-thread-2" [_thread_in_Java, id=8040, stack(0x0000000017480000,0x0000000017580000)]
  0x0000000016dba800 JavaThread "pool-3-thread-1" [_thread_blocked, id=3844, stack(0x0000000017380000,0x0000000017480000)]
  0x0000000016db9800 JavaThread "pool-2-thread-1" [_thread_in_Java, id=4260, stack(0x0000000017280000,0x0000000017380000)]
  0x0000000016c80800 JavaThread "Service Thread" daemon [_thread_blocked, id=8360, stack(0x0000000017080000,0x0000000017180000)]
  0x000000001539d000 JavaThread "C1 CompilerThread2" daemon [_thread_blocked, id=8288, stack(0x0000000016b80000,0x0000000016c80000)]
=>0x0000000015347800 JavaThread "C2 CompilerThread1" daemon [_thread_in_native, id=5964, stack(0x0000000016a80000,0x0000000016b80000)]
  0x0000000015345000 JavaThread "C2 CompilerThread0" daemon [_thread_in_native, id=4940, stack(0x0000000016980000,0x0000000016a80000)]
  0x0000000015342000 JavaThread "Attach Listener" daemon [_thread_blocked, id=7348, stack(0x0000000016880000,0x0000000016980000)]
  0x0000000015341000 JavaThread "Signal Dispatcher" daemon [_thread_blocked, id=9416, stack(0x0000000016780000,0x0000000016880000)]
  0x000000001532a800 JavaThread "Finalizer" daemon [_thread_blocked, id=8812, stack(0x0000000016590000,0x0000000016690000)]
  0x0000000002c5f800 JavaThread "Reference Handler" daemon [_thread_blocked, id=9804, stack(0x0000000016490000,0x0000000016590000)]
  0x000000000122d800 JavaThread "main" [_thread_in_Java, id=3124, stack(0x0000000002a70000,0x0000000002b70000)]

Other Threads:
  0x0000000015308800 VMThread [stack: 0x0000000016390000,0x0000000016490000] [id=3808]
  0x0000000016c87800 WatcherThread [stack: 0x0000000017180000,0x0000000017280000] [id=7968]

VM state:not at safepoint (normal execution)

VM Mutex/Monitor currently owned by a thread: None

Heap:
 PSYoungGen      total 79872K, used 61313K [0x00000000eab00000, 0x00000000f0f00000, 0x0000000100000000)
  eden space 63488K, 73% used [0x00000000eab00000,0x00000000ed8a4d70,0x00000000ee900000)
  from space 16384K, 88% used [0x00000000efb00000,0x00000000f093ba08,0x00000000f0b00000)
  to   space 18432K, 0% used [0x00000000ee900000,0x00000000ee900000,0x00000000efb00000)
 ParOldGen       total 44032K, used 29203K [0x00000000c0000000, 0x00000000c2b00000, 0x00000000eab00000)
  object space 44032K, 66% used [0x00000000c0000000,0x00000000c1c84c20,0x00000000c2b00000)
 Metaspace       used 5946K, capacity 7024K, committed 7296K, reserved 1056768K
  class space    used 585K, capacity 616K, committed 640K, reserved 1048576K

Card table byte_map: [0x0000000012030000,0x0000000012240000] byte_map_base: 0x0000000011a30000

Marking Bits: (ParMarkBitMap*) 0x0000000071942f70
 Begin Bits: [0x00000000127a0000, 0x00000000137a0000)
 End Bits:   [0x00000000137a0000, 0x00000000147a0000)

Polling page: 0x0000000001160000

CodeCache: size=245760Kb used=6924Kb max_used=6924Kb free=238835Kb
 bounds [0x0000000002c70000, 0x0000000003340000, 0x0000000011c70000]
 total_blobs=1796 nmethods=1534 adapters=175
 compilation: enabled

Compilation events (10 events):
Event: 9.098 Thread 0x000000001539d000 1613       3       com.android.dx.ssa.SsaMethod::forEachBlockDepthFirstDom (128 bytes)
Event: 9.101 Thread 0x000000001539d000 nmethod 1613 0x0000000003323350 code [0x00000000033236a0, 0x00000000033257f8]
Event: 9.117 Thread 0x000000001539d000 1614       2       com.android.dx.rop.cst.CstBaseMethodRef::isClassInit (8 bytes)
Event: 9.117 Thread 0x000000001539d000 nmethod 1614 0x0000000003326b10 code [0x0000000003326c80, 0x0000000003326e28]
Event: 9.118 Thread 0x000000001539d000 1615   !   2       com.android.dx.cf.code.RopperMachine::run (1550 bytes)
Event: 9.138 Thread 0x000000001539d000 nmethod 1615 0x0000000003326f50 code [0x00000000033279c0, 0x000000000332c868]
Event: 9.138 Thread 0x000000001539d000 1617       2       com.android.dx.rop.code.Rops::opMoveResultPseudo (23 bytes)
Event: 9.138 Thread 0x000000001539d000 nmethod 1617 0x0000000003336ad0 code [0x0000000003336c40, 0x0000000003336e58]
Event: 9.138 Thread 0x000000001539d000 1616       2       com.android.dx.rop.code.PlainInsn::<init> (13 bytes)
Event: 9.139 Thread 0x000000001539d000 nmethod 1616 0x0000000003336f50 code [0x0000000003337100, 0x0000000003337598]

GC Heap History (10 events):
Event: 6.340 GC heap before
{Heap before GC invocations=2 (full 0):
 PSYoungGen      total 18944K, used 18936K [0x00000000eab00000, 0x00000000ec000000, 0x0000000100000000)
  eden space 16384K, 100% used [0x00000000eab00000,0x00000000ebb00000,0x00000000ebb00000)
  from space 2560K, 99% used [0x00000000ebb00000,0x00000000ebd7e2b0,0x00000000ebd80000)
  to   space 2560K, 0% used [0x00000000ebd80000,0x00000000ebd80000,0x00000000ec000000)
 ParOldGen       total 44032K, used 1653K [0x00000000c0000000, 0x00000000c2b00000, 0x00000000eab00000)
  object space 44032K, 3% used [0x00000000c0000000,0x00000000c019d608,0x00000000c2b00000)
 Metaspace       used 5764K, capacity 6896K, committed 7040K, reserved 1056768K
  class space    used 582K, capacity 616K, committed 640K, reserved 1048576K
Event: 6.358 GC heap after
Heap after GC invocations=2 (full 0):
 PSYoungGen      total 18944K, used 2556K [0x00000000eab00000, 0x00000000ed000000, 0x0000000100000000)
  eden space 16384K, 0% used [0x00000000eab00000,0x00000000eab00000,0x00000000ebb00000)
  from space 2560K, 99% used [0x00000000ebd80000,0x00000000ebfff1e8,0x00000000ec000000)
  to   space 2560K, 0% used [0x00000000ebb00000,0x00000000ebb00000,0x00000000ebd80000)
 ParOldGen       total 44032K, used 4347K [0x00000000c0000000, 0x00000000c2b00000, 0x00000000eab00000)
  object space 44032K, 9% used [0x00000000c0000000,0x00000000c043ee10,0x00000000c2b00000)
 Metaspace       used 5764K, capacity 6896K, committed 7040K, reserved 1056768K
  class space    used 582K, capacity 616K, committed 640K, reserved 1048576K
}
Event: 6.655 GC heap before
{Heap before GC invocations=3 (full 0):
 PSYoungGen      total 18944K, used 18940K [0x00000000eab00000, 0x00000000ed000000, 0x0000000100000000)
  eden space 16384K, 100% used [0x00000000eab00000,0x00000000ebb00000,0x00000000ebb00000)
  from space 2560K, 99% used [0x00000000ebd80000,0x00000000ebfff1e8,0x00000000ec000000)
  to   space 2560K, 0% used [0x00000000ebb00000,0x00000000ebb00000,0x00000000ebd80000)
 ParOldGen       total 44032K, used 4347K [0x00000000c0000000, 0x00000000c2b00000, 0x00000000eab00000)
  object space 44032K, 9% used [0x00000000c0000000,0x00000000c043ee10,0x00000000c2b00000)
 Metaspace       used 5844K, capacity 6960K, committed 7040K, reserved 1056768K
  class space    used 582K, capacity 616K, committed 640K, reserved 1048576K
Event: 6.688 GC heap after
Heap after GC invocations=3 (full 0):
 PSYoungGen      total 18944K, used 2556K [0x00000000eab00000, 0x00000000ed000000, 0x0000000100000000)
  eden space 16384K, 0% used [0x00000000eab00000,0x00000000eab00000,0x00000000ebb00000)
  from space 2560K, 99% used [0x00000000ebb00000,0x00000000ebd7f1e8,0x00000000ebd80000)
  to   space 2560K, 0% used [0x00000000ecd80000,0x00000000ecd80000,0x00000000ed000000)
 ParOldGen       total 44032K, used 8187K [0x00000000c0000000, 0x00000000c2b00000, 0x00000000eab00000)
  object space 44032K, 18% used [0x00000000c0000000,0x00000000c07fef28,0x00000000c2b00000)
 Metaspace       used 5844K, capacity 6960K, committed 7040K, reserved 1056768K
  class space    used 582K, capacity 616K, committed 640K, reserved 1048576K
}
Event: 6.933 GC heap before
{Heap before GC invocations=4 (full 0):
 PSYoungGen      total 18944K, used 18940K [0x00000000eab00000, 0x00000000ed000000, 0x0000000100000000)
  eden space 16384K, 100% used [0x00000000eab00000,0x00000000ebb00000,0x00000000ebb00000)
  from space 2560K, 99% used [0x00000000ebb00000,0x00000000ebd7f1e8,0x00000000ebd80000)
  to   space 2560K, 0% used [0x00000000ecd80000,0x00000000ecd80000,0x00000000ed000000)
 ParOldGen       total 44032K, used 8187K [0x00000000c0000000, 0x00000000c2b00000, 0x00000000eab00000)
  object space 44032K, 18% used [0x00000000c0000000,0x00000000c07fef28,0x00000000c2b00000)
 Metaspace       used 5852K, capacity 6960K, committed 7040K, reserved 1056768K
  class space    used 582K, capacity 616K, committed 640K, reserved 1048576K
Event: 7.000 GC heap after
Heap after GC invocations=4 (full 0):
 PSYoungGen      total 35328K, used 2556K [0x00000000eab00000, 0x00000000ed000000, 0x0000000100000000)
  eden space 32768K, 0% used [0x00000000eab00000,0x00000000eab00000,0x00000000ecb00000)
  from space 2560K, 99% used [0x00000000ecd80000,0x00000000ecfff1e8,0x00000000ed000000)
  to   space 2560K, 0% used [0x00000000ecb00000,0x00000000ecb00000,0x00000000ecd80000)
 ParOldGen       total 44032K, used 15343K [0x00000000c0000000, 0x00000000c2b00000, 0x00000000eab00000)
  object space 44032K, 34% used [0x00000000c0000000,0x00000000c0efbf08,0x00000000c2b00000)
 Metaspace       used 5852K, capacity 6960K, committed 7040K, reserved 1056768K
  class space    used 582K, capacity 616K, committed 640K, reserved 1048576K
}
Event: 7.714 GC heap before
{Heap before GC invocations=5 (full 0):
 PSYoungGen      total 35328K, used 35324K [0x00000000eab00000, 0x00000000ed000000, 0x0000000100000000)
  eden space 32768K, 100% used [0x00000000eab00000,0x00000000ecb00000,0x00000000ecb00000)
  from space 2560K, 99% used [0x00000000ecd80000,0x00000000ecfff1e8,0x00000000ed000000)
  to   space 2560K, 0% used [0x00000000ecb00000,0x00000000ecb00000,0x00000000ecd80000)
 ParOldGen       total 44032K, used 15343K [0x00000000c0000000, 0x00000000c2b00000, 0x00000000eab00000)
  object space 44032K, 34% used [0x00000000c0000000,0x00000000c0efbf08,0x00000000c2b00000)
 Metaspace       used 5868K, capacity 6960K, committed 7040K, reserved 1056768K
  class space    used 584K, capacity 616K, committed 640K, reserved 1048576K
Event: 7.771 GC heap after
Heap after GC invocations=5 (full 0):
 PSYoungGen      total 35328K, used 2540K [0x00000000eab00000, 0x00000000f0b00000, 0x0000000100000000)
  eden space 32768K, 0% used [0x00000000eab00000,0x00000000eab00000,0x00000000ecb00000)
  from space 2560K, 99% used [0x00000000ecb00000,0x00000000ecd7b1f8,0x00000000ecd80000)
  to   space 16384K, 0% used [0x00000000efb00000,0x00000000efb00000,0x00000000f0b00000)
 ParOldGen       total 44032K, used 29203K [0x00000000c0000000, 0x00000000c2b00000, 0x00000000eab00000)
  object space 44032K, 66% used [0x00000000c0000000,0x00000000c1c84c20,0x00000000c2b00000)
 Metaspace       used 5868K, capacity 6960K, committed 7040K, reserved 1056768K
  class space    used 584K, capacity 616K, committed 640K, reserved 1048576K
}
Event: 8.694 GC heap before
{Heap before GC invocations=6 (full 0):
 PSYoungGen      total 35328K, used 35308K [0x00000000eab00000, 0x00000000f0b00000, 0x0000000100000000)
  eden space 32768K, 100% used [0x00000000eab00000,0x00000000ecb00000,0x00000000ecb00000)
  from space 2560K, 99% used [0x00000000ecb00000,0x00000000ecd7b1f8,0x00000000ecd80000)
  to   space 16384K, 0% used [0x00000000efb00000,0x00000000efb00000,0x00000000f0b00000)
 ParOldGen       total 44032K, used 29203K [0x00000000c0000000, 0x00000000c2b00000, 0x00000000eab00000)
  object space 44032K, 66% used [0x00000000c0000000,0x00000000c1c84c20,0x00000000c2b00000)
 Metaspace       used 5922K, capacity 7024K, committed 7296K, reserved 1056768K
  class space    used 584K, capacity 616K, committed 640K, reserved 1048576K
Event: 8.732 GC heap after
Heap after GC invocations=6 (full 0):
 PSYoungGen      total 79872K, used 14574K [0x00000000eab00000, 0x00000000f0f00000, 0x0000000100000000)
  eden space 63488K, 0% used [0x00000000eab00000,0x00000000eab00000,0x00000000ee900000)
  from space 16384K, 88% used [0x00000000efb00000,0x00000000f093ba08,0x00000000f0b00000)
  to   space 18432K, 0% used [0x00000000ee900000,0x00000000ee900000,0x00000000efb00000)
 ParOldGen       total 44032K, used 29203K [0x00000000c0000000, 0x00000000c2b00000, 0x00000000eab00000)
  object space 44032K, 66% used [0x00000000c0000000,0x00000000c1c84c20,0x00000000c2b00000)
 Metaspace       used 5922K, capacity 7024K, committed 7296K, reserved 1056768K
  class space    used 584K, capacity 616K, committed 640K, reserved 1048576K
}

Deoptimization events (10 events):
Event: 6.786 Thread 0x0000000016db9800 Uncommon trap: reason=class_check action=maybe_recompile pc=0x000000000301dd18 method=com.android.dx.ssa.NormalSsaInsn.accept(Lcom/android/dx/ssa/SsaInsn$Visitor;)V @ 9
Event: 6.786 Thread 0x0000000016db9800 Uncommon trap: reason=class_check action=maybe_recompile pc=0x000000000301dd18 method=com.android.dx.ssa.NormalSsaInsn.accept(Lcom/android/dx/ssa/SsaInsn$Visitor;)V @ 9
Event: 6.786 Thread 0x0000000016db9800 Uncommon trap: reason=class_check action=maybe_recompile pc=0x000000000301dd18 method=com.android.dx.ssa.NormalSsaInsn.accept(Lcom/android/dx/ssa/SsaInsn$Visitor;)V @ 9
Event: 8.585 Thread 0x0000000016dc0000 Uncommon trap: reason=unstable_if action=reinterpret pc=0x00000000031bcfec method=com.android.dx.cf.code.BytecodeArray.parseInstruction(ILcom/android/dx/cf/code/BytecodeArray$Visitor;)I @ 1198
Event: 8.835 Thread 0x0000000016db9800 Uncommon trap: reason=unstable_if action=reinterpret pc=0x00000000031d5474 method=com.android.dx.rop.code.RegisterSpec.intersect(Lcom/android/dx/rop/code/RegisterSpec;Z)Lcom/android/dx/rop/code/RegisterSpec; @ 8
Event: 8.851 Thread 0x000000000122d800 Uncommon trap: reason=bimorphic action=maybe_recompile pc=0x00000000032314d8 method=com.android.dx.rop.code.Rops.opMoveResultPseudo(Lcom/android/dx/rop/type/TypeBearer;)Lcom/android/dx/rop/code/Rop; @ 7
Event: 8.953 Thread 0x0000000016f26000 Uncommon trap: reason=unstable_if action=reinterpret pc=0x00000000031ccac8 method=com.android.dx.rop.code.RegisterSpec.intersect(Lcom/android/dx/rop/code/RegisterSpec;Z)Lcom/android/dx/rop/code/RegisterSpec; @ 8
Event: 8.974 Thread 0x0000000016db9800 Uncommon trap: reason=unstable_if action=reinterpret pc=0x000000000323adac method=com.android.dx.util.BitIntSet.has(I)Z @ 8
Event: 8.974 Thread 0x0000000016db9800 Uncommon trap: reason=unstable_if action=reinterpret pc=0x0000000003239d18 method=com.android.dx.util.BitIntSet.has(I)Z @ 8
Event: 9.118 Thread 0x0000000016f26000 Uncommon trap: reason=unstable_if action=reinterpret pc=0x0000000003230ac8 method=com.android.dx.cf.code.RopperMachine.run(Lcom/android/dx/cf/code/Frame;II)V @ 1500

Internal exceptions (3 events):
Event: 0.290 Thread 0x000000000122d800 Exception <a 'java/lang/NoSuchMethodError': Method sun.misc.Unsafe.defineClass(Ljava/lang/String;[BII)Ljava/lang/Class; name or signature does not match> (0x00000000eab07cc0) thrown at [C:\re\workspace\8-2-build-windows-amd64-cygwin\jdk8u91\7017\hotspot\sr‰žNöC’Ò?
Event: 0.290 Thread 0x000000000122d800 Exception <a 'java/lang/NoSuchMethodError': Method sun.misc.Unsafe.prefetchRead(Ljava/lang/Object;J)V name or signature does not match> (0x00000000eab07fa8) thrown at [C:\re\workspace\8-2-build-windows-amd64-cygwin\jdk8u91\7017\hotspot\src\share\vm\prims\jPg+¯s@
Event: 5.775 Thread 0x000000000122d800 Implicit null exception at 0x0000000002f7722c to 0x0000000002f78c99

Events (10 events):
Event: 8.974 Thread 0x0000000016db9800 Uncommon trap: trap_request=0xffffff65 fr.pc=0x0000000003239d18
Event: 8.974 Thread 0x0000000016db9800 DEOPT PACKING pc=0x0000000003239d18 sp=0x000000001737e9e0
Event: 8.974 Thread 0x0000000016db9800 DEOPT UNPACKING pc=0x0000000002cb582a sp=0x000000001737e980 mode 2
Event: 9.070 Thread 0x0000000016f24800 DEOPT PACKING pc=0x000000000330374d sp=0x000000001767e5c0
Event: 9.070 Thread 0x0000000016f24800 DEOPT UNPACKING pc=0x0000000002cb787f sp=0x000000001767e398 mode 0
Event: 9.104 Thread 0x0000000016f24800 DEOPT PACKING pc=0x00000000031680e9 sp=0x000000001767e660
Event: 9.104 Thread 0x0000000016f24800 DEOPT UNPACKING pc=0x0000000002cb787f sp=0x000000001767e450 mode 0
Event: 9.118 Thread 0x0000000016f26000 Uncommon trap: trap_request=0xffffff65 fr.pc=0x0000000003230ac8
Event: 9.118 Thread 0x0000000016f26000 DEOPT PACKING pc=0x0000000003230ac8 sp=0x000000001777e2e0
Event: 9.118 Thread 0x0000000016f26000 DEOPT UNPACKING pc=0x0000000002cb582a sp=0x000000001777e2a8 mode 2


Dynamic libraries:
0x00007ff611590000 - 0x00007ff6115c7000 	C:\Program Files\Java\jdk1.8.0_91\bin\java.exe
0x00007ff957f20000 - 0x00007ff9580f1000 	C:\WINDOWS\SYSTEM32\ntdll.dll
0x00007ff9579e0000 - 0x00007ff957a8c000 	C:\WINDOWS\System32\KERNEL32.DLL
0x00007ff954420000 - 0x00007ff95463d000 	C:\WINDOWS\System32\KERNELBASE.dll
0x00007ff955c10000 - 0x00007ff955cb2000 	C:\WINDOWS\System32\ADVAPI32.dll
0x00007ff955610000 - 0x00007ff9556ae000 	C:\WINDOWS\System32\msvcrt.dll
0x00007ff957c60000 - 0x00007ff957cb9000 	C:\WINDOWS\System32\sechost.dll
0x00007ff9554b0000 - 0x00007ff9555d1000 	C:\WINDOWS\System32\RPCRT4.dll
0x00007ff957db0000 - 0x00007ff957f15000 	C:\WINDOWS\System32\USER32.dll
0x00007ff9549c0000 - 0x00007ff9549de000 	C:\WINDOWS\System32\win32u.dll
0x00007ff957cc0000 - 0x00007ff957cf4000 	C:\WINDOWS\System32\GDI32.dll
0x00007ff954640000 - 0x00007ff9547c0000 	C:\WINDOWS\System32\gdi32full.dll
0x00007ff946f10000 - 0x00007ff94718a000 	C:\WINDOWS\WinSxS\amd64_microsoft.windows.common-controls_6595b64144ccf1df_6.0.14393.953_none_42151e83c686086b\COMCTL32.dll
0x00007ff955fe0000 - 0x00007ff9562a8000 	C:\WINDOWS\System32\combase.dll
0x00007ff954860000 - 0x00007ff954955000 	C:\WINDOWS\System32\ucrtbase.dll
0x00007ff955170000 - 0x00007ff9551da000 	C:\WINDOWS\System32\bcryptPrimitives.dll
0x00007ff957c30000 - 0x00007ff957c5e000 	C:\WINDOWS\System32\IMM32.DLL
0x0000000070cb0000 - 0x0000000070d82000 	C:\Program Files\Java\jdk1.8.0_91\jre\bin\msvcr100.dll
0x0000000071130000 - 0x00000000719c3000 	C:\Program Files\Java\jdk1.8.0_91\jre\bin\server\jvm.dll
0x00007ff9555e0000 - 0x00007ff9555e8000 	C:\WINDOWS\System32\PSAPI.DLL
0x00007ff942690000 - 0x00007ff942699000 	C:\WINDOWS\SYSTEM32\WSOCK32.dll
0x00007ff955ba0000 - 0x00007ff955c0a000 	C:\WINDOWS\System32\WS2_32.dll
0x00007ff952810000 - 0x00007ff952833000 	C:\WINDOWS\SYSTEM32\WINMM.dll
0x00007ff94d0f0000 - 0x00007ff94d0fa000 	C:\WINDOWS\SYSTEM32\VERSION.dll
0x00007ff9527e0000 - 0x00007ff95280b000 	C:\WINDOWS\SYSTEM32\WINMMBASE.dll
0x00007ff955460000 - 0x00007ff9554a2000 	C:\WINDOWS\System32\cfgmgr32.dll
0x0000000071120000 - 0x000000007112f000 	C:\Program Files\Java\jdk1.8.0_91\jre\bin\verify.dll
0x00000000710f0000 - 0x0000000071119000 	C:\Program Files\Java\jdk1.8.0_91\jre\bin\java.dll
0x00000000710d0000 - 0x00000000710e6000 	C:\Program Files\Java\jdk1.8.0_91\jre\bin\zip.dll
0x00007ff956470000 - 0x00007ff957978000 	C:\WINDOWS\System32\SHELL32.dll
0x00007ff9549e0000 - 0x00007ff9550ba000 	C:\WINDOWS\System32\windows.storage.dll
0x00007ff954390000 - 0x00007ff9543dc000 	C:\WINDOWS\System32\powrprof.dll
0x00007ff957a90000 - 0x00007ff957ae2000 	C:\WINDOWS\System32\shlwapi.dll
0x00007ff954410000 - 0x00007ff95441f000 	C:\WINDOWS\System32\kernel.appcore.dll
0x00007ff9553b0000 - 0x00007ff955459000 	C:\WINDOWS\System32\shcore.dll
0x00007ff9543f0000 - 0x00007ff954404000 	C:\WINDOWS\System32\profapi.dll

VM Arguments:
jvm_args: -Djava.awt.headless=true -Xmx1024M -Dfile.encoding=windows-1257 -Duser.country=US -Duser.language=en -Duser.variant 
java_command: com.android.dx.command.Main --dex --force-jumbo --num-threads=4 --multi-dex --output C:\Users\armin\AndroidStudioProjects\android-maps-utils-master\demo\build\intermediates\transforms\dex\debug\folders\1000\5\slice_0 C:\Users\armin\AndroidStudioProjects\android-maps-utils-master\demo\build\intermediates\transforms\instantRunSlicer\debug\folders\1\5\slice_0
java_class_path (initial): C:\Users\armin\AppData\Local\Android\sdk\build-tools\25.0.1\lib\dx.jar
Launcher Type: SUN_STANDARD

Environment Variables:
PATH=C:\ProgramData\Oracle\Java\javapath;C:\WINDOWS\system32;C:\WINDOWS;C:\WINDOWS\System32\Wbem;C:\WINDOWS\System32\WindowsPowerShell\v1.0\;C:\Program Files (x86)\GtkSharp\2.12\bin;C:\Users\armin\.dnx\bin;C:\Program Files\Microsoft DNX\Dnvm\;C:\Program Files\Microsoft SQL Server\130\Tools\Binn\;C:\Program Files\Git\cmd;C:\Program Files (x86)\NVIDIA Corporation\PhysX\Common;C:\Program Files\dotnet\;C:\Program Files\MySQL\MySQL Utilities 1.6\;C:\Program Files (x86)\QuickTime\QTSystem\;C:\Program Files\Common Files\Autodesk Shared\;C:\Program Files (x86)\Autodesk\Backburner\;C:\Program Files (x86)\Skype\Phone\;C:\Program Files (x86)\Git\cmd;C:\Users\armin\AppData\Local\Programs\Python\Python35\Scripts\;C:\Users\armin\AppData\Local\Programs\Python\Python35\;C:\Program Files (x86)\Microsoft VS Code\bin;C:\Users\armin\AppData\Local\Microsoft\WindowsApps;C:\Program Files (x86)\Heroku\bin
USERNAME=armin
OS=Windows_NT
PROCESSOR_IDENTIFIER=Intel64 Family 6 Model 58 Stepping 9, GenuineIntel



---------------  S Y S T E M  ---------------

OS: Windows 10.0 , 64 bit Build 14393 (10.0.14393.1198)

CPU:total 4 (2 cores per cpu, 2 threads per core) family 6 model 58 stepping 9, cmov, cx8, fxsr, mmx, sse, sse2, sse3, ssse3, sse4.1, sse4.2, popcnt, avx, clmul, erms, ht, tsc, tscinvbit, tscinv

Memory: 4k page, physical 4094312k(847364k free), swap 7166312k(313540k free)

vm_info: Java HotSpot(TM) 64-Bit Server VM (25.91-b15) for windows-amd64 JRE (1.8.0_91-b15), built on May 20 2016 17:43:15 by "java_re" with MS VC++ 10.0 (VS2010)

time: Sat Jun 24 15:10:43 2017
elapsed time: 9 seconds (0d 0h 0m 9s)

