#
# There is insufficient memory for the Java Runtime Environment to continue.
# Native memory allocation (malloc) failed to allocate 98736 bytes for Chunk::new
# Possible reasons:
#   The system is out of physical RAM or swap space
#   In 32 bit mode, the process size limit was hit
# Possible solutions:
#   Reduce memory load on the system
#   Increase physical memory or swap space
#   Check if swap backing store is full
#   Use 64 bit Java on a 64 bit OS
#   Decrease Java heap size (-Xmx/-Xms)
#   Decrease number of Java threads
#   Decrease Java thread stack sizes (-Xss)
#   Set larger code cache with -XX:ReservedCodeCacheSize=
# This output file may be truncated or incomplete.
#
#  Out of Memory Error (allocation.cpp:390), pid=3364, tid=3764
#
# JRE version: Java(TM) SE Runtime Environment (8.0_91-b15) (build 1.8.0_91-b15)
# Java VM: Java HotSpot(TM) 64-Bit Server VM (25.91-b15 mixed mode windows-amd64 compressed oops)
# Failed to write core dump. Minidumps are not enabled by default on client versions of Windows
#

---------------  T H R E A D  ---------------

Current thread (0x00000000149f3000):  JavaThread "C2 CompilerThread1" daemon [_thread_in_native, id=3764, stack(0x00000000160b0000,0x00000000161b0000)]

Stack: [0x00000000160b0000,0x00000000161b0000]
[error occurred during error reporting (printing stack bounds), id 0xc0000005]

Native frames: (J=compiled Java code, j=interpreted, Vv=VM code, C=native code)


Current CompileTask:
C2:   6311 1663       4       com.android.dx.ssa.back.SsaToRop$1::visitBlock (97 bytes)


---------------  P R O C E S S  ---------------

Java Threads: ( => current thread )
  0x000000001643b800 JavaThread "pool-1-thread-4" [_thread_blocked, id=1964, stack(0x0000000016cb0000,0x0000000016db0000)]
  0x000000001643a000 JavaThread "pool-1-thread-3" [_thread_in_Java, id=8592, stack(0x0000000016bb0000,0x0000000016cb0000)]
  0x0000000016437000 JavaThread "pool-1-thread-2" [_thread_blocked, id=844, stack(0x0000000016ab0000,0x0000000016bb0000)]
  0x0000000016434000 JavaThread "pool-2-thread-1" [_thread_blocked, id=8752, stack(0x00000000169b0000,0x0000000016ab0000)]
  0x0000000016433000 JavaThread "pool-1-thread-1" [_thread_in_Java, id=8696, stack(0x00000000168b0000,0x00000000169b0000)]
  0x00000000161bb800 JavaThread "Service Thread" daemon [_thread_blocked, id=8820, stack(0x00000000166b0000,0x00000000167b0000)]
  0x0000000014a4e800 JavaThread "C1 CompilerThread2" daemon [_thread_blocked, id=4648, stack(0x00000000165b0000,0x00000000166b0000)]
=>0x00000000149f3000 JavaThread "C2 CompilerThread1" daemon [_thread_in_native, id=3764, stack(0x00000000160b0000,0x00000000161b0000)]
  0x00000000149f1000 JavaThread "C2 CompilerThread0" daemon [_thread_in_native, id=4260, stack(0x0000000015fb0000,0x00000000160b0000)]
  0x00000000149ee000 JavaThread "Attach Listener" daemon [_thread_blocked, id=7968, stack(0x0000000015eb0000,0x0000000015fb0000)]
  0x00000000149ed000 JavaThread "Signal Dispatcher" daemon [_thread_blocked, id=5964, stack(0x0000000015db0000,0x0000000015eb0000)]
  0x00000000149da000 JavaThread "Finalizer" daemon [_thread_blocked, id=8256, stack(0x0000000015c80000,0x0000000015d80000)]
  0x00000000149b9000 JavaThread "Reference Handler" daemon [_thread_blocked, id=2496, stack(0x0000000015b80000,0x0000000015c80000)]
  0x0000000002222800 JavaThread "main" [_thread_in_Java, id=7204, stack(0x0000000002020000,0x0000000002120000)]

Other Threads:
  0x00000000149b7800 VMThread [stack: 0x0000000015a80000,0x0000000015b80000] [id=1808]
  0x00000000161d1000 WatcherThread [stack: 0x00000000167b0000,0x00000000168b0000] [id=8288]

VM state:not at safepoint (normal execution)

VM Mutex/Monitor currently owned by a thread: None

Heap:
 PSYoungGen      total 35328K, used 25273K [0x00000000eab00000, 0x00000000ed000000, 0x0000000100000000)
  eden space 32768K, 69% used [0x00000000eab00000,0x00000000ec136788,0x00000000ecb00000)
  from space 2560K, 98% used [0x00000000ecb00000,0x00000000ecd78018,0x00000000ecd80000)
  to   space 2560K, 0% used [0x00000000ecd80000,0x00000000ecd80000,0x00000000ed000000)
 ParOldGen       total 44032K, used 8445K [0x00000000c0000000, 0x00000000c2b00000, 0x00000000eab00000)
  object space 44032K, 19% used [0x00000000c0000000,0x00000000c083f408,0x00000000c2b00000)
 Metaspace       used 6258K, capacity 7090K, committed 7296K, reserved 1056768K
  class space    used 601K, capacity 618K, committed 640K, reserved 1048576K

Card table byte_map: [0x00000000116e0000,0x00000000118f0000] byte_map_base: 0x00000000110e0000

Marking Bits: (ParMarkBitMap*) 0x0000000071942f70
 Begin Bits: [0x0000000011e50000, 0x0000000012e50000)
 End Bits:   [0x0000000012e50000, 0x0000000013e50000)

Polling page: 0x0000000000550000

CodeCache: size=245760Kb used=6993Kb max_used=7007Kb free=238766Kb
 bounds [0x0000000002320000, 0x0000000002a00000, 0x0000000011320000]
 total_blobs=1927 nmethods=1659 adapters=181
 compilation: enabled

Compilation events (10 events):
Event: 6.267 Thread 0x0000000014a4e800 1683       1       com.android.dx.cf.attrib.AttInnerClasses::getInnerClasses (5 bytes)
Event: 6.268 Thread 0x0000000014a4e800 nmethod 1683 0x00000000029d71d0 code [0x00000000029d7320, 0x00000000029d7430]
Event: 6.268 Thread 0x0000000014a4e800 1684       2       com.android.dx.rop.code.Rops::opInvokeDirect (17 bytes)
Event: 6.268 Thread 0x0000000014a4e800 nmethod 1684 0x00000000029fb210 code [0x00000000029fb380, 0x00000000029fb598]
Event: 6.268 Thread 0x00000000149f3000 nmethod 1626 0x00000000029fb6d0 code [0x00000000029fb9a0, 0x00000000029fd4a8]
Event: 6.269 Thread 0x00000000149f3000 1663       4       com.android.dx.ssa.back.SsaToRop$1::visitBlock (97 bytes)
Event: 6.274 Thread 0x0000000014a4e800 1686       1       com.android.dx.dex.file.ClassDefItem::getThisClass (5 bytes)
Event: 6.274 Thread 0x0000000014a4e800 nmethod 1686 0x00000000029faf50 code [0x00000000029fb0a0, 0x00000000029fb1b0]
Event: 6.275 Thread 0x0000000014a4e800 1687       2       java.util.concurrent.ThreadPoolExecutor$Worker::unlock (7 bytes)
Event: 6.276 Thread 0x0000000014a4e800 nmethod 1687 0x00000000029fab50 code [0x00000000029facc0, 0x00000000029fae88]

GC Heap History (6 events):
Event: 1.774 GC heap before
{Heap before GC invocations=1 (full 0):
 PSYoungGen      total 18944K, used 16384K [0x00000000eab00000, 0x00000000ec000000, 0x0000000100000000)
  eden space 16384K, 100% used [0x00000000eab00000,0x00000000ebb00000,0x00000000ebb00000)
  from space 2560K, 0% used [0x00000000ebd80000,0x00000000ebd80000,0x00000000ec000000)
  to   space 2560K, 0% used [0x00000000ebb00000,0x00000000ebb00000,0x00000000ebd80000)
 ParOldGen       total 44032K, used 0K [0x00000000c0000000, 0x00000000c2b00000, 0x00000000eab00000)
  object space 44032K, 0% used [0x00000000c0000000,0x00000000c0000000,0x00000000c2b00000)
 Metaspace       used 5736K, capacity 6642K, committed 6784K, reserved 1056768K
  class space    used 600K, capacity 618K, committed 640K, reserved 1048576K
Event: 1.853 GC heap after
Heap after GC invocations=1 (full 0):
 PSYoungGen      total 18944K, used 2551K [0x00000000eab00000, 0x00000000ed000000, 0x0000000100000000)
  eden space 16384K, 0% used [0x00000000eab00000,0x00000000eab00000,0x00000000ebb00000)
  from space 2560K, 99% used [0x00000000ebb00000,0x00000000ebd7dc98,0x00000000ebd80000)
  to   space 2560K, 0% used [0x00000000ecd80000,0x00000000ecd80000,0x00000000ed000000)
 ParOldGen       total 44032K, used 1407K [0x00000000c0000000, 0x00000000c2b00000, 0x00000000eab00000)
  object space 44032K, 3% used [0x00000000c0000000,0x00000000c015fe88,0x00000000c2b00000)
 Metaspace       used 5736K, capacity 6642K, committed 6784K, reserved 1056768K
  class space    used 600K, capacity 618K, committed 640K, reserved 1048576K
}
Event: 3.569 GC heap before
{Heap before GC invocations=2 (full 0):
 PSYoungGen      total 18944K, used 18935K [0x00000000eab00000, 0x00000000ed000000, 0x0000000100000000)
  eden space 16384K, 100% used [0x00000000eab00000,0x00000000ebb00000,0x00000000ebb00000)
  from space 2560K, 99% used [0x00000000ebb00000,0x00000000ebd7dc98,0x00000000ebd80000)
  to   space 2560K, 0% used [0x00000000ecd80000,0x00000000ecd80000,0x00000000ed000000)
 ParOldGen       total 44032K, used 1407K [0x00000000c0000000, 0x00000000c2b00000, 0x00000000eab00000)
  object space 44032K, 3% used [0x00000000c0000000,0x00000000c015fe88,0x00000000c2b00000)
 Metaspace       used 6014K, capacity 6898K, committed 7040K, reserved 1056768K
  class space    used 600K, capacity 618K, committed 640K, reserved 1048576K
Event: 3.647 GC heap after
Heap after GC invocations=2 (full 0):
 PSYoungGen      total 35328K, used 2528K [0x00000000eab00000, 0x00000000ed000000, 0x0000000100000000)
  eden space 32768K, 0% used [0x00000000eab00000,0x00000000eab00000,0x00000000ecb00000)
  from space 2560K, 98% used [0x00000000ecd80000,0x00000000ecff8048,0x00000000ed000000)
  to   space 2560K, 0% used [0x00000000ecb00000,0x00000000ecb00000,0x00000000ecd80000)
 ParOldGen       total 44032K, used 3579K [0x00000000c0000000, 0x00000000c2b00000, 0x00000000eab00000)
  object space 44032K, 8% used [0x00000000c0000000,0x00000000c037ed78,0x00000000c2b00000)
 Metaspace       used 6014K, capacity 6898K, committed 7040K, reserved 1056768K
  class space    used 600K, capacity 618K, committed 640K, reserved 1048576K
}
Event: 5.376 GC heap before
{Heap before GC invocations=3 (full 0):
 PSYoungGen      total 35328K, used 35296K [0x00000000eab00000, 0x00000000ed000000, 0x0000000100000000)
  eden space 32768K, 100% used [0x00000000eab00000,0x00000000ecb00000,0x00000000ecb00000)
  from space 2560K, 98% used [0x00000000ecd80000,0x00000000ecff8048,0x00000000ed000000)
  to   space 2560K, 0% used [0x00000000ecb00000,0x00000000ecb00000,0x00000000ecd80000)
 ParOldGen       total 44032K, used 3579K [0x00000000c0000000, 0x00000000c2b00000, 0x00000000eab00000)
  object space 44032K, 8% used [0x00000000c0000000,0x00000000c037ed78,0x00000000c2b00000)
 Metaspace       used 6211K, capacity 7090K, committed 7296K, reserved 1056768K
  class space    used 601K, capacity 618K, committed 640K, reserved 1048576K
Event: 5.552 GC heap after
Heap after GC invocations=3 (full 0):
 PSYoungGen      total 35328K, used 2528K [0x00000000eab00000, 0x00000000ed000000, 0x0000000100000000)
  eden space 32768K, 0% used [0x00000000eab00000,0x00000000eab00000,0x00000000ecb00000)
  from space 2560K, 98% used [0x00000000ecb00000,0x00000000ecd78018,0x00000000ecd80000)
  to   space 2560K, 0% used [0x00000000ecd80000,0x00000000ecd80000,0x00000000ed000000)
 ParOldGen       total 44032K, used 8445K [0x00000000c0000000, 0x00000000c2b00000, 0x00000000eab00000)
  object space 44032K, 19% used [0x00000000c0000000,0x00000000c083f408,0x00000000c2b00000)
 Metaspace       used 6211K, capacity 7090K, committed 7296K, reserved 1056768K
  class space    used 601K, capacity 618K, committed 640K, reserved 1048576K
}

Deoptimization events (10 events):
Event: 3.996 Thread 0x000000001643b800 Uncommon trap: reason=bimorphic action=maybe_recompile pc=0x00000000027bc9b4 method=com.android.dx.cf.code.BytecodeArray.parseInstruction(ILcom/android/dx/cf/code/BytecodeArray$Visitor;)I @ 2281
Event: 4.047 Thread 0x000000001643b800 Uncommon trap: reason=class_check action=maybe_recompile pc=0x0000000002811008 method=com.android.dx.ssa.SCCP.simulateBranch(Lcom/android/dx/ssa/SsaInsn;)V @ 145
Event: 4.048 Thread 0x000000001643b800 Uncommon trap: reason=class_check action=maybe_recompile pc=0x0000000002811008 method=com.android.dx.ssa.SCCP.simulateBranch(Lcom/android/dx/ssa/SsaInsn;)V @ 145
Event: 4.048 Thread 0x000000001643b800 Uncommon trap: reason=class_check action=maybe_recompile pc=0x0000000002811008 method=com.android.dx.ssa.SCCP.simulateBranch(Lcom/android/dx/ssa/SsaInsn;)V @ 145
Event: 4.048 Thread 0x000000001643b800 Uncommon trap: reason=class_check action=maybe_recompile pc=0x0000000002811008 method=com.android.dx.ssa.SCCP.simulateBranch(Lcom/android/dx/ssa/SsaInsn;)V @ 145
Event: 4.057 Thread 0x000000001643b800 Uncommon trap: reason=unstable_if action=reinterpret pc=0x00000000028928f8 method=com.android.dx.util.BitIntSet.has(I)Z @ 8
Event: 4.540 Thread 0x0000000002222800 Uncommon trap: reason=unloaded action=reinterpret pc=0x00000000027ad99c method=com.android.dx.cf.cst.ConstantPoolParser.parse0(ILjava/util/BitSet;)Lcom/android/dx/rop/cst/Constant; @ 176
Event: 5.597 Thread 0x000000001643b800 Uncommon trap: reason=unstable_if action=reinterpret pc=0x00000000029945cc method=com.android.dx.ssa.LiteralOpUpgrader$1.visitNonMoveInsn(Lcom/android/dx/ssa/NormalSsaInsn;)V @ 55
Event: 5.601 Thread 0x000000001643b800 Uncommon trap: reason=unstable_if action=reinterpret pc=0x00000000026b349c method=com.android.dx.ssa.SsaMethod.updateOneDefinition(Lcom/android/dx/ssa/SsaInsn;Lcom/android/dx/rop/code/RegisterSpec;)V @ 4
Event: 6.264 Thread 0x000000001643b800 Uncommon trap: reason=bimorphic action=maybe_recompile pc=0x00000000025892f0 method=java.util.HashMap.getNode(ILjava/lang/Object;)Ljava/util/HashMap$Node; @ 126

Internal exceptions (2 events):
Event: 0.064 Thread 0x0000000002222800 Exception <a 'java/lang/NoSuchMethodError': Method sun.misc.Unsafe.defineClass(Ljava/lang/String;[BII)Ljava/lang/Class; name or signature does not match> (0x00000000eab07cc0) thrown at [C:\re\workspace\8-2-build-windows-amd64-cygwin\jdk8u91\7017\hotspot\sry2¥ú‚°?
Event: 0.064 Thread 0x0000000002222800 Exception <a 'java/lang/NoSuchMethodError': Method sun.misc.Unsafe.prefetchRead(Ljava/lang/Object;J)V name or signature does not match> (0x00000000eab07fa8) thrown at [C:\re\workspace\8-2-build-windows-amd64-cygwin\jdk8u91\7017\hotspot\src\share\vm\prims\j

Events (10 events):
Event: 5.597 Thread 0x000000001643b800 DEOPT PACKING pc=0x00000000029945cc sp=0x0000000016daeac0
Event: 5.597 Thread 0x000000001643b800 DEOPT UNPACKING pc=0x000000000236582a sp=0x0000000016daeab0 mode 2
Event: 5.597 loading class com/android/dx/rop/code/RegOps
Event: 5.597 loading class com/android/dx/rop/code/RegOps done
Event: 5.601 Thread 0x000000001643b800 Uncommon trap: trap_request=0xffffff65 fr.pc=0x00000000026b349c
Event: 5.601 Thread 0x000000001643b800 DEOPT PACKING pc=0x00000000026b349c sp=0x0000000016dae910
Event: 5.601 Thread 0x000000001643b800 DEOPT UNPACKING pc=0x000000000236582a sp=0x0000000016dae8b8 mode 2
Event: 6.264 Thread 0x000000001643b800 Uncommon trap: trap_request=0xffffffc6 fr.pc=0x00000000025892f0
Event: 6.264 Thread 0x000000001643b800 DEOPT PACKING pc=0x00000000025892f0 sp=0x0000000016dae780
Event: 6.264 Thread 0x000000001643b800 DEOPT UNPACKING pc=0x000000000236582a sp=0x0000000016dae698 mode 2


Dynamic libraries:
0x00007ff611590000 - 0x00007ff6115c7000 	C:\Program Files\Java\jdk1.8.0_91\bin\java.exe
0x00007ff957f20000 - 0x00007ff9580f1000 	C:\WINDOWS\SYSTEM32\ntdll.dll
0x00007ff9579e0000 - 0x00007ff957a8c000 	C:\WINDOWS\System32\KERNEL32.DLL
0x00007ff954420000 - 0x00007ff95463d000 	C:\WINDOWS\System32\KERNELBASE.dll
0x00007ff955c10000 - 0x00007ff955cb2000 	C:\WINDOWS\System32\ADVAPI32.dll
0x00007ff955610000 - 0x00007ff9556ae000 	C:\WINDOWS\System32\msvcrt.dll
0x00007ff957c60000 - 0x00007ff957cb9000 	C:\WINDOWS\System32\sechost.dll
0x00007ff9554b0000 - 0x00007ff9555d1000 	C:\WINDOWS\System32\RPCRT4.dll
0x00007ff957db0000 - 0x00007ff957f15000 	C:\WINDOWS\System32\USER32.dll
0x00007ff9549c0000 - 0x00007ff9549de000 	C:\WINDOWS\System32\win32u.dll
0x00007ff957cc0000 - 0x00007ff957cf4000 	C:\WINDOWS\System32\GDI32.dll
0x00007ff954640000 - 0x00007ff9547c0000 	C:\WINDOWS\System32\gdi32full.dll
0x00007ff946f10000 - 0x00007ff94718a000 	C:\WINDOWS\WinSxS\amd64_microsoft.windows.common-controls_6595b64144ccf1df_6.0.14393.953_none_42151e83c686086b\COMCTL32.dll
0x00007ff955fe0000 - 0x00007ff9562a8000 	C:\WINDOWS\System32\combase.dll
0x00007ff954860000 - 0x00007ff954955000 	C:\WINDOWS\System32\ucrtbase.dll
0x00007ff955170000 - 0x00007ff9551da000 	C:\WINDOWS\System32\bcryptPrimitives.dll
0x00007ff957c30000 - 0x00007ff957c5e000 	C:\WINDOWS\System32\IMM32.DLL
0x0000000070cb0000 - 0x0000000070d82000 	C:\Program Files\Java\jdk1.8.0_91\jre\bin\msvcr100.dll
0x0000000071130000 - 0x00000000719c3000 	C:\Program Files\Java\jdk1.8.0_91\jre\bin\server\jvm.dll
0x00007ff9555e0000 - 0x00007ff9555e8000 	C:\WINDOWS\System32\PSAPI.DLL
0x00007ff942690000 - 0x00007ff942699000 	C:\WINDOWS\SYSTEM32\WSOCK32.dll
0x00007ff955ba0000 - 0x00007ff955c0a000 	C:\WINDOWS\System32\WS2_32.dll
0x00007ff952810000 - 0x00007ff952833000 	C:\WINDOWS\SYSTEM32\WINMM.dll
0x00007ff94d0f0000 - 0x00007ff94d0fa000 	C:\WINDOWS\SYSTEM32\VERSION.dll
0x00007ff9527e0000 - 0x00007ff95280b000 	C:\WINDOWS\SYSTEM32\WINMMBASE.dll
0x00007ff955460000 - 0x00007ff9554a2000 	C:\WINDOWS\System32\cfgmgr32.dll
0x0000000071120000 - 0x000000007112f000 	C:\Program Files\Java\jdk1.8.0_91\jre\bin\verify.dll
0x00000000710f0000 - 0x0000000071119000 	C:\Program Files\Java\jdk1.8.0_91\jre\bin\java.dll
0x00000000710d0000 - 0x00000000710e6000 	C:\Program Files\Java\jdk1.8.0_91\jre\bin\zip.dll
0x00007ff956470000 - 0x00007ff957978000 	C:\WINDOWS\System32\SHELL32.dll
0x00007ff9549e0000 - 0x00007ff9550ba000 	C:\WINDOWS\System32\windows.storage.dll
0x00007ff954390000 - 0x00007ff9543dc000 	C:\WINDOWS\System32\powrprof.dll
0x00007ff957a90000 - 0x00007ff957ae2000 	C:\WINDOWS\System32\shlwapi.dll
0x00007ff954410000 - 0x00007ff95441f000 	C:\WINDOWS\System32\kernel.appcore.dll
0x00007ff9553b0000 - 0x00007ff955459000 	C:\WINDOWS\System32\shcore.dll
0x00007ff9543f0000 - 0x00007ff954404000 	C:\WINDOWS\System32\profapi.dll

VM Arguments:
jvm_args: -Djava.awt.headless=true -Xmx1024M -Dfile.encoding=windows-1257 -Duser.country=US -Duser.language=en -Duser.variant 
java_command: com.android.dx.command.Main --dex --num-threads=4 --output C:\Users\armin\AndroidStudioProjects\android-maps-utils-master\demo\build\intermediates\pre-dexed\debug\classes_220bdaa32aced48ceb699890a53967c7bc4ab2dd.jar C:\Users\armin\.android\build-cache\0e71b351ebf605717ebe9c6795fee4f9f4d4797b\output\jars\classes.jar
java_class_path (initial): C:\Users\armin\AppData\Local\Android\sdk\build-tools\25.0.1\lib\dx.jar
Launcher Type: SUN_STANDARD

Environment Variables:
PATH=C:\ProgramData\Oracle\Java\javapath;C:\WINDOWS\system32;C:\WINDOWS;C:\WINDOWS\System32\Wbem;C:\WINDOWS\System32\WindowsPowerShell\v1.0\;C:\Program Files (x86)\GtkSharp\2.12\bin;C:\Users\armin\.dnx\bin;C:\Program Files\Microsoft DNX\Dnvm\;C:\Program Files\Microsoft SQL Server\130\Tools\Binn\;C:\Program Files\Git\cmd;C:\Program Files (x86)\NVIDIA Corporation\PhysX\Common;C:\Program Files\dotnet\;C:\Program Files\MySQL\MySQL Utilities 1.6\;C:\Program Files (x86)\QuickTime\QTSystem\;C:\Program Files\Common Files\Autodesk Shared\;C:\Program Files (x86)\Autodesk\Backburner\;C:\Program Files (x86)\Skype\Phone\;C:\Program Files (x86)\Git\cmd;C:\Users\armin\AppData\Local\Programs\Python\Python35\Scripts\;C:\Users\armin\AppData\Local\Programs\Python\Python35\;C:\Program Files (x86)\Microsoft VS Code\bin;C:\Users\armin\AppData\Local\Microsoft\WindowsApps;C:\Program Files (x86)\Heroku\bin
USERNAME=armin
OS=Windows_NT
PROCESSOR_IDENTIFIER=Intel64 Family 6 Model 58 Stepping 9, GenuineIntel



---------------  S Y S T E M  ---------------

OS: Windows 10.0 , 64 bit Build 14393 (10.0.14393.1198)

CPU:total 4 (2 cores per cpu, 2 threads per core) family 6 model 58 stepping 9, cmov, cx8, fxsr, mmx, sse, sse2, sse3, ssse3, sse4.1, sse4.2, popcnt, avx, clmul, erms, ht, tsc, tscinvbit, tscinv

Memory: 4k page, physical 4094312k(611936k free), swap 7166312k(5128k free)

vm_info: Java HotSpot(TM) 64-Bit Server VM (25.91-b15) for windows-amd64 JRE (1.8.0_91-b15), built on May 20 2016 17:43:15 by "java_re" with MS VC++ 10.0 (VS2010)

time: Sat Jun 24 15:11:45 2017
elapsed time: 6 seconds (0d 0h 0m 6s)

