#
# There is insufficient memory for the Java Runtime Environment to continue.
# Native memory allocation (malloc) failed to allocate 1048576 bytes for AllocateHeap
# Possible reasons:
#   The system is out of physical RAM or swap space
#   In 32 bit mode, the process size limit was hit
# Possible solutions:
#   Reduce memory load on the system
#   Increase physical memory or swap space
#   Check if swap backing store is full
#   Use 64 bit Java on a 64 bit OS
#   Decrease Java heap size (-Xmx/-Xms)
#   Decrease number of Java threads
#   Decrease Java thread stack sizes (-Xss)
#   Set larger code cache with -XX:ReservedCodeCacheSize=
# This output file may be truncated or incomplete.
#
#  Out of Memory Error (memory/allocation.inline.hpp:61), pid=9412, tid=3860
#
# JRE version:  (8.0_91-b15) (build )
# Java VM: Java HotSpot(TM) 64-Bit Server VM (25.91-b15 mixed mode windows-amd64 compressed oops)
# Failed to write core dump. Minidumps are not enabled by default on client versions of Windows
#

---------------  T H R E A D  ---------------

Current thread (0x0000000002872800):  JavaThread "Unknown thread" [_thread_in_vm, id=3860, stack(0x00000000026d0000,0x00000000027d0000)]

Stack: [0x00000000026d0000,0x00000000027d0000]
[error occurred during error reporting (printing stack bounds), id 0xc0000005]

Native frames: (J=compiled Java code, j=interpreted, Vv=VM code, C=native code)


---------------  P R O C E S S  ---------------

Java Threads: ( => current thread )

Other Threads:

=>0x0000000002872800 (exited) JavaThread "Unknown thread" [_thread_in_vm, id=3860, stack(0x00000000026d0000,0x00000000027d0000)]

VM state:not at safepoint (normal execution)

VM Mutex/Monitor currently owned by a thread: None

Heap:
 PSYoungGen      total 18944K, used 327K [0x00000000eab00000, 0x00000000ec000000, 0x0000000100000000)
  eden space 16384K, 2% used [0x00000000eab00000,0x00000000eab51ec8,0x00000000ebb00000)
  from space 2560K, 0% used [0x00000000ebd80000,0x00000000ebd80000,0x00000000ec000000)
  to   space 2560K, 0% used [0x00000000ebb00000,0x00000000ebb00000,0x00000000ebd80000)
 ParOldGen       total 44032K, used 0K [0x00000000c0000000, 0x00000000c2b00000, 0x00000000eab00000)
  object space 44032K, 0% used [0x00000000c0000000,0x00000000c0000000,0x00000000c2b00000)
 Metaspace       used 769K, capacity 4480K, committed 4480K, reserved 1056768K
  class space    used 75K, capacity 384K, committed 384K, reserved 1048576K

Card table byte_map: [0x0000000011dd0000,0x0000000011fe0000] byte_map_base: 0x00000000117d0000

Marking Bits: (ParMarkBitMap*) 0x0000000071942f70
 Begin Bits: [0x0000000012540000, 0x0000000013540000)
 End Bits:   [0x0000000013540000, 0x0000000014540000)

Polling page: 0x00000000007f0000

CodeCache: size=245760Kb used=328Kb max_used=328Kb free=245431Kb
 bounds [0x0000000002a10000, 0x0000000002c80000, 0x0000000011a10000]
 total_blobs=58 nmethods=0 adapters=38
 compilation: enabled

Compilation events (0 events):
No events

GC Heap History (0 events):
No events

Deoptimization events (0 events):
No events

Internal exceptions (0 events):
No events

Events (10 events):
Event: 0.430 loading class java/lang/Short
Event: 0.430 loading class java/lang/Short done
Event: 0.430 loading class java/lang/Integer
Event: 0.430 loading class java/lang/Integer done
Event: 0.430 loading class java/lang/Long
Event: 0.431 loading class java/lang/Long done
Event: 0.432 loading class java/lang/NullPointerException
Event: 0.432 loading class java/lang/NullPointerException done
Event: 0.432 loading class java/lang/ArithmeticException
Event: 0.432 loading class java/lang/ArithmeticException done


Dynamic libraries:
0x00007ff611590000 - 0x00007ff6115c7000 	C:\Program Files\Java\jdk1.8.0_91\bin\java.exe
0x00007ff957f20000 - 0x00007ff9580f1000 	C:\WINDOWS\SYSTEM32\ntdll.dll
0x00007ff9579e0000 - 0x00007ff957a8c000 	C:\WINDOWS\System32\KERNEL32.DLL
0x00007ff954420000 - 0x00007ff95463d000 	C:\WINDOWS\System32\KERNELBASE.dll
0x00007ff955c10000 - 0x00007ff955cb2000 	C:\WINDOWS\System32\ADVAPI32.dll
0x00007ff955610000 - 0x00007ff9556ae000 	C:\WINDOWS\System32\msvcrt.dll
0x00007ff957c60000 - 0x00007ff957cb9000 	C:\WINDOWS\System32\sechost.dll
0x00007ff9554b0000 - 0x00007ff9555d1000 	C:\WINDOWS\System32\RPCRT4.dll
0x00007ff957db0000 - 0x00007ff957f15000 	C:\WINDOWS\System32\USER32.dll
0x00007ff9549c0000 - 0x00007ff9549de000 	C:\WINDOWS\System32\win32u.dll
0x00007ff957cc0000 - 0x00007ff957cf4000 	C:\WINDOWS\System32\GDI32.dll
0x00007ff954640000 - 0x00007ff9547c0000 	C:\WINDOWS\System32\gdi32full.dll
0x00007ff946f10000 - 0x00007ff94718a000 	C:\WINDOWS\WinSxS\amd64_microsoft.windows.common-controls_6595b64144ccf1df_6.0.14393.953_none_42151e83c686086b\COMCTL32.dll
0x00007ff955fe0000 - 0x00007ff9562a8000 	C:\WINDOWS\System32\combase.dll
0x00007ff954860000 - 0x00007ff954955000 	C:\WINDOWS\System32\ucrtbase.dll
0x00007ff955170000 - 0x00007ff9551da000 	C:\WINDOWS\System32\bcryptPrimitives.dll
0x00007ff957c30000 - 0x00007ff957c5e000 	C:\WINDOWS\System32\IMM32.DLL
0x0000000070cb0000 - 0x0000000070d82000 	C:\Program Files\Java\jdk1.8.0_91\jre\bin\msvcr100.dll
0x0000000071130000 - 0x00000000719c3000 	C:\Program Files\Java\jdk1.8.0_91\jre\bin\server\jvm.dll
0x00007ff9555e0000 - 0x00007ff9555e8000 	C:\WINDOWS\System32\PSAPI.DLL
0x00007ff942690000 - 0x00007ff942699000 	C:\WINDOWS\SYSTEM32\WSOCK32.dll
0x00007ff955ba0000 - 0x00007ff955c0a000 	C:\WINDOWS\System32\WS2_32.dll
0x00007ff952810000 - 0x00007ff952833000 	C:\WINDOWS\SYSTEM32\WINMM.dll
0x00007ff94d0f0000 - 0x00007ff94d0fa000 	C:\WINDOWS\SYSTEM32\VERSION.dll
0x00007ff9527e0000 - 0x00007ff95280b000 	C:\WINDOWS\SYSTEM32\WINMMBASE.dll
0x00007ff955460000 - 0x00007ff9554a2000 	C:\WINDOWS\System32\cfgmgr32.dll
0x0000000071120000 - 0x000000007112f000 	C:\Program Files\Java\jdk1.8.0_91\jre\bin\verify.dll
0x00000000710f0000 - 0x0000000071119000 	C:\Program Files\Java\jdk1.8.0_91\jre\bin\java.dll
0x00000000710d0000 - 0x00000000710e6000 	C:\Program Files\Java\jdk1.8.0_91\jre\bin\zip.dll

VM Arguments:
jvm_args: -Djava.awt.headless=true -Xmx1024M -Dfile.encoding=windows-1257 -Duser.country=US -Duser.language=en -Duser.variant 
java_command: com.android.dx.command.Main --dex --num-threads=4 --output C:\Users\armin\AndroidStudioProjects\android-maps-utils-master\demo\build\intermediates\pre-dexed\debug\classes_523046c79e19a2d4c2a96ed58af0ba1ba6826325.jar C:\Users\armin\AndroidStudioProjects\android-maps-utils-master\library\build\intermediates\bundles\default\classes.jar
java_class_path (initial): C:\Users\armin\AppData\Local\Android\sdk\build-tools\25.0.1\lib\dx.jar
Launcher Type: SUN_STANDARD

Environment Variables:
PATH=C:\ProgramData\Oracle\Java\javapath;C:\WINDOWS\system32;C:\WINDOWS;C:\WINDOWS\System32\Wbem;C:\WINDOWS\System32\WindowsPowerShell\v1.0\;C:\Program Files (x86)\GtkSharp\2.12\bin;C:\Users\armin\.dnx\bin;C:\Program Files\Microsoft DNX\Dnvm\;C:\Program Files\Microsoft SQL Server\130\Tools\Binn\;C:\Program Files\Git\cmd;C:\Program Files (x86)\NVIDIA Corporation\PhysX\Common;C:\Program Files\dotnet\;C:\Program Files\MySQL\MySQL Utilities 1.6\;C:\Program Files (x86)\QuickTime\QTSystem\;C:\Program Files\Common Files\Autodesk Shared\;C:\Program Files (x86)\Autodesk\Backburner\;C:\Program Files (x86)\Skype\Phone\;C:\Program Files (x86)\Git\cmd;C:\Users\armin\AppData\Local\Programs\Python\Python35\Scripts\;C:\Users\armin\AppData\Local\Programs\Python\Python35\;C:\Program Files (x86)\Microsoft VS Code\bin;C:\Users\armin\AppData\Local\Microsoft\WindowsApps;C:\Program Files (x86)\Heroku\bin
USERNAME=armin
OS=Windows_NT
PROCESSOR_IDENTIFIER=Intel64 Family 6 Model 58 Stepping 9, GenuineIntel



---------------  S Y S T E M  ---------------

OS: Windows 10.0 , 64 bit Build 14393 (10.0.14393.1198)

CPU:total 4 (2 cores per cpu, 2 threads per core) family 6 model 58 stepping 9, cmov, cx8, fxsr, mmx, sse, sse2, sse3, ssse3, sse4.1, sse4.2, popcnt, avx, clmul, erms, ht, tsc, tscinvbit, tscinv

Memory: 4k page, physical 4094312k(540224k free), swap 7166312k(6772k free)

vm_info: Java HotSpot(TM) 64-Bit Server VM (25.91-b15) for windows-amd64 JRE (1.8.0_91-b15), built on May 20 2016 17:43:15 by "java_re" with MS VC++ 10.0 (VS2010)

time: Sat Jun 24 15:12:00 2017
elapsed time: 0 seconds (0d 0h 0m 0s)

