#
# There is insufficient memory for the Java Runtime Environment to continue.
# Native memory allocation (malloc) failed to allocate 387376 bytes for Chunk::new
# Possible reasons:
#   The system is out of physical RAM or swap space
#   In 32 bit mode, the process size limit was hit
# Possible solutions:
#   Reduce memory load on the system
#   Increase physical memory or swap space
#   Check if swap backing store is full
#   Use 64 bit Java on a 64 bit OS
#   Decrease Java heap size (-Xmx/-Xms)
#   Decrease number of Java threads
#   Decrease Java thread stack sizes (-Xss)
#   Set larger code cache with -XX:ReservedCodeCacheSize=
# This output file may be truncated or incomplete.
#
#  Out of Memory Error (allocation.cpp:390), pid=10236, tid=8448
#
# JRE version: Java(TM) SE Runtime Environment (8.0_91-b15) (build 1.8.0_91-b15)
# Java VM: Java HotSpot(TM) 64-Bit Server VM (25.91-b15 mixed mode windows-amd64 compressed oops)
# Failed to write core dump. Minidumps are not enabled by default on client versions of Windows
#

---------------  T H R E A D  ---------------

Current thread (0x00000000152c5800):  JavaThread "C2 CompilerThread0" daemon [_thread_in_native, id=8448, stack(0x0000000016910000,0x0000000016a10000)]

Stack: [0x0000000016910000,0x0000000016a10000]
[error occurred during error reporting (printing stack bounds), id 0xc0000005]

Native frames: (J=compiled Java code, j=interpreted, Vv=VM code, C=native code)


Current CompileTask:
C2:   3554  916   !   4       com.android.dx.cf.cst.ConstantPoolParser::parse0 (731 bytes)


---------------  P R O C E S S  ---------------

Java Threads: ( => current thread )
  0x0000000016e18000 JavaThread "pool-2-thread-4" [_thread_in_vm, id=3972, stack(0x0000000017610000,0x0000000017710000)]
  0x0000000016d4f800 JavaThread "pool-2-thread-3" [_thread_in_Java, id=2024, stack(0x0000000017510000,0x0000000017610000)]
  0x0000000016d5f800 JavaThread "pool-2-thread-2" [_thread_in_Java, id=3436, stack(0x0000000017410000,0x0000000017510000)]
  0x0000000016d47800 JavaThread "pool-3-thread-1" [_thread_blocked, id=9212, stack(0x0000000017310000,0x0000000017410000)]
  0x0000000016d5c000 JavaThread "pool-2-thread-1" [_thread_in_Java, id=1532, stack(0x0000000017210000,0x0000000017310000)]
  0x0000000016c48800 JavaThread "Service Thread" daemon [_thread_blocked, id=3120, stack(0x0000000017010000,0x0000000017110000)]
  0x00000000152cb800 JavaThread "C1 CompilerThread2" daemon [_thread_blocked, id=8784, stack(0x0000000016b10000,0x0000000016c10000)]
  0x00000000152c7800 JavaThread "C2 CompilerThread1" daemon [_thread_in_native, id=9220, stack(0x0000000016a10000,0x0000000016b10000)]
=>0x00000000152c5800 JavaThread "C2 CompilerThread0" daemon [_thread_in_native, id=8448, stack(0x0000000016910000,0x0000000016a10000)]
  0x00000000152c2000 JavaThread "Attach Listener" daemon [_thread_blocked, id=1720, stack(0x0000000016810000,0x0000000016910000)]
  0x00000000152c1000 JavaThread "Signal Dispatcher" daemon [_thread_blocked, id=3860, stack(0x0000000016710000,0x0000000016810000)]
  0x00000000152aa800 JavaThread "Finalizer" daemon [_thread_blocked, id=3660, stack(0x0000000016520000,0x0000000016620000)]
  0x0000000002bdf800 JavaThread "Reference Handler" daemon [_thread_blocked, id=7504, stack(0x0000000016420000,0x0000000016520000)]
  0x0000000002aed800 JavaThread "main" [_thread_blocked, id=5792, stack(0x00000000029e0000,0x0000000002ae0000)]

Other Threads:
  0x0000000015288800 VMThread [stack: 0x0000000016320000,0x0000000016420000] [id=9644]
  0x0000000016c6d000 WatcherThread [stack: 0x0000000017110000,0x0000000017210000] [id=9428]

VM state:not at safepoint (normal execution)

VM Mutex/Monitor currently owned by a thread: None

Heap:
 PSYoungGen      total 18944K, used 16206K [0x00000000eab00000, 0x00000000ec000000, 0x0000000100000000)
  eden space 16384K, 83% used [0x00000000eab00000,0x00000000eb85a7c0,0x00000000ebb00000)
  from space 2560K, 98% used [0x00000000ebb00000,0x00000000ebd791c8,0x00000000ebd80000)
  to   space 2560K, 0% used [0x00000000ebd80000,0x00000000ebd80000,0x00000000ec000000)
 ParOldGen       total 44032K, used 1552K [0x00000000c0000000, 0x00000000c2b00000, 0x00000000eab00000)
  object space 44032K, 3% used [0x00000000c0000000,0x00000000c0184358,0x00000000c2b00000)
 Metaspace       used 5787K, capacity 6896K, committed 7040K, reserved 1056768K
  class space    used 582K, capacity 616K, committed 640K, reserved 1048576K

Card table byte_map: [0x0000000011fb0000,0x00000000121c0000] byte_map_base: 0x00000000119b0000

Marking Bits: (ParMarkBitMap*) 0x0000000071942f70
 Begin Bits: [0x0000000012720000, 0x0000000013720000)
 End Bits:   [0x0000000013720000, 0x0000000014720000)

Polling page: 0x0000000000ec0000

CodeCache: size=245760Kb used=4611Kb max_used=4611Kb free=241148Kb
 bounds [0x0000000002bf0000, 0x0000000003080000, 0x0000000011bf0000]
 total_blobs=1389 nmethods=1127 adapters=175
 compilation: enabled

Compilation events (10 events):
Event: 3.531 Thread 0x00000000152cb800 1135       1       com.android.dx.dex.file.DexFile::getFieldIds (5 bytes)
Event: 3.531 Thread 0x00000000152cb800 nmethod 1135 0x00000000030701d0 code [0x0000000003070320, 0x0000000003070430]
Event: 3.532 Thread 0x00000000152cb800 1136       3       com.android.dx.ssa.back.SsaToRop::removePhiFunctions (83 bytes)
Event: 3.533 Thread 0x00000000152cb800 nmethod 1136 0x0000000003070490 code [0x0000000003070760, 0x0000000003071ae8]
Event: 3.534 Thread 0x00000000152cb800 1137       3       com.android.dx.ssa.SsaMethod::getCountReachableBlocks (44 bytes)
Event: 3.535 Thread 0x00000000152cb800 nmethod 1137 0x00000000030725d0 code [0x00000000030727a0, 0x0000000003073058]
Event: 3.535 Thread 0x00000000152cb800 1138       3       com.android.dx.dex.file.OffsettedItem::<init> (44 bytes)
Event: 3.535 Thread 0x00000000152cb800 nmethod 1138 0x0000000003073410 code [0x00000000030735c0, 0x0000000003073a98]
Event: 3.536 Thread 0x00000000152cb800 1139       3       com.android.dx.rop.code.RegisterSpec::withLocalItem (41 bytes)
Event: 3.537 Thread 0x00000000152cb800 nmethod 1139 0x0000000003073c90 code [0x0000000003073e20, 0x0000000003074338]

GC Heap History (2 events):
Event: 2.508 GC heap before
{Heap before GC invocations=1 (full 0):
 PSYoungGen      total 18944K, used 16384K [0x00000000eab00000, 0x00000000ec000000, 0x0000000100000000)
  eden space 16384K, 100% used [0x00000000eab00000,0x00000000ebb00000,0x00000000ebb00000)
  from space 2560K, 0% used [0x00000000ebd80000,0x00000000ebd80000,0x00000000ec000000)
  to   space 2560K, 0% used [0x00000000ebb00000,0x00000000ebb00000,0x00000000ebd80000)
 ParOldGen       total 44032K, used 0K [0x00000000c0000000, 0x00000000c2b00000, 0x00000000eab00000)
  object space 44032K, 0% used [0x00000000c0000000,0x00000000c0000000,0x00000000c2b00000)
 Metaspace       used 5620K, capacity 6768K, committed 7040K, reserved 1056768K
  class space    used 579K, capacity 616K, committed 640K, reserved 1048576K
Event: 3.072 GC heap after
Heap after GC invocations=1 (full 0):
 PSYoungGen      total 18944K, used 2532K [0x00000000eab00000, 0x00000000ec000000, 0x0000000100000000)
  eden space 16384K, 0% used [0x00000000eab00000,0x00000000eab00000,0x00000000ebb00000)
  from space 2560K, 98% used [0x00000000ebb00000,0x00000000ebd791c8,0x00000000ebd80000)
  to   space 2560K, 0% used [0x00000000ebd80000,0x00000000ebd80000,0x00000000ec000000)
 ParOldGen       total 44032K, used 1552K [0x00000000c0000000, 0x00000000c2b00000, 0x00000000eab00000)
  object space 44032K, 3% used [0x00000000c0000000,0x00000000c0184358,0x00000000c2b00000)
 Metaspace       used 5620K, capacity 6768K, committed 7040K, reserved 1056768K
  class space    used 579K, capacity 616K, committed 640K, reserved 1048576K
}

Deoptimization events (10 events):
Event: 3.476 Thread 0x0000000016d5f800 Uncommon trap: reason=unstable_if action=reinterpret pc=0x0000000002f29940 method=com.android.dx.rop.code.RegisterSpec.equals(ILcom/android/dx/rop/type/TypeBearer;Lcom/android/dx/rop/code/LocalItem;)Z @ 16
Event: 3.478 Thread 0x0000000016d5f800 Uncommon trap: reason=unstable_if action=reinterpret pc=0x0000000002f791f0 method=com.android.dx.ssa.SsaRenamer$BlockRenamer.addMapping(ILcom/android/dx/rop/code/RegisterSpec;)V @ 120
Event: 3.480 Thread 0x0000000016d5f800 Uncommon trap: reason=bimorphic action=maybe_recompile pc=0x000000000300b73c method=java.util.HashMap.putVal(ILjava/lang/Object;Ljava/lang/Object;ZZ)Ljava/lang/Object; @ 91
Event: 3.480 Thread 0x0000000016d5f800 Uncommon trap: reason=bimorphic action=maybe_recompile pc=0x000000000300b73c method=java.util.HashMap.putVal(ILjava/lang/Object;Ljava/lang/Object;ZZ)Ljava/lang/Object; @ 91
Event: 3.481 Thread 0x0000000016d5f800 Uncommon trap: reason=bimorphic action=maybe_recompile pc=0x000000000300b73c method=java.util.HashMap.putVal(ILjava/lang/Object;Ljava/lang/Object;ZZ)Ljava/lang/Object; @ 91
Event: 3.487 Thread 0x0000000016d5f800 Uncommon trap: reason=class_check action=maybe_recompile pc=0x0000000002f105a0 method=com.android.dx.rop.type.Type.equals(Ljava/lang/Object;)Z @ 8
Event: 3.505 Thread 0x0000000016e18000 Uncommon trap: reason=class_check action=maybe_recompile pc=0x0000000002ed2094 method=com.android.dx.ssa.NormalSsaInsn.accept(Lcom/android/dx/ssa/SsaInsn$Visitor;)V @ 9
Event: 3.505 Thread 0x0000000016e18000 Uncommon trap: reason=class_check action=maybe_recompile pc=0x0000000002ed2094 method=com.android.dx.ssa.NormalSsaInsn.accept(Lcom/android/dx/ssa/SsaInsn$Visitor;)V @ 9
Event: 3.505 Thread 0x0000000016e18000 Uncommon trap: reason=class_check action=maybe_recompile pc=0x0000000002ed2094 method=com.android.dx.ssa.NormalSsaInsn.accept(Lcom/android/dx/ssa/SsaInsn$Visitor;)V @ 9
Event: 3.506 Thread 0x0000000016e18000 Uncommon trap: reason=class_check action=maybe_recompile pc=0x0000000002e9d564 method=com.android.dx.ssa.NormalSsaInsn.accept(Lcom/android/dx/ssa/SsaInsn$Visitor;)V @ 9

Internal exceptions (2 events):
Event: 0.088 Thread 0x0000000002aed800 Exception <a 'java/lang/NoSuchMethodError': Method sun.misc.Unsafe.defineClass(Ljava/lang/String;[BII)Ljava/lang/Class; name or signature does not match> (0x00000000eab07cc0) thrown at [C:\re\workspace\8-2-build-windows-amd64-cygwin\jdk8u91\7017\hotspot\sr$†á±r¶?
Event: 0.088 Thread 0x0000000002aed800 Exception <a 'java/lang/NoSuchMethodError': Method sun.misc.Unsafe.prefetchRead(Ljava/lang/Object;J)V name or signature does not match> (0x00000000eab07fa8) thrown at [C:\re\workspace\8-2-build-windows-amd64-cygwin\jdk8u91\7017\hotspot\src\share\vm\prims\j

Events (10 events):
Event: 3.505 Thread 0x0000000016e18000 DEOPT UNPACKING pc=0x0000000002c3582a sp=0x000000001770ec70 mode 2
Event: 3.505 Thread 0x0000000016e18000 Uncommon trap: trap_request=0xffffffde fr.pc=0x0000000002ed2094
Event: 3.505 Thread 0x0000000016e18000 DEOPT PACKING pc=0x0000000002ed2094 sp=0x000000001770eca0
Event: 3.505 Thread 0x0000000016e18000 DEOPT UNPACKING pc=0x0000000002c3582a sp=0x000000001770ec70 mode 2
Event: 3.505 Thread 0x0000000016e18000 Uncommon trap: trap_request=0xffffffde fr.pc=0x0000000002ed2094
Event: 3.505 Thread 0x0000000016e18000 DEOPT PACKING pc=0x0000000002ed2094 sp=0x000000001770e8e0
Event: 3.505 Thread 0x0000000016e18000 DEOPT UNPACKING pc=0x0000000002c3582a sp=0x000000001770e8b0 mode 2
Event: 3.506 Thread 0x0000000016e18000 Uncommon trap: trap_request=0xffffffde fr.pc=0x0000000002e9d564
Event: 3.506 Thread 0x0000000016e18000 DEOPT PACKING pc=0x0000000002e9d564 sp=0x000000001770e870
Event: 3.506 Thread 0x0000000016e18000 DEOPT UNPACKING pc=0x0000000002c3582a sp=0x000000001770e8a0 mode 2


Dynamic libraries:
0x00007ff611590000 - 0x00007ff6115c7000 	C:\Program Files\Java\jdk1.8.0_91\bin\java.exe
0x00007ff957f20000 - 0x00007ff9580f1000 	C:\WINDOWS\SYSTEM32\ntdll.dll
0x00007ff9579e0000 - 0x00007ff957a8c000 	C:\WINDOWS\System32\KERNEL32.DLL
0x00007ff954420000 - 0x00007ff95463d000 	C:\WINDOWS\System32\KERNELBASE.dll
0x00007ff955c10000 - 0x00007ff955cb2000 	C:\WINDOWS\System32\ADVAPI32.dll
0x00007ff955610000 - 0x00007ff9556ae000 	C:\WINDOWS\System32\msvcrt.dll
0x00007ff957c60000 - 0x00007ff957cb9000 	C:\WINDOWS\System32\sechost.dll
0x00007ff9554b0000 - 0x00007ff9555d1000 	C:\WINDOWS\System32\RPCRT4.dll
0x00007ff957db0000 - 0x00007ff957f15000 	C:\WINDOWS\System32\USER32.dll
0x00007ff9549c0000 - 0x00007ff9549de000 	C:\WINDOWS\System32\win32u.dll
0x00007ff957cc0000 - 0x00007ff957cf4000 	C:\WINDOWS\System32\GDI32.dll
0x00007ff954640000 - 0x00007ff9547c0000 	C:\WINDOWS\System32\gdi32full.dll
0x00007ff946f10000 - 0x00007ff94718a000 	C:\WINDOWS\WinSxS\amd64_microsoft.windows.common-controls_6595b64144ccf1df_6.0.14393.953_none_42151e83c686086b\COMCTL32.dll
0x00007ff955fe0000 - 0x00007ff9562a8000 	C:\WINDOWS\System32\combase.dll
0x00007ff954860000 - 0x00007ff954955000 	C:\WINDOWS\System32\ucrtbase.dll
0x00007ff955170000 - 0x00007ff9551da000 	C:\WINDOWS\System32\bcryptPrimitives.dll
0x00007ff957c30000 - 0x00007ff957c5e000 	C:\WINDOWS\System32\IMM32.DLL
0x0000000070cb0000 - 0x0000000070d82000 	C:\Program Files\Java\jdk1.8.0_91\jre\bin\msvcr100.dll
0x0000000071130000 - 0x00000000719c3000 	C:\Program Files\Java\jdk1.8.0_91\jre\bin\server\jvm.dll
0x00007ff9555e0000 - 0x00007ff9555e8000 	C:\WINDOWS\System32\PSAPI.DLL
0x00007ff942690000 - 0x00007ff942699000 	C:\WINDOWS\SYSTEM32\WSOCK32.dll
0x00007ff955ba0000 - 0x00007ff955c0a000 	C:\WINDOWS\System32\WS2_32.dll
0x00007ff952810000 - 0x00007ff952833000 	C:\WINDOWS\SYSTEM32\WINMM.dll
0x00007ff94d0f0000 - 0x00007ff94d0fa000 	C:\WINDOWS\SYSTEM32\VERSION.dll
0x00007ff9527e0000 - 0x00007ff95280b000 	C:\WINDOWS\SYSTEM32\WINMMBASE.dll
0x00007ff955460000 - 0x00007ff9554a2000 	C:\WINDOWS\System32\cfgmgr32.dll
0x0000000071120000 - 0x000000007112f000 	C:\Program Files\Java\jdk1.8.0_91\jre\bin\verify.dll
0x00000000710f0000 - 0x0000000071119000 	C:\Program Files\Java\jdk1.8.0_91\jre\bin\java.dll
0x00000000710d0000 - 0x00000000710e6000 	C:\Program Files\Java\jdk1.8.0_91\jre\bin\zip.dll
0x00007ff956470000 - 0x00007ff957978000 	C:\WINDOWS\System32\SHELL32.dll
0x00007ff9549e0000 - 0x00007ff9550ba000 	C:\WINDOWS\System32\windows.storage.dll
0x00007ff954390000 - 0x00007ff9543dc000 	C:\WINDOWS\System32\powrprof.dll
0x00007ff957a90000 - 0x00007ff957ae2000 	C:\WINDOWS\System32\shlwapi.dll
0x00007ff954410000 - 0x00007ff95441f000 	C:\WINDOWS\System32\kernel.appcore.dll
0x00007ff9553b0000 - 0x00007ff955459000 	C:\WINDOWS\System32\shcore.dll
0x00007ff9543f0000 - 0x00007ff954404000 	C:\WINDOWS\System32\profapi.dll

VM Arguments:
jvm_args: -Djava.awt.headless=true -Xmx1024M -Dfile.encoding=windows-1257 -Duser.country=US -Duser.language=en -Duser.variant 
java_command: com.android.dx.command.Main --dex --force-jumbo --num-threads=4 --multi-dex --output C:\Users\armin\AndroidStudioProjects\android-maps-utils-master\demo\build\intermediates\transforms\dex\debug\folders\1000\5\slice_2 C:\Users\armin\AndroidStudioProjects\android-maps-utils-master\demo\build\intermediates\transforms\instantRunSlicer\debug\folders\1\5\slice_2
java_class_path (initial): C:\Users\armin\AppData\Local\Android\sdk\build-tools\25.0.1\lib\dx.jar
Launcher Type: SUN_STANDARD

Environment Variables:
PATH=C:\ProgramData\Oracle\Java\javapath;C:\WINDOWS\system32;C:\WINDOWS;C:\WINDOWS\System32\Wbem;C:\WINDOWS\System32\WindowsPowerShell\v1.0\;C:\Program Files (x86)\GtkSharp\2.12\bin;C:\Users\armin\.dnx\bin;C:\Program Files\Microsoft DNX\Dnvm\;C:\Program Files\Microsoft SQL Server\130\Tools\Binn\;C:\Program Files\Git\cmd;C:\Program Files (x86)\NVIDIA Corporation\PhysX\Common;C:\Program Files\dotnet\;C:\Program Files\MySQL\MySQL Utilities 1.6\;C:\Program Files (x86)\QuickTime\QTSystem\;C:\Program Files\Common Files\Autodesk Shared\;C:\Program Files (x86)\Autodesk\Backburner\;C:\Program Files (x86)\Skype\Phone\;C:\Program Files (x86)\Git\cmd;C:\Users\armin\AppData\Local\Programs\Python\Python35\Scripts\;C:\Users\armin\AppData\Local\Programs\Python\Python35\;C:\Program Files (x86)\Microsoft VS Code\bin;C:\Users\armin\AppData\Local\Microsoft\WindowsApps;C:\Program Files (x86)\Heroku\bin
USERNAME=armin
OS=Windows_NT
PROCESSOR_IDENTIFIER=Intel64 Family 6 Model 58 Stepping 9, GenuineIntel



---------------  S Y S T E M  ---------------

OS: Windows 10.0 , 64 bit Build 14393 (10.0.14393.1198)

CPU:total 4 (2 cores per cpu, 2 threads per core) family 6 model 58 stepping 9, cmov, cx8, fxsr, mmx, sse, sse2, sse3, ssse3, sse4.1, sse4.2, popcnt, avx, clmul, erms, ht, tsc, tscinvbit, tscinv

Memory: 4k page, physical 4094312k(561456k free), swap 7166312k(4268k free)

vm_info: Java HotSpot(TM) 64-Bit Server VM (25.91-b15) for windows-amd64 JRE (1.8.0_91-b15), built on May 20 2016 17:43:15 by "java_re" with MS VC++ 10.0 (VS2010)

time: Sat Jun 24 15:12:45 2017
elapsed time: 3 seconds (0d 0h 0m 3s)

