#
# There is insufficient memory for the Java Runtime Environment to continue.
# Native memory allocation (malloc) failed to allocate 287744 bytes for Chunk::new
# Possible reasons:
#   The system is out of physical RAM or swap space
#   In 32 bit mode, the process size limit was hit
# Possible solutions:
#   Reduce memory load on the system
#   Increase physical memory or swap space
#   Check if swap backing store is full
#   Use 64 bit Java on a 64 bit OS
#   Decrease Java heap size (-Xmx/-Xms)
#   Decrease number of Java threads
#   Decrease Java thread stack sizes (-Xss)
#   Set larger code cache with -XX:ReservedCodeCacheSize=
# This output file may be truncated or incomplete.
#
#  Out of Memory Error (allocation.cpp:390), pid=9908, tid=7228
#
# JRE version: Java(TM) SE Runtime Environment (8.0_91-b15) (build 1.8.0_91-b15)
# Java VM: Java HotSpot(TM) 64-Bit Server VM (25.91-b15 mixed mode windows-amd64 compressed oops)
# Failed to write core dump. Minidumps are not enabled by default on client versions of Windows
#

---------------  T H R E A D  ---------------

Current thread (0x0000000014d87000):  JavaThread "C2 CompilerThread1" daemon [_thread_in_native, id=7228, stack(0x00000000164c0000,0x00000000165c0000)]

Stack: [0x00000000164c0000,0x00000000165c0000]
[error occurred during error reporting (printing stack bounds), id 0xc0000005]

Native frames: (J=compiled Java code, j=interpreted, Vv=VM code, C=native code)


Current CompileTask:
C2:  14990 1690 %     4       com.android.dx.ssa.SsaConverter::placePhiFunctions @ 229 (394 bytes)


---------------  P R O C E S S  ---------------

Java Threads: ( => current thread )
  0x000000001682e000 JavaThread "pool-2-thread-4" [_thread_in_Java, id=5452, stack(0x00000000170c0000,0x00000000171c0000)]
  0x000000001682d000 JavaThread "pool-2-thread-3" [_thread_in_Java, id=3216, stack(0x0000000016fc0000,0x00000000170c0000)]
  0x000000001682c000 JavaThread "pool-2-thread-2" [_thread_blocked, id=1160, stack(0x0000000016ec0000,0x0000000016fc0000)]
  0x0000000016829800 JavaThread "pool-3-thread-1" [_thread_blocked, id=2028, stack(0x0000000016dc0000,0x0000000016ec0000)]
  0x00000000168cb000 JavaThread "pool-2-thread-1" [_thread_in_Java, id=8612, stack(0x0000000016cc0000,0x0000000016dc0000)]
  0x00000000165d5800 JavaThread "Service Thread" daemon [_thread_blocked, id=7752, stack(0x0000000016ac0000,0x0000000016bc0000)]
  0x00000000165c8800 JavaThread "C1 CompilerThread2" daemon [_thread_blocked, id=5824, stack(0x00000000169c0000,0x0000000016ac0000)]
=>0x0000000014d87000 JavaThread "C2 CompilerThread1" daemon [_thread_in_native, id=7228, stack(0x00000000164c0000,0x00000000165c0000)]
  0x0000000014d85000 JavaThread "C2 CompilerThread0" daemon [_thread_in_native, id=7484, stack(0x00000000163c0000,0x00000000164c0000)]
  0x0000000014d82000 JavaThread "Attach Listener" daemon [_thread_blocked, id=4392, stack(0x00000000162c0000,0x00000000163c0000)]
  0x0000000014d81000 JavaThread "Signal Dispatcher" daemon [_thread_blocked, id=476, stack(0x00000000161c0000,0x00000000162c0000)]
  0x0000000014d6a800 JavaThread "Finalizer" daemon [_thread_blocked, id=8360, stack(0x0000000015fd0000,0x00000000160d0000)]
  0x000000000269f800 JavaThread "Reference Handler" daemon [_thread_blocked, id=8288, stack(0x0000000015ed0000,0x0000000015fd0000)]
  0x000000000099d800 JavaThread "main" [_thread_blocked, id=6032, stack(0x0000000002450000,0x0000000002550000)]

Other Threads:
  0x0000000014d48800 VMThread [stack: 0x0000000015dd0000,0x0000000015ed0000] [id=2084]
  0x00000000165ce000 WatcherThread [stack: 0x0000000016bc0000,0x0000000016cc0000] [id=6192]

VM state:not at safepoint (normal execution)

VM Mutex/Monitor currently owned by a thread: None

Heap:
 PSYoungGen      total 35328K, used 34052K [0x00000000eab00000, 0x00000000ed000000, 0x0000000100000000)
  eden space 32768K, 96% used [0x00000000eab00000,0x00000000ec9c91c8,0x00000000ecb00000)
  from space 2560K, 98% used [0x00000000ecd80000,0x00000000ecff8048,0x00000000ed000000)
  to   space 2560K, 0% used [0x00000000ecb00000,0x00000000ecb00000,0x00000000ecd80000)
 ParOldGen       total 44032K, used 8592K [0x00000000c0000000, 0x00000000c2b00000, 0x00000000eab00000)
  object space 44032K, 19% used [0x00000000c0000000,0x00000000c0864008,0x00000000c2b00000)
 Metaspace       used 6256K, capacity 7090K, committed 7296K, reserved 1056768K
  class space    used 601K, capacity 618K, committed 640K, reserved 1048576K

Card table byte_map: [0x0000000011a70000,0x0000000011c80000] byte_map_base: 0x0000000011470000

Marking Bits: (ParMarkBitMap*) 0x0000000071942f70
 Begin Bits: [0x00000000121e0000, 0x00000000131e0000)
 End Bits:   [0x00000000131e0000, 0x00000000141e0000)

Polling page: 0x00000000005f0000

CodeCache: size=245760Kb used=7256Kb max_used=7256Kb free=238504Kb
 bounds [0x00000000026b0000, 0x0000000002de0000, 0x00000000116b0000]
 total_blobs=1953 nmethods=1684 adapters=181
 compilation: enabled

Compilation events (10 events):
Event: 14.852 Thread 0x00000000165c8800 1694       3       com.android.dx.ssa.InterferenceRegisterMapper::areAnyPinned (81 bytes)
Event: 14.853 Thread 0x00000000165c8800 nmethod 1694 0x0000000002dbde10 code [0x0000000002dbe000, 0x0000000002dbec58]
Event: 14.896 Thread 0x0000000014d87000 nmethod 1682 0x0000000002dca750 code [0x0000000002dca940, 0x0000000002dcc078]
Event: 14.896 Thread 0x0000000014d87000 1690 %     4       com.android.dx.ssa.SsaConverter::placePhiFunctions @ 229 (394 bytes)
Event: 14.961 Thread 0x00000000165c8800 1696       3       com.android.dx.ssa.back.FirstFitLocalCombiningAllocator::processPhiInsn (255 bytes)
Event: 14.964 Thread 0x00000000165c8800 nmethod 1696 0x0000000002dcd4d0 code [0x0000000002dcd8a0, 0x0000000002dcfcd8]
Event: 14.981 Thread 0x00000000165c8800 1697       3       com.android.dx.cf.direct.AttributeFactory::parse0 (53 bytes)
Event: 14.982 Thread 0x00000000165c8800 nmethod 1697 0x0000000002dc3890 code [0x0000000002dc3a80, 0x0000000002dc43e8]
Event: 14.983 Thread 0x00000000165c8800 1698       3       java.util.concurrent.locks.LockSupport::park (23 bytes)
Event: 14.984 Thread 0x00000000165c8800 nmethod 1698 0x0000000002dc0210 code [0x0000000002dc0380, 0x0000000002dc06c8]

GC Heap History (8 events):
Event: 6.370 GC heap before
{Heap before GC invocations=1 (full 0):
 PSYoungGen      total 18944K, used 16384K [0x00000000eab00000, 0x00000000ec000000, 0x0000000100000000)
  eden space 16384K, 100% used [0x00000000eab00000,0x00000000ebb00000,0x00000000ebb00000)
  from space 2560K, 0% used [0x00000000ebd80000,0x00000000ebd80000,0x00000000ec000000)
  to   space 2560K, 0% used [0x00000000ebb00000,0x00000000ebb00000,0x00000000ebd80000)
 ParOldGen       total 44032K, used 0K [0x00000000c0000000, 0x00000000c2b00000, 0x00000000eab00000)
  object space 44032K, 0% used [0x00000000c0000000,0x00000000c0000000,0x00000000c2b00000)
 Metaspace       used 5719K, capacity 6706K, committed 6784K, reserved 1056768K
  class space    used 598K, capacity 618K, committed 640K, reserved 1048576K
Event: 6.410 GC heap after
Heap after GC invocations=1 (full 0):
 PSYoungGen      total 18944K, used 2554K [0x00000000eab00000, 0x00000000ec000000, 0x0000000100000000)
  eden space 16384K, 0% used [0x00000000eab00000,0x00000000eab00000,0x00000000ebb00000)
  from space 2560K, 99% used [0x00000000ebb00000,0x00000000ebd7eab8,0x00000000ebd80000)
  to   space 2560K, 0% used [0x00000000ebd80000,0x00000000ebd80000,0x00000000ec000000)
 ParOldGen       total 44032K, used 1397K [0x00000000c0000000, 0x00000000c2b00000, 0x00000000eab00000)
  object space 44032K, 3% used [0x00000000c0000000,0x00000000c015d648,0x00000000c2b00000)
 Metaspace       used 5719K, capacity 6706K, committed 6784K, reserved 1056768K
  class space    used 598K, capacity 618K, committed 640K, reserved 1048576K
}
Event: 7.938 GC heap before
{Heap before GC invocations=2 (full 0):
 PSYoungGen      total 18944K, used 18938K [0x00000000eab00000, 0x00000000ec000000, 0x0000000100000000)
  eden space 16384K, 100% used [0x00000000eab00000,0x00000000ebb00000,0x00000000ebb00000)
  from space 2560K, 99% used [0x00000000ebb00000,0x00000000ebd7eab8,0x00000000ebd80000)
  to   space 2560K, 0% used [0x00000000ebd80000,0x00000000ebd80000,0x00000000ec000000)
 ParOldGen       total 44032K, used 1397K [0x00000000c0000000, 0x00000000c2b00000, 0x00000000eab00000)
  object space 44032K, 3% used [0x00000000c0000000,0x00000000c015d648,0x00000000c2b00000)
 Metaspace       used 5998K, capacity 6898K, committed 7040K, reserved 1056768K
  class space    used 599K, capacity 618K, committed 640K, reserved 1048576K
Event: 8.513 GC heap after
Heap after GC invocations=2 (full 0):
 PSYoungGen      total 18944K, used 2544K [0x00000000eab00000, 0x00000000ed000000, 0x0000000100000000)
  eden space 16384K, 0% used [0x00000000eab00000,0x00000000eab00000,0x00000000ebb00000)
  from space 2560K, 99% used [0x00000000ebd80000,0x00000000ebffc048,0x00000000ec000000)
  to   space 2560K, 0% used [0x00000000ebb00000,0x00000000ebb00000,0x00000000ebd80000)
 ParOldGen       total 44032K, used 3273K [0x00000000c0000000, 0x00000000c2b00000, 0x00000000eab00000)
  object space 44032K, 7% used [0x00000000c0000000,0x00000000c0332580,0x00000000c2b00000)
 Metaspace       used 5998K, capacity 6898K, committed 7040K, reserved 1056768K
  class space    used 599K, capacity 618K, committed 640K, reserved 1048576K
}
Event: 10.944 GC heap before
{Heap before GC invocations=3 (full 0):
 PSYoungGen      total 18944K, used 18928K [0x00000000eab00000, 0x00000000ed000000, 0x0000000100000000)
  eden space 16384K, 100% used [0x00000000eab00000,0x00000000ebb00000,0x00000000ebb00000)
  from space 2560K, 99% used [0x00000000ebd80000,0x00000000ebffc048,0x00000000ec000000)
  to   space 2560K, 0% used [0x00000000ebb00000,0x00000000ebb00000,0x00000000ebd80000)
 ParOldGen       total 44032K, used 3273K [0x00000000c0000000, 0x00000000c2b00000, 0x00000000eab00000)
  object space 44032K, 7% used [0x00000000c0000000,0x00000000c0332580,0x00000000c2b00000)
 Metaspace       used 6145K, capacity 7026K, committed 7296K, reserved 1056768K
  class space    used 600K, capacity 618K, committed 640K, reserved 1048576K
Event: 11.051 GC heap after
Heap after GC invocations=3 (full 0):
 PSYoungGen      total 18944K, used 2528K [0x00000000eab00000, 0x00000000ed000000, 0x0000000100000000)
  eden space 16384K, 0% used [0x00000000eab00000,0x00000000eab00000,0x00000000ebb00000)
  from space 2560K, 98% used [0x00000000ebb00000,0x00000000ebd78048,0x00000000ebd80000)
  to   space 2560K, 0% used [0x00000000ecd80000,0x00000000ecd80000,0x00000000ed000000)
 ParOldGen       total 44032K, used 5808K [0x00000000c0000000, 0x00000000c2b00000, 0x00000000eab00000)
  object space 44032K, 13% used [0x00000000c0000000,0x00000000c05ac308,0x00000000c2b00000)
 Metaspace       used 6145K, capacity 7026K, committed 7296K, reserved 1056768K
  class space    used 600K, capacity 618K, committed 640K, reserved 1048576K
}
Event: 12.883 GC heap before
{Heap before GC invocations=4 (full 0):
 PSYoungGen      total 18944K, used 18912K [0x00000000eab00000, 0x00000000ed000000, 0x0000000100000000)
  eden space 16384K, 100% used [0x00000000eab00000,0x00000000ebb00000,0x00000000ebb00000)
  from space 2560K, 98% used [0x00000000ebb00000,0x00000000ebd78048,0x00000000ebd80000)
  to   space 2560K, 0% used [0x00000000ecd80000,0x00000000ecd80000,0x00000000ed000000)
 ParOldGen       total 44032K, used 5808K [0x00000000c0000000, 0x00000000c2b00000, 0x00000000eab00000)
  object space 44032K, 13% used [0x00000000c0000000,0x00000000c05ac308,0x00000000c2b00000)
 Metaspace       used 6166K, capacity 7090K, committed 7296K, reserved 1056768K
  class space    used 600K, capacity 618K, committed 640K, reserved 1048576K
Event: 13.093 GC heap after
Heap after GC invocations=4 (full 0):
 PSYoungGen      total 35328K, used 2528K [0x00000000eab00000, 0x00000000ed000000, 0x0000000100000000)
  eden space 32768K, 0% used [0x00000000eab00000,0x00000000eab00000,0x00000000ecb00000)
  from space 2560K, 98% used [0x00000000ecd80000,0x00000000ecff8048,0x00000000ed000000)
  to   space 2560K, 0% used [0x00000000ecb00000,0x00000000ecb00000,0x00000000ecd80000)
 ParOldGen       total 44032K, used 8592K [0x00000000c0000000, 0x00000000c2b00000, 0x00000000eab00000)
  object space 44032K, 19% used [0x00000000c0000000,0x00000000c0864008,0x00000000c2b00000)
 Metaspace       used 6166K, capacity 7090K, committed 7296K, reserved 1056768K
  class space    used 600K, capacity 618K, committed 640K, reserved 1048576K
}

Deoptimization events (10 events):
Event: 10.488 Thread 0x000000001682e000 Uncommon trap: reason=bimorphic action=maybe_recompile pc=0x0000000002bb2298 method=com.android.dx.cf.code.BytecodeArray.parseInstruction(ILcom/android/dx/cf/code/BytecodeArray$Visitor;)I @ 2281
Event: 10.518 Thread 0x000000001682e000 Uncommon trap: reason=class_check action=maybe_recompile pc=0x0000000002c31c24 method=com.android.dx.ssa.SCCP.simulateBranch(Lcom/android/dx/ssa/SsaInsn;)V @ 145
Event: 10.518 Thread 0x000000001682e000 Uncommon trap: reason=class_check action=maybe_recompile pc=0x0000000002c31c24 method=com.android.dx.ssa.SCCP.simulateBranch(Lcom/android/dx/ssa/SsaInsn;)V @ 145
Event: 10.519 Thread 0x000000001682e000 Uncommon trap: reason=class_check action=maybe_recompile pc=0x0000000002c31c24 method=com.android.dx.ssa.SCCP.simulateBranch(Lcom/android/dx/ssa/SsaInsn;)V @ 145
Event: 10.519 Thread 0x000000001682e000 Uncommon trap: reason=class_check action=maybe_recompile pc=0x0000000002c31c24 method=com.android.dx.ssa.SCCP.simulateBranch(Lcom/android/dx/ssa/SsaInsn;)V @ 145
Event: 11.412 Thread 0x000000000099d800 Uncommon trap: reason=unloaded action=reinterpret pc=0x0000000002c03dc4 method=com.android.dx.cf.cst.ConstantPoolParser.parse0(ILjava/util/BitSet;)Lcom/android/dx/rop/cst/Constant; @ 176
Event: 13.251 Thread 0x000000001682c000 Uncommon trap: reason=unloaded action=reinterpret pc=0x0000000002bdab84 method=com.android.dx.ssa.LiteralOpUpgrader$1.visitNonMoveInsn(Lcom/android/dx/ssa/NormalSsaInsn;)V @ 72
Event: 13.252 Thread 0x000000001682c000 Uncommon trap: reason=unstable_if action=reinterpret pc=0x0000000002ab021c method=com.android.dx.ssa.SsaMethod.updateOneDefinition(Lcom/android/dx/ssa/SsaInsn;Lcom/android/dx/rop/code/RegisterSpec;)V @ 4
Event: 13.383 Thread 0x000000001682d000 Uncommon trap: reason=unstable_if action=reinterpret pc=0x0000000002cee7b0 method=com.android.dx.ssa.DeadCodeRemover.pruneDeadInstructions()V @ 49
Event: 13.434 Thread 0x000000001682e000 Uncommon trap: reason=bimorphic action=maybe_recompile pc=0x0000000002927674 method=java.util.HashMap.getNode(ILjava/lang/Object;)Ljava/util/HashMap$Node; @ 126

Internal exceptions (2 events):
Event: 1.140 Thread 0x000000000099d800 Exception <a 'java/lang/NoSuchMethodError': Method sun.misc.Unsafe.defineClass(Ljava/lang/String;[BII)Ljava/lang/Class; name or signature does not match> (0x00000000eab07cc0) thrown at [C:\re\workspace\8-2-build-windows-amd64-cygwin\jdk8u91\7017\hotspot\sr•‚K½`=ò?
Event: 1.140 Thread 0x000000000099d800 Exception <a 'java/lang/NoSuchMethodError': Method sun.misc.Unsafe.prefetchRead(Ljava/lang/Object;J)V name or signature does not match> (0x00000000eab07fa8) thrown at [C:\re\workspace\8-2-build-windows-amd64-cygwin\jdk8u91\7017\hotspot\src\share\vm\prims\j

Events (10 events):
Event: 13.252 Thread 0x000000001682c000 DEOPT PACKING pc=0x0000000002ab021c sp=0x0000000016fbea10
Event: 13.252 Thread 0x000000001682c000 DEOPT UNPACKING pc=0x00000000026f582a sp=0x0000000016fbe9b8 mode 2
Event: 13.383 Thread 0x000000001682d000 Uncommon trap: trap_request=0xffffff65 fr.pc=0x0000000002cee7b0
Event: 13.383 Thread 0x000000001682d000 DEOPT PACKING pc=0x0000000002cee7b0 sp=0x00000000170be520
Event: 13.383 Thread 0x000000001682d000 DEOPT UNPACKING pc=0x00000000026f582a sp=0x00000000170be488 mode 2
Event: 13.434 Thread 0x000000001682e000 Uncommon trap: trap_request=0xffffffc6 fr.pc=0x0000000002927674
Event: 13.434 Thread 0x000000001682e000 DEOPT PACKING pc=0x0000000002927674 sp=0x00000000171be910
Event: 13.434 Thread 0x000000001682e000 DEOPT UNPACKING pc=0x00000000026f582a sp=0x00000000171be828 mode 2
Event: 14.844 loading class com/android/dx/rop/code/RegisterSpec$1
Event: 14.844 loading class com/android/dx/rop/code/RegisterSpec$1 done


Dynamic libraries:
0x00007ff611590000 - 0x00007ff6115c7000 	C:\Program Files\Java\jdk1.8.0_91\bin\java.exe
0x00007ff957f20000 - 0x00007ff9580f1000 	C:\WINDOWS\SYSTEM32\ntdll.dll
0x00007ff9579e0000 - 0x00007ff957a8c000 	C:\WINDOWS\System32\KERNEL32.DLL
0x00007ff954420000 - 0x00007ff95463d000 	C:\WINDOWS\System32\KERNELBASE.dll
0x00007ff955c10000 - 0x00007ff955cb2000 	C:\WINDOWS\System32\ADVAPI32.dll
0x00007ff955610000 - 0x00007ff9556ae000 	C:\WINDOWS\System32\msvcrt.dll
0x00007ff957c60000 - 0x00007ff957cb9000 	C:\WINDOWS\System32\sechost.dll
0x00007ff9554b0000 - 0x00007ff9555d1000 	C:\WINDOWS\System32\RPCRT4.dll
0x00007ff957db0000 - 0x00007ff957f15000 	C:\WINDOWS\System32\USER32.dll
0x00007ff9549c0000 - 0x00007ff9549de000 	C:\WINDOWS\System32\win32u.dll
0x00007ff957cc0000 - 0x00007ff957cf4000 	C:\WINDOWS\System32\GDI32.dll
0x00007ff954640000 - 0x00007ff9547c0000 	C:\WINDOWS\System32\gdi32full.dll
0x00007ff946f10000 - 0x00007ff94718a000 	C:\WINDOWS\WinSxS\amd64_microsoft.windows.common-controls_6595b64144ccf1df_6.0.14393.953_none_42151e83c686086b\COMCTL32.dll
0x00007ff955fe0000 - 0x00007ff9562a8000 	C:\WINDOWS\System32\combase.dll
0x00007ff954860000 - 0x00007ff954955000 	C:\WINDOWS\System32\ucrtbase.dll
0x00007ff955170000 - 0x00007ff9551da000 	C:\WINDOWS\System32\bcryptPrimitives.dll
0x00007ff957c30000 - 0x00007ff957c5e000 	C:\WINDOWS\System32\IMM32.DLL
0x0000000070cb0000 - 0x0000000070d82000 	C:\Program Files\Java\jdk1.8.0_91\jre\bin\msvcr100.dll
0x0000000071130000 - 0x00000000719c3000 	C:\Program Files\Java\jdk1.8.0_91\jre\bin\server\jvm.dll
0x00007ff9555e0000 - 0x00007ff9555e8000 	C:\WINDOWS\System32\PSAPI.DLL
0x00007ff942690000 - 0x00007ff942699000 	C:\WINDOWS\SYSTEM32\WSOCK32.dll
0x00007ff955ba0000 - 0x00007ff955c0a000 	C:\WINDOWS\System32\WS2_32.dll
0x00007ff952810000 - 0x00007ff952833000 	C:\WINDOWS\SYSTEM32\WINMM.dll
0x00007ff94d0f0000 - 0x00007ff94d0fa000 	C:\WINDOWS\SYSTEM32\VERSION.dll
0x00007ff9527e0000 - 0x00007ff95280b000 	C:\WINDOWS\SYSTEM32\WINMMBASE.dll
0x00007ff955460000 - 0x00007ff9554a2000 	C:\WINDOWS\System32\cfgmgr32.dll
0x0000000071120000 - 0x000000007112f000 	C:\Program Files\Java\jdk1.8.0_91\jre\bin\verify.dll
0x00000000710f0000 - 0x0000000071119000 	C:\Program Files\Java\jdk1.8.0_91\jre\bin\java.dll
0x00000000710d0000 - 0x00000000710e6000 	C:\Program Files\Java\jdk1.8.0_91\jre\bin\zip.dll
0x00007ff956470000 - 0x00007ff957978000 	C:\WINDOWS\System32\SHELL32.dll
0x00007ff9549e0000 - 0x00007ff9550ba000 	C:\WINDOWS\System32\windows.storage.dll
0x00007ff954390000 - 0x00007ff9543dc000 	C:\WINDOWS\System32\powrprof.dll
0x00007ff957a90000 - 0x00007ff957ae2000 	C:\WINDOWS\System32\shlwapi.dll
0x00007ff954410000 - 0x00007ff95441f000 	C:\WINDOWS\System32\kernel.appcore.dll
0x00007ff9553b0000 - 0x00007ff955459000 	C:\WINDOWS\System32\shcore.dll
0x00007ff9543f0000 - 0x00007ff954404000 	C:\WINDOWS\System32\profapi.dll

VM Arguments:
jvm_args: -Djava.awt.headless=true -Xmx1024M -Dfile.encoding=windows-1257 -Duser.country=US -Duser.language=en -Duser.variant 
java_command: com.android.dx.command.Main --dex --force-jumbo --num-threads=4 --multi-dex --output C:\Users\armin\AndroidStudioProjects\android-maps-utils-master\demo\build\intermediates\transforms\dex\debug\folders\1000\10\classes_220bdaa32aced48ceb699890a53967c7bc4ab2dd C:\Users\armin\.android\build-cache\0e71b351ebf605717ebe9c6795fee4f9f4d4797b\output\jars\classes.jar
java_class_path (initial): C:\Users\armin\AppData\Local\Android\sdk\build-tools\25.0.1\lib\dx.jar
Launcher Type: SUN_STANDARD

Environment Variables:
PATH=C:\ProgramData\Oracle\Java\javapath;C:\WINDOWS\system32;C:\WINDOWS;C:\WINDOWS\System32\Wbem;C:\WINDOWS\System32\WindowsPowerShell\v1.0\;C:\Program Files (x86)\GtkSharp\2.12\bin;C:\Users\armin\.dnx\bin;C:\Program Files\Microsoft DNX\Dnvm\;C:\Program Files\Microsoft SQL Server\130\Tools\Binn\;C:\Program Files\Git\cmd;C:\Program Files (x86)\NVIDIA Corporation\PhysX\Common;C:\Program Files\dotnet\;C:\Program Files\MySQL\MySQL Utilities 1.6\;C:\Program Files (x86)\QuickTime\QTSystem\;C:\Program Files\Common Files\Autodesk Shared\;C:\Program Files (x86)\Autodesk\Backburner\;C:\Program Files (x86)\Skype\Phone\;C:\Program Files (x86)\Git\cmd;C:\Users\armin\AppData\Local\Programs\Python\Python35\Scripts\;C:\Users\armin\AppData\Local\Programs\Python\Python35\;C:\Program Files (x86)\Microsoft VS Code\bin;C:\Users\armin\AppData\Local\Microsoft\WindowsApps;C:\Program Files (x86)\Heroku\bin
USERNAME=armin
OS=Windows_NT
PROCESSOR_IDENTIFIER=Intel64 Family 6 Model 58 Stepping 9, GenuineIntel



---------------  S Y S T E M  ---------------

OS: Windows 10.0 , 64 bit Build 14393 (10.0.14393.1198)

CPU:total 4 (2 cores per cpu, 2 threads per core) family 6 model 58 stepping 9, cmov, cx8, fxsr, mmx, sse, sse2, sse3, ssse3, sse4.1, sse4.2, popcnt, avx, clmul, erms, ht, tsc, tscinvbit, tscinv

Memory: 4k page, physical 4094312k(586304k free), swap 7166312k(1320k free)

vm_info: Java HotSpot(TM) 64-Bit Server VM (25.91-b15) for windows-amd64 JRE (1.8.0_91-b15), built on May 20 2016 17:43:15 by "java_re" with MS VC++ 10.0 (VS2010)

time: Sat Jun 24 15:11:09 2017
elapsed time: 14 seconds (0d 0h 0m 14s)

