#
# There is insufficient memory for the Java Runtime Environment to continue.
# Native memory allocation (malloc) failed to allocate 424416 bytes for Chunk::new
# Possible reasons:
#   The system is out of physical RAM or swap space
#   In 32 bit mode, the process size limit was hit
# Possible solutions:
#   Reduce memory load on the system
#   Increase physical memory or swap space
#   Check if swap backing store is full
#   Use 64 bit Java on a 64 bit OS
#   Decrease Java heap size (-Xmx/-Xms)
#   Decrease number of Java threads
#   Decrease Java thread stack sizes (-Xss)
#   Set larger code cache with -XX:ReservedCodeCacheSize=
# This output file may be truncated or incomplete.
#
#  Out of Memory Error (allocation.cpp:390), pid=9296, tid=4844
#
# JRE version: Java(TM) SE Runtime Environment (8.0_91-b15) (build 1.8.0_91-b15)
# Java VM: Java HotSpot(TM) 64-Bit Server VM (25.91-b15 mixed mode windows-amd64 compressed oops)
# Failed to write core dump. Minidumps are not enabled by default on client versions of Windows
#

---------------  T H R E A D  ---------------

Current thread (0x0000000015612800):  JavaThread "C2 CompilerThread0" daemon [_thread_in_native, id=4844, stack(0x0000000016b70000,0x0000000016c70000)]

Stack: [0x0000000016b70000,0x0000000016c70000]
[error occurred during error reporting (printing stack bounds), id 0xc0000005]

Native frames: (J=compiled Java code, j=interpreted, Vv=VM code, C=native code)


Current CompileTask:
C2:   2649 1078       4       com.android.dx.ssa.SCCP::simulateStmt (481 bytes)


---------------  P R O C E S S  ---------------

Java Threads: ( => current thread )
  0x0000000016f44800 JavaThread "pool-2-thread-4" [_thread_blocked, id=10164, stack(0x0000000017870000,0x0000000017970000)]
  0x0000000016eb8800 JavaThread "pool-2-thread-3" [_thread_blocked, id=12860, stack(0x0000000017770000,0x0000000017870000)]
  0x0000000016eae000 JavaThread "pool-2-thread-2" [_thread_blocked, id=7900, stack(0x0000000017670000,0x0000000017770000)]
  0x0000000016ea6800 JavaThread "pool-3-thread-1" [_thread_blocked, id=4088, stack(0x0000000017570000,0x0000000017670000)]
  0x0000000016ea5800 JavaThread "pool-2-thread-1" [_thread_blocked, id=10712, stack(0x0000000017470000,0x0000000017570000)]
  0x000000001566d800 JavaThread "Service Thread" daemon [_thread_blocked, id=2196, stack(0x0000000017270000,0x0000000017370000)]
  0x0000000016d78800 JavaThread "C1 CompilerThread2" daemon [_thread_blocked, id=11236, stack(0x0000000017170000,0x0000000017270000)]
  0x0000000015614800 JavaThread "C2 CompilerThread1" daemon [_thread_in_native, id=10500, stack(0x0000000016c70000,0x0000000016d70000)]
=>0x0000000015612800 JavaThread "C2 CompilerThread0" daemon [_thread_in_native, id=4844, stack(0x0000000016b70000,0x0000000016c70000)]
  0x0000000015610000 JavaThread "Attach Listener" daemon [_thread_blocked, id=11444, stack(0x0000000016a70000,0x0000000016b70000)]
  0x000000001560d000 JavaThread "Signal Dispatcher" daemon [_thread_blocked, id=11600, stack(0x0000000016970000,0x0000000016a70000)]
  0x00000000155fa800 JavaThread "Finalizer" daemon [_thread_blocked, id=11048, stack(0x0000000016870000,0x0000000016970000)]
  0x0000000002f2f800 JavaThread "Reference Handler" daemon [_thread_blocked, id=11736, stack(0x0000000016770000,0x0000000016870000)]
  0x0000000002e42800 JavaThread "main" [_thread_in_native, id=9284, stack(0x0000000002c40000,0x0000000002d40000)]

Other Threads:
  0x00000000155d8800 VMThread [stack: 0x0000000016670000,0x0000000016770000] [id=11252]
  0x0000000016d84000 WatcherThread [stack: 0x0000000017370000,0x0000000017470000] [id=10940]

VM state:at safepoint (normal execution)

VM Mutex/Monitor currently owned by a thread:  ([mutex/lock_event])
[0x0000000002e3c1c0] Threads_lock - owner thread: 0x00000000155d8800
[0x0000000002e3cc40] Heap_lock - owner thread: 0x0000000016f44800

Heap:
 PSYoungGen      total 18944K, used 18912K [0x00000000eab00000, 0x00000000ec000000, 0x0000000100000000)
  eden space 16384K, 100% used [0x00000000eab00000,0x00000000ebb00000,0x00000000ebb00000)
  from space 2560K, 98% used [0x00000000ebb00000,0x00000000ebd78018,0x00000000ebd80000)
  to   space 2560K, 80% used [0x00000000ebd80000,0x00000000ebf86378,0x00000000ec000000)
 ParOldGen       total 44032K, used 1428K [0x00000000c0000000, 0x00000000c2b00000, 0x00000000eab00000)
  object space 44032K, 3% used [0x00000000c0000000,0x00000000c01650c0,0x00000000c2b00000)
 Metaspace       used 5806K, capacity 6896K, committed 7040K, reserved 1056768K
  class space    used 582K, capacity 616K, committed 640K, reserved 1048576K

Card table byte_map: [0x0000000012300000,0x0000000012510000] byte_map_base: 0x0000000011d00000

Marking Bits: (ParMarkBitMap*) 0x000000005a5d2f70
 Begin Bits: [0x0000000012a70000, 0x0000000013a70000)
 End Bits:   [0x0000000013a70000, 0x0000000014a70000)

Polling page: 0x0000000001010000

CodeCache: size=245760Kb used=4947Kb max_used=4947Kb free=240813Kb
 bounds [0x0000000002f40000, 0x0000000003420000, 0x0000000011f40000]
 total_blobs=1495 nmethods=1233 adapters=175
 compilation: enabled

Compilation events (10 events):
Event: 2.371 Thread 0x0000000016d78800 1070       3       com.android.dx.cf.iface.StdAttributeList::set (7 bytes)
Event: 2.371 Thread 0x0000000016d78800 nmethod 1070 0x0000000003366ed0 code [0x00000000033670a0, 0x0000000003367888]
Event: 2.372 Thread 0x0000000016d78800 1074       3       java.util.TreeMap$PrivateEntryIterator::hasNext (13 bytes)
Event: 2.372 Thread 0x0000000016d78800 nmethod 1074 0x0000000003366b50 code [0x0000000003366ca0, 0x0000000003366e50]
Event: 2.372 Thread 0x0000000016d78800 1076       1       com.android.dx.cf.iface.StdMember::getNat (5 bytes)
Event: 2.372 Thread 0x0000000016d78800 nmethod 1076 0x0000000003359610 code [0x0000000003359760, 0x0000000003359870]
Event: 2.378 Thread 0x0000000016d78800 1079       3       com.android.dx.ssa.SsaRenamer::setNameForSsaReg (54 bytes)
Event: 2.380 Thread 0x0000000016d78800 nmethod 1079 0x0000000003374190 code [0x00000000033743c0, 0x00000000033750f8]
Event: 2.382 Thread 0x0000000016d78800 1082       3       com.android.dx.rop.cst.CstString::stringToUtf8Bytes (175 bytes)
Event: 2.383 Thread 0x0000000016d78800 nmethod 1082 0x0000000003360890 code [0x0000000003360a60, 0x00000000033612d8]

GC Heap History (2 events):
Event: 1.853 GC heap before
{Heap before GC invocations=1 (full 0):
 PSYoungGen      total 18944K, used 16384K [0x00000000eab00000, 0x00000000ec000000, 0x0000000100000000)
  eden space 16384K, 100% used [0x00000000eab00000,0x00000000ebb00000,0x00000000ebb00000)
  from space 2560K, 0% used [0x00000000ebd80000,0x00000000ebd80000,0x00000000ec000000)
  to   space 2560K, 0% used [0x00000000ebb00000,0x00000000ebb00000,0x00000000ebd80000)
 ParOldGen       total 44032K, used 0K [0x00000000c0000000, 0x00000000c2b00000, 0x00000000eab00000)
  object space 44032K, 0% used [0x00000000c0000000,0x00000000c0000000,0x00000000c2b00000)
 Metaspace       used 5616K, capacity 6768K, committed 7040K, reserved 1056768K
  class space    used 579K, capacity 616K, committed 640K, reserved 1048576K
Event: 1.863 GC heap after
Heap after GC invocations=1 (full 0):
 PSYoungGen      total 18944K, used 2528K [0x00000000eab00000, 0x00000000ec000000, 0x0000000100000000)
  eden space 16384K, 0% used [0x00000000eab00000,0x00000000eab00000,0x00000000ebb00000)
  from space 2560K, 98% used [0x00000000ebb00000,0x00000000ebd78018,0x00000000ebd80000)
  to   space 2560K, 0% used [0x00000000ebd80000,0x00000000ebd80000,0x00000000ec000000)
 ParOldGen       total 44032K, used 1420K [0x00000000c0000000, 0x00000000c2b00000, 0x00000000eab00000)
  object space 44032K, 3% used [0x00000000c0000000,0x00000000c01630c0,0x00000000c2b00000)
 Metaspace       used 5616K, capacity 6768K, committed 7040K, reserved 1056768K
  class space    used 579K, capacity 616K, committed 640K, reserved 1048576K
}

Deoptimization events (5 events):
Event: 0.656 Thread 0x0000000016ea5800 Uncommon trap: reason=unstable_if action=reinterpret pc=0x00000000030fcc98 method=java.util.HashMap.getNode(ILjava/lang/Object;)Ljava/util/HashMap$Node; @ 129
Event: 0.735 Thread 0x0000000016f44800 Uncommon trap: reason=unstable_if action=reinterpret pc=0x0000000003113670 method=java.util.BitSet.nextSetBit(I)I @ 87
Event: 1.480 Thread 0x0000000016eb8800 Uncommon trap: reason=class_check action=maybe_recompile pc=0x000000000312f870 method=com.android.dx.ssa.NormalSsaInsn.accept(Lcom/android/dx/ssa/SsaInsn$Visitor;)V @ 9
Event: 2.022 Thread 0x0000000016eb8800 Uncommon trap: reason=unloaded action=reinterpret pc=0x0000000003223058 method=com.android.dx.ssa.SsaRenamer$BlockRenamer.visitMoveInsn(Lcom/android/dx/ssa/NormalSsaInsn;)V @ 208
Event: 2.375 Thread 0x0000000016f44800 Uncommon trap: reason=unstable_if action=reinterpret pc=0x000000000331991c method=com.android.dx.rop.cst.Constant.compareTo(Lcom/android/dx/rop/cst/Constant;)I @ 12

Internal exceptions (2 events):
Event: 0.050 Thread 0x0000000002e42800 Exception <a 'java/lang/NoSuchMethodError': Method sun.misc.Unsafe.defineClass(Ljava/lang/String;[BII)Ljava/lang/Class; name or signature does not match> (0x00000000eab07cc0) thrown at [C:\re\workspace\8-2-build-windows-amd64-cygwin\jdk8u91\7017\hotspot\sr<™KÅ´©?
Event: 0.050 Thread 0x0000000002e42800 Exception <a 'java/lang/NoSuchMethodError': Method sun.misc.Unsafe.prefetchRead(Ljava/lang/Object;J)V name or signature does not match> (0x00000000eab07fa8) thrown at [C:\re\workspace\8-2-build-windows-amd64-cygwin\jdk8u91\7017\hotspot\src\share\vm\prims\j

Events (10 events):
Event: 1.515 loading class com/android/dx/cf/attrib/AttEnclosingMethod
Event: 1.515 loading class com/android/dx/cf/attrib/AttEnclosingMethod done
Event: 1.852 Executing VM operation: ParallelGCFailedAllocation
Event: 1.863 Executing VM operation: ParallelGCFailedAllocation done
Event: 2.022 Thread 0x0000000016eb8800 Uncommon trap: trap_request=0x00000035 fr.pc=0x0000000003223058
Event: 2.022 Thread 0x0000000016eb8800 DEOPT PACKING pc=0x0000000003223058 sp=0x000000001786e710
Event: 2.022 Thread 0x0000000016eb8800 DEOPT UNPACKING pc=0x0000000002f8582a sp=0x000000001786e620 mode 2
Event: 2.375 Thread 0x0000000016f44800 Uncommon trap: trap_request=0xffffff65 fr.pc=0x000000000331991c
Event: 2.375 Thread 0x0000000016f44800 DEOPT PACKING pc=0x000000000331991c sp=0x000000001796e570
Event: 2.375 Thread 0x0000000016f44800 DEOPT UNPACKING pc=0x0000000002f8582a sp=0x000000001796e510 mode 2


Dynamic libraries:
0x00007ff7da970000 - 0x00007ff7da9a7000 	C:\Program Files\Java\jdk1.8.0_91\bin\java.exe
0x00007ff9894a0000 - 0x00007ff989671000 	C:\WINDOWS\SYSTEM32\ntdll.dll
0x00007ff986a30000 - 0x00007ff986adc000 	C:\WINDOWS\System32\KERNEL32.DLL
0x00007ff986520000 - 0x00007ff98673d000 	C:\WINDOWS\System32\KERNELBASE.dll
0x00007ff987040000 - 0x00007ff9870e2000 	C:\WINDOWS\System32\ADVAPI32.dll
0x00007ff989030000 - 0x00007ff9890ce000 	C:\WINDOWS\System32\msvcrt.dll
0x00007ff9876a0000 - 0x00007ff9876f9000 	C:\WINDOWS\System32\sechost.dll
0x00007ff987570000 - 0x00007ff987691000 	C:\WINDOWS\System32\RPCRT4.dll
0x00007ff987340000 - 0x00007ff9874a5000 	C:\WINDOWS\System32\USER32.dll
0x00007ff986740000 - 0x00007ff98675e000 	C:\WINDOWS\System32\win32u.dll
0x00007ff987160000 - 0x00007ff987194000 	C:\WINDOWS\System32\GDI32.dll
0x00007ff986850000 - 0x00007ff9869d0000 	C:\WINDOWS\System32\gdi32full.dll
0x00007ff976c40000 - 0x00007ff976eba000 	C:\WINDOWS\WinSxS\amd64_microsoft.windows.common-controls_6595b64144ccf1df_6.0.14393.953_none_42151e83c686086b\COMCTL32.dll
0x00007ff989140000 - 0x00007ff989408000 	C:\WINDOWS\System32\combase.dll
0x00007ff986420000 - 0x00007ff986515000 	C:\WINDOWS\System32\ucrtbase.dll
0x00007ff9861e0000 - 0x00007ff98624a000 	C:\WINDOWS\System32\bcryptPrimitives.dll
0x00007ff989410000 - 0x00007ff98943e000 	C:\WINDOWS\System32\IMM32.DLL
0x000000005a660000 - 0x000000005a732000 	C:\Program Files\Java\jdk1.8.0_91\jre\bin\msvcr100.dll
0x0000000059dc0000 - 0x000000005a653000 	C:\Program Files\Java\jdk1.8.0_91\jre\bin\server\jvm.dll
0x00007ff986f30000 - 0x00007ff986f38000 	C:\WINDOWS\System32\PSAPI.DLL
0x00007ff972bf0000 - 0x00007ff972bf9000 	C:\WINDOWS\SYSTEM32\WSOCK32.dll
0x00007ff983d90000 - 0x00007ff983db3000 	C:\WINDOWS\SYSTEM32\WINMM.dll
0x00007ff9870f0000 - 0x00007ff98715a000 	C:\WINDOWS\System32\WS2_32.dll
0x00007ff981d00000 - 0x00007ff981d0a000 	C:\WINDOWS\SYSTEM32\VERSION.dll
0x00007ff983d60000 - 0x00007ff983d8b000 	C:\WINDOWS\SYSTEM32\winmmbase.dll
0x00007ff986800000 - 0x00007ff986842000 	C:\WINDOWS\System32\cfgmgr32.dll
0x0000000059db0000 - 0x0000000059dbf000 	C:\Program Files\Java\jdk1.8.0_91\jre\bin\verify.dll
0x0000000059d80000 - 0x0000000059da9000 	C:\Program Files\Java\jdk1.8.0_91\jre\bin\java.dll
0x0000000059d60000 - 0x0000000059d76000 	C:\Program Files\Java\jdk1.8.0_91\jre\bin\zip.dll
0x00007ff9879c0000 - 0x00007ff988ec8000 	C:\WINDOWS\System32\SHELL32.dll
0x00007ff9859a0000 - 0x00007ff98607a000 	C:\WINDOWS\System32\windows.storage.dll
0x00007ff985920000 - 0x00007ff98596c000 	C:\WINDOWS\System32\powrprof.dll
0x00007ff9890d0000 - 0x00007ff989122000 	C:\WINDOWS\System32\shlwapi.dll
0x00007ff985910000 - 0x00007ff98591f000 	C:\WINDOWS\System32\kernel.appcore.dll
0x00007ff986130000 - 0x00007ff9861d9000 	C:\WINDOWS\System32\shcore.dll
0x00007ff985970000 - 0x00007ff985984000 	C:\WINDOWS\System32\profapi.dll

VM Arguments:
jvm_args: -Djava.awt.headless=true -Xmx1024M -Dfile.encoding=windows-1257 -Duser.country=US -Duser.language=en -Duser.variant 
java_command: com.android.dx.command.Main --dex --force-jumbo --num-threads=4 --multi-dex --output C:\Users\armin\AndroidStudioProjects\android-maps-utils-master\demo\build\intermediates\transforms\dex\debug\folders\1000\5\slice_2 C:\Users\armin\AndroidStudioProjects\android-maps-utils-master\demo\build\intermediates\transforms\instantRunSlicer\debug\folders\1\5\slice_2
java_class_path (initial): C:\Users\armin\AppData\Local\Android\sdk\build-tools\25.0.1\lib\dx.jar
Launcher Type: SUN_STANDARD

Environment Variables:
PATH=C:\ProgramData\Oracle\Java\javapath;C:\WINDOWS\system32;C:\WINDOWS;C:\WINDOWS\System32\Wbem;C:\WINDOWS\System32\WindowsPowerShell\v1.0\;C:\Program Files (x86)\GtkSharp\2.12\bin;C:\Users\armin\.dnx\bin;C:\Program Files\Microsoft DNX\Dnvm\;C:\Program Files\Microsoft SQL Server\130\Tools\Binn\;C:\Program Files\Git\cmd;C:\Program Files (x86)\NVIDIA Corporation\PhysX\Common;C:\Program Files\dotnet\;C:\Program Files\MySQL\MySQL Utilities 1.6\;C:\Program Files (x86)\QuickTime\QTSystem\;C:\Program Files\Common Files\Autodesk Shared\;C:\Program Files (x86)\Autodesk\Backburner\;C:\Program Files (x86)\Skype\Phone\;C:\Program Files (x86)\Git\cmd;C:\Users\armin\AppData\Local\Programs\Python\Python35\Scripts\;C:\Users\armin\AppData\Local\Programs\Python\Python35\;C:\Program Files (x86)\Microsoft VS Code\bin;C:\Users\armin\AppData\Local\Microsoft\WindowsApps;C:\Program Files (x86)\Heroku\bin
USERNAME=armin
OS=Windows_NT
PROCESSOR_IDENTIFIER=Intel64 Family 6 Model 58 Stepping 9, GenuineIntel



---------------  S Y S T E M  ---------------

OS: Windows 10.0 , 64 bit Build 14393 (10.0.14393.1198)

CPU:total 4 (2 cores per cpu, 2 threads per core) family 6 model 58 stepping 9, cmov, cx8, fxsr, mmx, sse, sse2, sse3, ssse3, sse4.1, sse4.2, popcnt, avx, clmul, erms, ht, tsc, tscinvbit, tscinv

Memory: 4k page, physical 4094312k(499708k free), swap 7166312k(5136k free)

vm_info: Java HotSpot(TM) 64-Bit Server VM (25.91-b15) for windows-amd64 JRE (1.8.0_91-b15), built on May 20 2016 17:43:15 by "java_re" with MS VC++ 10.0 (VS2010)

time: Sun Jun 25 14:27:50 2017
elapsed time: 3 seconds (0d 0h 0m 3s)

